[2022-12-15 15:11:31,585 ] 14 root-INFO->>>>>>>>>>>>>>>>>>>>>>>>>>>>>>>>>>>>>>>> Data Ingestion <<<<<<<<<<<<<<<<<<<<<<<<<<<<<<<<<<<<<<<<
[2022-12-15 15:11:31,586 ] 21 root-INFO-Exporting collection data as pandas dataframe
[2022-12-15 15:11:39,238 ] 12 root-INFO-Found columns: Index(['_id', 'class', 'aa_000', 'ab_000', 'ac_000', 'ad_000', 'ae_000',
       'af_000', 'ag_000', 'ag_001',
       ...
       'ee_002', 'ee_003', 'ee_004', 'ee_005', 'ee_006', 'ee_007', 'ee_008',
       'ee_009', 'ef_000', 'eg_000'],
      dtype='object', length=172)
[2022-12-15 15:11:39,240 ] 14 root-INFO-Dropping column: _id 
[2022-12-15 15:11:40,229 ] 16 root-INFO-Row and columns in df: (36188, 171)
[2022-12-15 15:11:40,230 ] 27 root-INFO-Save data in feature store
[2022-12-15 15:11:41,429 ] 32 root-INFO-Create feature store folder if not available
[2022-12-15 15:11:41,429 ] 36 root-INFO-Save df to feature store folder
[2022-12-15 15:11:45,941 ] 41 root-INFO-split dataset into train and test set
[2022-12-15 15:11:47,757 ] 45 root-INFO-create dataset directory folder if not available
[2022-12-15 15:11:47,758 ] 50 root-INFO-Save df to feature store folder
[2022-12-15 15:11:51,841 ] 62 root-INFO-Data ingestion artifact: DataIngestionArtifact(feature_store_file_path='/config/workspace/artifact/12152022__151131/data_ingestion/feature_store/sensor.csv', train_file_path='/config/workspace/artifact/12152022__151131/data_ingestion/dataset/train.csv', test_file_path='/config/workspace/artifact/12152022__151131/data_ingestion/dataset/test.csv')
[2022-12-15 15:11:52,924 ] 21 root-INFO-Exporting collection data as pandas dataframe
[2022-12-15 15:11:59,844 ] 12 root-INFO-Found columns: Index(['_id', 'class', 'aa_000', 'ab_000', 'ac_000', 'ad_000', 'ae_000',
       'af_000', 'ag_000', 'ag_001',
       ...
       'ee_002', 'ee_003', 'ee_004', 'ee_005', 'ee_006', 'ee_007', 'ee_008',
       'ee_009', 'ef_000', 'eg_000'],
      dtype='object', length=172)
[2022-12-15 15:11:59,844 ] 14 root-INFO-Dropping column: _id 
[2022-12-15 15:12:00,446 ] 16 root-INFO-Row and columns in df: (36188, 171)
[2022-12-15 15:12:00,446 ] 27 root-INFO-Save data in feature store
[2022-12-15 15:12:01,646 ] 32 root-INFO-Create feature store folder if not available
[2022-12-15 15:12:01,647 ] 36 root-INFO-Save df to feature store folder
[2022-12-15 15:12:06,372 ] 41 root-INFO-split dataset into train and test set
[2022-12-15 15:12:08,105 ] 45 root-INFO-create dataset directory folder if not available
[2022-12-15 15:12:08,106 ] 50 root-INFO-Save df to feature store folder
[2022-12-15 15:12:12,307 ] 62 root-INFO-Data ingestion artifact: DataIngestionArtifact(feature_store_file_path='/config/workspace/artifact/12152022__151131/data_ingestion/feature_store/sensor.csv', train_file_path='/config/workspace/artifact/12152022__151131/data_ingestion/dataset/train.csv', test_file_path='/config/workspace/artifact/12152022__151131/data_ingestion/dataset/test.csv')
[2022-12-15 15:12:13,465 ] 19 root-INFO->>>>>>>>>>>>>>>>>>>>>>>>>>>>>>>>>>>>>>>> Data Validation <<<<<<<<<<<<<<<<<<<<<<<<<<<<<<<<<<<<<<<<
[2022-12-15 15:12:13,465 ] 107 root-INFO-Reading base dataframe
[2022-12-15 15:12:18,853 ] 110 root-INFO-Replace na value in base df
[2022-12-15 15:12:18,854 ] 112 root-INFO-Drop null values colums from base df
[2022-12-15 15:12:20,335 ] 40 root-INFO-selecting column name which contains null above to 0.2
[2022-12-15 15:12:20,336 ] 43 root-INFO-Columns to drop: ['ab_000', 'ad_000', 'bk_000', 'bl_000', 'bm_000', 'bn_000', 'bo_000', 'bp_000', 'bq_000', 'br_000', 'cf_000', 'cg_000', 'ch_000', 'co_000', 'cr_000', 'ct_000', 'cu_000', 'cv_000', 'cx_000', 'cy_000', 'cz_000', 'da_000', 'db_000', 'dc_000']
[2022-12-15 15:12:20,518 ] 115 root-INFO-Reading train dataframe
[2022-12-15 15:12:21,251 ] 117 root-INFO-Reading test dataframe
[2022-12-15 15:12:21,435 ] 120 root-INFO-Drop null values colums from train df
[2022-12-15 15:12:21,457 ] 40 root-INFO-selecting column name which contains null above to 0.2
[2022-12-15 15:12:21,458 ] 43 root-INFO-Columns to drop: ['ab_000', 'ad_000', 'bk_000', 'bl_000', 'bm_000', 'bn_000', 'bo_000', 'bp_000', 'bq_000', 'br_000', 'cf_000', 'cg_000', 'ch_000', 'co_000', 'cr_000', 'ct_000', 'cu_000', 'cv_000', 'cx_000', 'cy_000', 'cz_000', 'da_000', 'db_000', 'dc_000']
[2022-12-15 15:12:21,477 ] 122 root-INFO-Drop null values colums from test df
[2022-12-15 15:12:21,485 ] 40 root-INFO-selecting column name which contains null above to 0.2
[2022-12-15 15:12:21,486 ] 43 root-INFO-Columns to drop: ['ab_000', 'ad_000', 'bk_000', 'bl_000', 'bm_000', 'bn_000', 'bo_000', 'bp_000', 'bq_000', 'br_000', 'cf_000', 'cg_000', 'ch_000', 'co_000', 'cr_000', 'ct_000', 'cu_000', 'cv_000', 'cx_000', 'cy_000', 'cz_000', 'da_000', 'db_000', 'dc_000']
[2022-12-15 15:12:32,977 ] 131 root-INFO-Is all required columns present in train df
[2022-12-15 15:12:32,977 ] 133 root-INFO-Is all required columns present in test df
[2022-12-15 15:12:32,978 ] 137 root-INFO-As all column are available in train df hence detecting data drift
[2022-12-15 15:12:32,978 ] 85 root-INFO-Hypothesis class: object, object 
[2022-12-15 15:12:33,183 ] 85 root-INFO-Hypothesis aa_000: float64, float64 
[2022-12-15 15:12:33,198 ] 85 root-INFO-Hypothesis ac_000: float64, float64 
[2022-12-15 15:12:33,254 ] 85 root-INFO-Hypothesis ae_000: float64, float64 
[2022-12-15 15:12:33,305 ] 85 root-INFO-Hypothesis af_000: float64, float64 
[2022-12-15 15:12:33,356 ] 85 root-INFO-Hypothesis ag_000: float64, float64 
[2022-12-15 15:12:33,406 ] 85 root-INFO-Hypothesis ag_001: float64, float64 
[2022-12-15 15:12:33,456 ] 85 root-INFO-Hypothesis ag_002: float64, float64 
[2022-12-15 15:12:33,507 ] 85 root-INFO-Hypothesis ag_003: float64, float64 
[2022-12-15 15:12:33,517 ] 85 root-INFO-Hypothesis ag_004: float64, float64 
[2022-12-15 15:12:33,532 ] 85 root-INFO-Hypothesis ag_005: float64, float64 
[2022-12-15 15:12:33,547 ] 85 root-INFO-Hypothesis ag_006: float64, float64 
[2022-12-15 15:12:33,563 ] 85 root-INFO-Hypothesis ag_007: float64, float64 
[2022-12-15 15:12:33,577 ] 85 root-INFO-Hypothesis ag_008: float64, float64 
[2022-12-15 15:12:33,590 ] 85 root-INFO-Hypothesis ag_009: float64, float64 
[2022-12-15 15:12:33,601 ] 85 root-INFO-Hypothesis ah_000: float64, float64 
[2022-12-15 15:12:33,616 ] 85 root-INFO-Hypothesis ai_000: float64, float64 
[2022-12-15 15:12:33,675 ] 85 root-INFO-Hypothesis aj_000: float64, float64 
[2022-12-15 15:12:33,686 ] 85 root-INFO-Hypothesis ak_000: float64, float64 
[2022-12-15 15:12:33,739 ] 85 root-INFO-Hypothesis al_000: float64, float64 
[2022-12-15 15:12:33,751 ] 85 root-INFO-Hypothesis am_0: float64, float64 
[2022-12-15 15:12:33,762 ] 85 root-INFO-Hypothesis an_000: float64, float64 
[2022-12-15 15:12:33,778 ] 85 root-INFO-Hypothesis ao_000: float64, float64 
[2022-12-15 15:12:33,793 ] 85 root-INFO-Hypothesis ap_000: float64, float64 
[2022-12-15 15:12:33,808 ] 85 root-INFO-Hypothesis aq_000: float64, float64 
[2022-12-15 15:12:33,823 ] 85 root-INFO-Hypothesis ar_000: float64, float64 
[2022-12-15 15:12:33,875 ] 85 root-INFO-Hypothesis as_000: float64, float64 
[2022-12-15 15:12:33,925 ] 85 root-INFO-Hypothesis at_000: float64, float64 
[2022-12-15 15:12:33,977 ] 85 root-INFO-Hypothesis au_000: float64, float64 
[2022-12-15 15:12:34,027 ] 85 root-INFO-Hypothesis av_000: float64, float64 
[2022-12-15 15:12:34,040 ] 85 root-INFO-Hypothesis ax_000: float64, float64 
[2022-12-15 15:12:34,053 ] 85 root-INFO-Hypothesis ay_000: float64, float64 
[2022-12-15 15:12:34,103 ] 85 root-INFO-Hypothesis ay_001: float64, float64 
[2022-12-15 15:12:34,153 ] 85 root-INFO-Hypothesis ay_002: float64, float64 
[2022-12-15 15:12:34,204 ] 85 root-INFO-Hypothesis ay_003: float64, float64 
[2022-12-15 15:12:34,253 ] 85 root-INFO-Hypothesis ay_004: float64, float64 
[2022-12-15 15:12:34,303 ] 85 root-INFO-Hypothesis ay_005: float64, float64 
[2022-12-15 15:12:34,358 ] 85 root-INFO-Hypothesis ay_006: float64, float64 
[2022-12-15 15:12:34,372 ] 85 root-INFO-Hypothesis ay_007: float64, float64 
[2022-12-15 15:12:34,387 ] 85 root-INFO-Hypothesis ay_008: float64, float64 
[2022-12-15 15:12:34,402 ] 85 root-INFO-Hypothesis ay_009: float64, float64 
[2022-12-15 15:12:34,451 ] 85 root-INFO-Hypothesis az_000: float64, float64 
[2022-12-15 15:12:34,465 ] 85 root-INFO-Hypothesis az_001: float64, float64 
[2022-12-15 15:12:34,479 ] 85 root-INFO-Hypothesis az_002: float64, float64 
[2022-12-15 15:12:34,493 ] 85 root-INFO-Hypothesis az_003: float64, float64 
[2022-12-15 15:12:34,508 ] 85 root-INFO-Hypothesis az_004: float64, float64 
[2022-12-15 15:12:34,523 ] 85 root-INFO-Hypothesis az_005: float64, float64 
[2022-12-15 15:12:34,539 ] 85 root-INFO-Hypothesis az_006: float64, float64 
[2022-12-15 15:12:34,595 ] 85 root-INFO-Hypothesis az_007: float64, float64 
[2022-12-15 15:12:34,648 ] 85 root-INFO-Hypothesis az_008: float64, float64 
[2022-12-15 15:12:34,699 ] 85 root-INFO-Hypothesis az_009: float64, float64 
[2022-12-15 15:12:34,749 ] 85 root-INFO-Hypothesis ba_000: float64, float64 
[2022-12-15 15:12:34,764 ] 85 root-INFO-Hypothesis ba_001: float64, float64 
[2022-12-15 15:12:34,779 ] 85 root-INFO-Hypothesis ba_002: float64, float64 
[2022-12-15 15:12:34,800 ] 85 root-INFO-Hypothesis ba_003: float64, float64 
[2022-12-15 15:12:34,816 ] 85 root-INFO-Hypothesis ba_004: float64, float64 
[2022-12-15 15:12:34,831 ] 85 root-INFO-Hypothesis ba_005: float64, float64 
[2022-12-15 15:12:34,846 ] 85 root-INFO-Hypothesis ba_006: float64, float64 
[2022-12-15 15:12:34,861 ] 85 root-INFO-Hypothesis ba_007: float64, float64 
[2022-12-15 15:12:34,875 ] 85 root-INFO-Hypothesis ba_008: float64, float64 
[2022-12-15 15:12:34,931 ] 85 root-INFO-Hypothesis ba_009: float64, float64 
[2022-12-15 15:12:34,985 ] 85 root-INFO-Hypothesis bb_000: float64, float64 
[2022-12-15 15:12:35,000 ] 85 root-INFO-Hypothesis bc_000: float64, float64 
[2022-12-15 15:12:35,056 ] 85 root-INFO-Hypothesis bd_000: float64, float64 
[2022-12-15 15:12:35,069 ] 85 root-INFO-Hypothesis be_000: float64, float64 
[2022-12-15 15:12:35,082 ] 85 root-INFO-Hypothesis bf_000: float64, float64 
[2022-12-15 15:12:35,093 ] 85 root-INFO-Hypothesis bg_000: float64, float64 
[2022-12-15 15:12:35,108 ] 85 root-INFO-Hypothesis bh_000: float64, float64 
[2022-12-15 15:12:35,123 ] 85 root-INFO-Hypothesis bi_000: float64, float64 
[2022-12-15 15:12:35,139 ] 85 root-INFO-Hypothesis bj_000: float64, float64 
[2022-12-15 15:12:35,154 ] 85 root-INFO-Hypothesis bs_000: float64, float64 
[2022-12-15 15:12:35,169 ] 85 root-INFO-Hypothesis bt_000: float64, float64 
[2022-12-15 15:12:35,185 ] 85 root-INFO-Hypothesis bu_000: float64, float64 
[2022-12-15 15:12:35,200 ] 85 root-INFO-Hypothesis bv_000: float64, float64 
[2022-12-15 15:12:35,215 ] 85 root-INFO-Hypothesis bx_000: float64, float64 
[2022-12-15 15:12:35,230 ] 85 root-INFO-Hypothesis by_000: float64, float64 
[2022-12-15 15:12:35,245 ] 85 root-INFO-Hypothesis bz_000: float64, float64 
[2022-12-15 15:12:35,258 ] 85 root-INFO-Hypothesis ca_000: float64, float64 
[2022-12-15 15:12:35,273 ] 85 root-INFO-Hypothesis cb_000: float64, float64 
[2022-12-15 15:12:35,289 ] 85 root-INFO-Hypothesis cc_000: float64, float64 
[2022-12-15 15:12:35,304 ] 85 root-INFO-Hypothesis cd_000: float64, float64 
[2022-12-15 15:12:35,355 ] 85 root-INFO-Hypothesis ce_000: float64, float64 
[2022-12-15 15:12:35,369 ] 85 root-INFO-Hypothesis ci_000: float64, float64 
[2022-12-15 15:12:35,384 ] 85 root-INFO-Hypothesis cj_000: float64, float64 
[2022-12-15 15:12:35,437 ] 85 root-INFO-Hypothesis ck_000: float64, float64 
[2022-12-15 15:12:35,452 ] 85 root-INFO-Hypothesis cl_000: float64, float64 
[2022-12-15 15:12:35,462 ] 85 root-INFO-Hypothesis cm_000: float64, float64 
[2022-12-15 15:12:35,474 ] 85 root-INFO-Hypothesis cn_000: float64, float64 
[2022-12-15 15:12:35,525 ] 85 root-INFO-Hypothesis cn_001: float64, float64 
[2022-12-15 15:12:35,578 ] 85 root-INFO-Hypothesis cn_002: float64, float64 
[2022-12-15 15:12:35,590 ] 85 root-INFO-Hypothesis cn_003: float64, float64 
[2022-12-15 15:12:35,606 ] 85 root-INFO-Hypothesis cn_004: float64, float64 
[2022-12-15 15:12:35,621 ] 85 root-INFO-Hypothesis cn_005: float64, float64 
[2022-12-15 15:12:35,636 ] 85 root-INFO-Hypothesis cn_006: float64, float64 
[2022-12-15 15:12:35,651 ] 85 root-INFO-Hypothesis cn_007: float64, float64 
[2022-12-15 15:12:35,665 ] 85 root-INFO-Hypothesis cn_008: float64, float64 
[2022-12-15 15:12:35,679 ] 85 root-INFO-Hypothesis cn_009: float64, float64 
[2022-12-15 15:12:35,735 ] 85 root-INFO-Hypothesis cp_000: float64, float64 
[2022-12-15 15:12:35,790 ] 85 root-INFO-Hypothesis cq_000: float64, float64 
[2022-12-15 15:12:35,805 ] 85 root-INFO-Hypothesis cs_000: float64, float64 
[2022-12-15 15:12:35,819 ] 85 root-INFO-Hypothesis cs_001: float64, float64 
[2022-12-15 15:12:35,833 ] 85 root-INFO-Hypothesis cs_002: float64, float64 
[2022-12-15 15:12:35,848 ] 85 root-INFO-Hypothesis cs_003: float64, float64 
[2022-12-15 15:12:35,863 ] 85 root-INFO-Hypothesis cs_004: float64, float64 
[2022-12-15 15:12:35,878 ] 85 root-INFO-Hypothesis cs_005: float64, float64 
[2022-12-15 15:12:35,893 ] 85 root-INFO-Hypothesis cs_006: float64, float64 
[2022-12-15 15:12:35,908 ] 85 root-INFO-Hypothesis cs_007: float64, float64 
[2022-12-15 15:12:35,923 ] 85 root-INFO-Hypothesis cs_008: float64, float64 
[2022-12-15 15:12:35,978 ] 85 root-INFO-Hypothesis cs_009: float64, float64 
[2022-12-15 15:12:36,031 ] 85 root-INFO-Hypothesis dd_000: float64, float64 
[2022-12-15 15:12:36,046 ] 85 root-INFO-Hypothesis de_000: float64, float64 
[2022-12-15 15:12:36,059 ] 85 root-INFO-Hypothesis df_000: float64, float64 
[2022-12-15 15:12:36,110 ] 85 root-INFO-Hypothesis dg_000: float64, float64 
[2022-12-15 15:12:36,161 ] 85 root-INFO-Hypothesis dh_000: float64, float64 
[2022-12-15 15:12:36,171 ] 85 root-INFO-Hypothesis di_000: float64, float64 
[2022-12-15 15:12:36,224 ] 85 root-INFO-Hypothesis dj_000: float64, float64 
[2022-12-15 15:12:36,276 ] 85 root-INFO-Hypothesis dk_000: float64, float64 
[2022-12-15 15:12:36,327 ] 85 root-INFO-Hypothesis dl_000: float64, float64 
[2022-12-15 15:12:36,378 ] 85 root-INFO-Hypothesis dm_000: float64, float64 
[2022-12-15 15:12:36,428 ] 85 root-INFO-Hypothesis dn_000: float64, float64 
[2022-12-15 15:12:36,443 ] 85 root-INFO-Hypothesis do_000: float64, float64 
[2022-12-15 15:12:36,457 ] 85 root-INFO-Hypothesis dp_000: float64, float64 
[2022-12-15 15:12:36,471 ] 85 root-INFO-Hypothesis dq_000: float64, float64 
[2022-12-15 15:12:36,525 ] 85 root-INFO-Hypothesis dr_000: float64, float64 
[2022-12-15 15:12:36,578 ] 85 root-INFO-Hypothesis ds_000: float64, float64 
[2022-12-15 15:12:36,593 ] 85 root-INFO-Hypothesis dt_000: float64, float64 
[2022-12-15 15:12:36,607 ] 85 root-INFO-Hypothesis du_000: float64, float64 
[2022-12-15 15:12:36,622 ] 85 root-INFO-Hypothesis dv_000: float64, float64 
[2022-12-15 15:12:36,637 ] 85 root-INFO-Hypothesis dx_000: float64, float64 
[2022-12-15 15:12:36,691 ] 85 root-INFO-Hypothesis dy_000: float64, float64 
[2022-12-15 15:12:36,744 ] 85 root-INFO-Hypothesis dz_000: float64, float64 
[2022-12-15 15:12:36,794 ] 85 root-INFO-Hypothesis ea_000: float64, float64 
[2022-12-15 15:12:36,845 ] 85 root-INFO-Hypothesis eb_000: float64, float64 
[2022-12-15 15:12:36,858 ] 85 root-INFO-Hypothesis ec_00: float64, float64 
[2022-12-15 15:12:36,873 ] 85 root-INFO-Hypothesis ed_000: float64, float64 
[2022-12-15 15:12:36,886 ] 85 root-INFO-Hypothesis ee_000: float64, float64 
[2022-12-15 15:12:36,902 ] 85 root-INFO-Hypothesis ee_001: float64, float64 
[2022-12-15 15:12:36,917 ] 85 root-INFO-Hypothesis ee_002: float64, float64 
[2022-12-15 15:12:36,932 ] 85 root-INFO-Hypothesis ee_003: float64, float64 
[2022-12-15 15:12:36,947 ] 85 root-INFO-Hypothesis ee_004: float64, float64 
[2022-12-15 15:12:36,962 ] 85 root-INFO-Hypothesis ee_005: float64, float64 
[2022-12-15 15:12:36,977 ] 85 root-INFO-Hypothesis ee_006: float64, float64 
[2022-12-15 15:12:36,991 ] 85 root-INFO-Hypothesis ee_007: float64, float64 
[2022-12-15 15:12:37,006 ] 85 root-INFO-Hypothesis ee_008: float64, float64 
[2022-12-15 15:12:37,019 ] 85 root-INFO-Hypothesis ee_009: float64, float64 
[2022-12-15 15:12:37,031 ] 85 root-INFO-Hypothesis ef_000: float64, float64 
[2022-12-15 15:12:37,082 ] 85 root-INFO-Hypothesis eg_000: float64, float64 
[2022-12-15 15:12:37,132 ] 140 root-INFO-As all column are available in test df hence detecting data drift
[2022-12-15 15:12:37,133 ] 85 root-INFO-Hypothesis class: object, object 
[2022-12-15 15:12:37,253 ] 85 root-INFO-Hypothesis aa_000: float64, float64 
[2022-12-15 15:12:37,263 ] 85 root-INFO-Hypothesis ac_000: float64, float64 
[2022-12-15 15:12:37,273 ] 85 root-INFO-Hypothesis ae_000: float64, float64 
[2022-12-15 15:12:37,295 ] 85 root-INFO-Hypothesis af_000: float64, float64 
[2022-12-15 15:12:37,318 ] 85 root-INFO-Hypothesis ag_000: float64, float64 
[2022-12-15 15:12:37,340 ] 85 root-INFO-Hypothesis ag_001: float64, float64 
[2022-12-15 15:12:37,362 ] 85 root-INFO-Hypothesis ag_002: float64, float64 
[2022-12-15 15:12:37,369 ] 85 root-INFO-Hypothesis ag_003: float64, float64 
[2022-12-15 15:12:37,376 ] 85 root-INFO-Hypothesis ag_004: float64, float64 
[2022-12-15 15:12:37,386 ] 85 root-INFO-Hypothesis ag_005: float64, float64 
[2022-12-15 15:12:37,397 ] 85 root-INFO-Hypothesis ag_006: float64, float64 
[2022-12-15 15:12:37,408 ] 85 root-INFO-Hypothesis ag_007: float64, float64 
[2022-12-15 15:12:37,418 ] 85 root-INFO-Hypothesis ag_008: float64, float64 
[2022-12-15 15:12:37,427 ] 85 root-INFO-Hypothesis ag_009: float64, float64 
[2022-12-15 15:12:37,434 ] 85 root-INFO-Hypothesis ah_000: float64, float64 
[2022-12-15 15:12:37,445 ] 85 root-INFO-Hypothesis ai_000: float64, float64 
[2022-12-15 15:12:37,451 ] 85 root-INFO-Hypothesis aj_000: float64, float64 
[2022-12-15 15:12:37,458 ] 85 root-INFO-Hypothesis ak_000: float64, float64 
[2022-12-15 15:12:37,465 ] 85 root-INFO-Hypothesis al_000: float64, float64 
[2022-12-15 15:12:37,473 ] 85 root-INFO-Hypothesis am_0: float64, float64 
[2022-12-15 15:12:37,482 ] 85 root-INFO-Hypothesis an_000: float64, float64 
[2022-12-15 15:12:37,492 ] 85 root-INFO-Hypothesis ao_000: float64, float64 
[2022-12-15 15:12:37,503 ] 85 root-INFO-Hypothesis ap_000: float64, float64 
[2022-12-15 15:12:37,513 ] 85 root-INFO-Hypothesis aq_000: float64, float64 
[2022-12-15 15:12:37,524 ] 85 root-INFO-Hypothesis ar_000: float64, float64 
[2022-12-15 15:12:37,546 ] 85 root-INFO-Hypothesis as_000: float64, float64 
[2022-12-15 15:12:37,569 ] 85 root-INFO-Hypothesis at_000: float64, float64 
[2022-12-15 15:12:37,591 ] 85 root-INFO-Hypothesis au_000: float64, float64 
[2022-12-15 15:12:37,613 ] 85 root-INFO-Hypothesis av_000: float64, float64 
[2022-12-15 15:12:37,622 ] 85 root-INFO-Hypothesis ax_000: float64, float64 
[2022-12-15 15:12:37,631 ] 85 root-INFO-Hypothesis ay_000: float64, float64 
[2022-12-15 15:12:37,653 ] 85 root-INFO-Hypothesis ay_001: float64, float64 
[2022-12-15 15:12:37,675 ] 85 root-INFO-Hypothesis ay_002: float64, float64 
[2022-12-15 15:12:37,697 ] 85 root-INFO-Hypothesis ay_003: float64, float64 
[2022-12-15 15:12:37,719 ] 85 root-INFO-Hypothesis ay_004: float64, float64 
[2022-12-15 15:12:37,741 ] 85 root-INFO-Hypothesis ay_005: float64, float64 
[2022-12-15 15:12:37,750 ] 85 root-INFO-Hypothesis ay_006: float64, float64 
[2022-12-15 15:12:37,759 ] 85 root-INFO-Hypothesis ay_007: float64, float64 
[2022-12-15 15:12:37,769 ] 85 root-INFO-Hypothesis ay_008: float64, float64 
[2022-12-15 15:12:37,780 ] 85 root-INFO-Hypothesis ay_009: float64, float64 
[2022-12-15 15:12:37,802 ] 85 root-INFO-Hypothesis az_000: float64, float64 
[2022-12-15 15:12:37,812 ] 85 root-INFO-Hypothesis az_001: float64, float64 
[2022-12-15 15:12:37,822 ] 85 root-INFO-Hypothesis az_002: float64, float64 
[2022-12-15 15:12:37,832 ] 85 root-INFO-Hypothesis az_003: float64, float64 
[2022-12-15 15:12:37,843 ] 85 root-INFO-Hypothesis az_004: float64, float64 
[2022-12-15 15:12:37,854 ] 85 root-INFO-Hypothesis az_005: float64, float64 
[2022-12-15 15:12:37,864 ] 85 root-INFO-Hypothesis az_006: float64, float64 
[2022-12-15 15:12:37,874 ] 85 root-INFO-Hypothesis az_007: float64, float64 
[2022-12-15 15:12:37,881 ] 85 root-INFO-Hypothesis az_008: float64, float64 
[2022-12-15 15:12:37,904 ] 85 root-INFO-Hypothesis az_009: float64, float64 
[2022-12-15 15:12:37,927 ] 85 root-INFO-Hypothesis ba_000: float64, float64 
[2022-12-15 15:12:37,938 ] 85 root-INFO-Hypothesis ba_001: float64, float64 
[2022-12-15 15:12:37,949 ] 85 root-INFO-Hypothesis ba_002: float64, float64 
[2022-12-15 15:12:37,959 ] 85 root-INFO-Hypothesis ba_003: float64, float64 
[2022-12-15 15:12:37,970 ] 85 root-INFO-Hypothesis ba_004: float64, float64 
[2022-12-15 15:12:37,980 ] 85 root-INFO-Hypothesis ba_005: float64, float64 
[2022-12-15 15:12:37,991 ] 85 root-INFO-Hypothesis ba_006: float64, float64 
[2022-12-15 15:12:38,002 ] 85 root-INFO-Hypothesis ba_007: float64, float64 
[2022-12-15 15:12:38,012 ] 85 root-INFO-Hypothesis ba_008: float64, float64 
[2022-12-15 15:12:38,021 ] 85 root-INFO-Hypothesis ba_009: float64, float64 
[2022-12-15 15:12:38,029 ] 85 root-INFO-Hypothesis bb_000: float64, float64 
[2022-12-15 15:12:38,039 ] 85 root-INFO-Hypothesis bc_000: float64, float64 
[2022-12-15 15:12:38,048 ] 85 root-INFO-Hypothesis bd_000: float64, float64 
[2022-12-15 15:12:38,058 ] 85 root-INFO-Hypothesis be_000: float64, float64 
[2022-12-15 15:12:38,067 ] 85 root-INFO-Hypothesis bf_000: float64, float64 
[2022-12-15 15:12:38,075 ] 85 root-INFO-Hypothesis bg_000: float64, float64 
[2022-12-15 15:12:38,086 ] 85 root-INFO-Hypothesis bh_000: float64, float64 
[2022-12-15 15:12:38,096 ] 85 root-INFO-Hypothesis bi_000: float64, float64 
[2022-12-15 15:12:38,107 ] 85 root-INFO-Hypothesis bj_000: float64, float64 
[2022-12-15 15:12:38,117 ] 85 root-INFO-Hypothesis bs_000: float64, float64 
[2022-12-15 15:12:38,128 ] 85 root-INFO-Hypothesis bt_000: float64, float64 
[2022-12-15 15:12:38,138 ] 85 root-INFO-Hypothesis bu_000: float64, float64 
[2022-12-15 15:12:38,149 ] 85 root-INFO-Hypothesis bv_000: float64, float64 
[2022-12-15 15:12:38,159 ] 85 root-INFO-Hypothesis bx_000: float64, float64 
[2022-12-15 15:12:38,170 ] 85 root-INFO-Hypothesis by_000: float64, float64 
[2022-12-15 15:12:38,180 ] 85 root-INFO-Hypothesis bz_000: float64, float64 
[2022-12-15 15:12:38,190 ] 85 root-INFO-Hypothesis ca_000: float64, float64 
[2022-12-15 15:12:38,200 ] 85 root-INFO-Hypothesis cb_000: float64, float64 
[2022-12-15 15:12:38,211 ] 85 root-INFO-Hypothesis cc_000: float64, float64 
[2022-12-15 15:12:38,222 ] 85 root-INFO-Hypothesis cd_000: float64, float64 
[2022-12-15 15:12:38,245 ] 85 root-INFO-Hypothesis ce_000: float64, float64 
[2022-12-15 15:12:38,255 ] 85 root-INFO-Hypothesis ci_000: float64, float64 
[2022-12-15 15:12:38,266 ] 85 root-INFO-Hypothesis cj_000: float64, float64 
[2022-12-15 15:12:38,273 ] 85 root-INFO-Hypothesis ck_000: float64, float64 
[2022-12-15 15:12:38,283 ] 85 root-INFO-Hypothesis cl_000: float64, float64 
[2022-12-15 15:12:38,291 ] 85 root-INFO-Hypothesis cm_000: float64, float64 
[2022-12-15 15:12:38,299 ] 85 root-INFO-Hypothesis cn_000: float64, float64 
[2022-12-15 15:12:38,322 ] 85 root-INFO-Hypothesis cn_001: float64, float64 
[2022-12-15 15:12:38,329 ] 85 root-INFO-Hypothesis cn_002: float64, float64 
[2022-12-15 15:12:38,338 ] 85 root-INFO-Hypothesis cn_003: float64, float64 
[2022-12-15 15:12:38,348 ] 85 root-INFO-Hypothesis cn_004: float64, float64 
[2022-12-15 15:12:38,359 ] 85 root-INFO-Hypothesis cn_005: float64, float64 
[2022-12-15 15:12:38,370 ] 85 root-INFO-Hypothesis cn_006: float64, float64 
[2022-12-15 15:12:38,380 ] 85 root-INFO-Hypothesis cn_007: float64, float64 
[2022-12-15 15:12:38,390 ] 85 root-INFO-Hypothesis cn_008: float64, float64 
[2022-12-15 15:12:38,399 ] 85 root-INFO-Hypothesis cn_009: float64, float64 
[2022-12-15 15:12:38,408 ] 85 root-INFO-Hypothesis cp_000: float64, float64 
[2022-12-15 15:12:38,417 ] 85 root-INFO-Hypothesis cq_000: float64, float64 
[2022-12-15 15:12:38,427 ] 85 root-INFO-Hypothesis cs_000: float64, float64 
[2022-12-15 15:12:38,438 ] 85 root-INFO-Hypothesis cs_001: float64, float64 
[2022-12-15 15:12:38,447 ] 85 root-INFO-Hypothesis cs_002: float64, float64 
[2022-12-15 15:12:38,457 ] 85 root-INFO-Hypothesis cs_003: float64, float64 
[2022-12-15 15:12:38,468 ] 85 root-INFO-Hypothesis cs_004: float64, float64 
[2022-12-15 15:12:38,478 ] 85 root-INFO-Hypothesis cs_005: float64, float64 
[2022-12-15 15:12:38,489 ] 85 root-INFO-Hypothesis cs_006: float64, float64 
[2022-12-15 15:12:38,499 ] 85 root-INFO-Hypothesis cs_007: float64, float64 
[2022-12-15 15:12:38,510 ] 85 root-INFO-Hypothesis cs_008: float64, float64 
[2022-12-15 15:12:38,518 ] 85 root-INFO-Hypothesis cs_009: float64, float64 
[2022-12-15 15:12:38,541 ] 85 root-INFO-Hypothesis dd_000: float64, float64 
[2022-12-15 15:12:38,551 ] 85 root-INFO-Hypothesis de_000: float64, float64 
[2022-12-15 15:12:38,560 ] 85 root-INFO-Hypothesis df_000: float64, float64 
[2022-12-15 15:12:38,566 ] 85 root-INFO-Hypothesis dg_000: float64, float64 
[2022-12-15 15:12:38,572 ] 85 root-INFO-Hypothesis dh_000: float64, float64 
[2022-12-15 15:12:38,579 ] 85 root-INFO-Hypothesis di_000: float64, float64 
[2022-12-15 15:12:38,586 ] 85 root-INFO-Hypothesis dj_000: float64, float64 
[2022-12-15 15:12:38,609 ] 85 root-INFO-Hypothesis dk_000: float64, float64 
[2022-12-15 15:12:38,615 ] 85 root-INFO-Hypothesis dl_000: float64, float64 
[2022-12-15 15:12:38,638 ] 85 root-INFO-Hypothesis dm_000: float64, float64 
[2022-12-15 15:12:38,661 ] 85 root-INFO-Hypothesis dn_000: float64, float64 
[2022-12-15 15:12:38,671 ] 85 root-INFO-Hypothesis do_000: float64, float64 
[2022-12-15 15:12:38,681 ] 85 root-INFO-Hypothesis dp_000: float64, float64 
[2022-12-15 15:12:38,694 ] 85 root-INFO-Hypothesis dq_000: float64, float64 
[2022-12-15 15:12:38,702 ] 85 root-INFO-Hypothesis dr_000: float64, float64 
[2022-12-15 15:12:38,710 ] 85 root-INFO-Hypothesis ds_000: float64, float64 
[2022-12-15 15:12:38,720 ] 85 root-INFO-Hypothesis dt_000: float64, float64 
[2022-12-15 15:12:38,730 ] 85 root-INFO-Hypothesis du_000: float64, float64 
[2022-12-15 15:12:38,740 ] 85 root-INFO-Hypothesis dv_000: float64, float64 
[2022-12-15 15:12:38,750 ] 85 root-INFO-Hypothesis dx_000: float64, float64 
[2022-12-15 15:12:38,760 ] 85 root-INFO-Hypothesis dy_000: float64, float64 
[2022-12-15 15:12:38,768 ] 85 root-INFO-Hypothesis dz_000: float64, float64 
[2022-12-15 15:12:38,790 ] 85 root-INFO-Hypothesis ea_000: float64, float64 
[2022-12-15 15:12:38,813 ] 85 root-INFO-Hypothesis eb_000: float64, float64 
[2022-12-15 15:12:38,822 ] 85 root-INFO-Hypothesis ec_00: float64, float64 
[2022-12-15 15:12:38,832 ] 85 root-INFO-Hypothesis ed_000: float64, float64 
[2022-12-15 15:12:38,842 ] 85 root-INFO-Hypothesis ee_000: float64, float64 
[2022-12-15 15:12:38,853 ] 85 root-INFO-Hypothesis ee_001: float64, float64 
[2022-12-15 15:12:38,864 ] 85 root-INFO-Hypothesis ee_002: float64, float64 
[2022-12-15 15:12:38,874 ] 85 root-INFO-Hypothesis ee_003: float64, float64 
[2022-12-15 15:12:38,885 ] 85 root-INFO-Hypothesis ee_004: float64, float64 
[2022-12-15 15:12:38,895 ] 85 root-INFO-Hypothesis ee_005: float64, float64 
[2022-12-15 15:12:38,905 ] 85 root-INFO-Hypothesis ee_006: float64, float64 
[2022-12-15 15:12:38,915 ] 85 root-INFO-Hypothesis ee_007: float64, float64 
[2022-12-15 15:12:38,926 ] 85 root-INFO-Hypothesis ee_008: float64, float64 
[2022-12-15 15:12:38,935 ] 85 root-INFO-Hypothesis ee_009: float64, float64 
[2022-12-15 15:12:38,943 ] 85 root-INFO-Hypothesis ef_000: float64, float64 
[2022-12-15 15:12:38,966 ] 85 root-INFO-Hypothesis eg_000: float64, float64 
[2022-12-15 15:12:38,989 ] 144 root-INFO-Write reprt in yaml file
[2022-12-15 15:12:39,106 ] 149 root-INFO-Data validation artifact: DataValidationArtifact(report_file_path='/config/workspace/artifact/12152022__151131/data_validation/report.yaml')
