[2022-12-30 16:23:55,924 ] 14 root-INFO->>>>>>>>>>>>>>>>>>>>>>>>>>>>>>>>>>>>>>>> Data Ingestion <<<<<<<<<<<<<<<<<<<<<<<<<<<<<<<<<<<<<<<<
[2022-12-30 16:23:55,925 ] 21 root-INFO-Exporting collection data as pandas dataframe
[2022-12-30 16:23:59,253 ] 14 root-INFO-Found columns: Index(['_id', 'class', 'aa_000', 'ab_000', 'ac_000', 'ad_000', 'ae_000',
       'af_000', 'ag_000', 'ag_001',
       ...
       'ee_002', 'ee_003', 'ee_004', 'ee_005', 'ee_006', 'ee_007', 'ee_008',
       'ee_009', 'ef_000', 'eg_000'],
      dtype='object', length=172)
[2022-12-30 16:23:59,254 ] 16 root-INFO-Dropping column: _id 
[2022-12-30 16:23:59,448 ] 18 root-INFO-Row and columns in df: (36188, 171)
[2022-12-30 16:23:59,448 ] 27 root-INFO-Save data in feature store
[2022-12-30 16:23:59,982 ] 32 root-INFO-Create feature store folder if not available
[2022-12-30 16:23:59,982 ] 36 root-INFO-Save df to feature store folder
[2022-12-30 16:24:02,414 ] 41 root-INFO-split dataset into train and test set
[2022-12-30 16:24:02,982 ] 45 root-INFO-create dataset directory folder if not available
[2022-12-30 16:24:02,982 ] 50 root-INFO-Save df to feature store folder
[2022-12-30 16:24:05,248 ] 62 root-INFO-Data ingestion artifact: DataIngestionArtifact(feature_store_file_path='/config/workspace/artifact/12302022__162355/data_ingestion/feature_store/sensor.csv', train_file_path='/config/workspace/artifact/12302022__162355/data_ingestion/dataset/train.csv', test_file_path='/config/workspace/artifact/12302022__162355/data_ingestion/dataset/test.csv')
[2022-12-30 16:24:05,672 ] 21 root-INFO-Exporting collection data as pandas dataframe
[2022-12-30 16:24:09,078 ] 14 root-INFO-Found columns: Index(['_id', 'class', 'aa_000', 'ab_000', 'ac_000', 'ad_000', 'ae_000',
       'af_000', 'ag_000', 'ag_001',
       ...
       'ee_002', 'ee_003', 'ee_004', 'ee_005', 'ee_006', 'ee_007', 'ee_008',
       'ee_009', 'ef_000', 'eg_000'],
      dtype='object', length=172)
[2022-12-30 16:24:09,079 ] 16 root-INFO-Dropping column: _id 
[2022-12-30 16:24:09,272 ] 18 root-INFO-Row and columns in df: (36188, 171)
[2022-12-30 16:24:09,273 ] 27 root-INFO-Save data in feature store
[2022-12-30 16:24:09,801 ] 32 root-INFO-Create feature store folder if not available
[2022-12-30 16:24:09,802 ] 36 root-INFO-Save df to feature store folder
[2022-12-30 16:24:12,312 ] 41 root-INFO-split dataset into train and test set
[2022-12-30 16:24:12,913 ] 45 root-INFO-create dataset directory folder if not available
[2022-12-30 16:24:12,913 ] 50 root-INFO-Save df to feature store folder
[2022-12-30 16:24:15,186 ] 62 root-INFO-Data ingestion artifact: DataIngestionArtifact(feature_store_file_path='/config/workspace/artifact/12302022__162355/data_ingestion/feature_store/sensor.csv', train_file_path='/config/workspace/artifact/12302022__162355/data_ingestion/dataset/train.csv', test_file_path='/config/workspace/artifact/12302022__162355/data_ingestion/dataset/test.csv')
[2022-12-30 16:24:15,581 ] 19 root-INFO->>>>>>>>>>>>>>>>>>>>>>>>>>>>>>>>>>>>>>>> Data Validation <<<<<<<<<<<<<<<<<<<<<<<<<<<<<<<<<<<<<<<<
[2022-12-30 16:24:15,581 ] 107 root-INFO-Reading base dataframe
[2022-12-30 16:24:18,492 ] 110 root-INFO-Replace na value in base df
[2022-12-30 16:24:18,492 ] 112 root-INFO-Drop null values colums from base df
[2022-12-30 16:24:19,428 ] 40 root-INFO-selecting column name which contains null above to 0.2
[2022-12-30 16:24:19,429 ] 43 root-INFO-Columns to drop: ['ab_000', 'ad_000', 'bk_000', 'bl_000', 'bm_000', 'bn_000', 'bo_000', 'bp_000', 'bq_000', 'br_000', 'cf_000', 'cg_000', 'ch_000', 'co_000', 'cr_000', 'ct_000', 'cu_000', 'cv_000', 'cx_000', 'cy_000', 'cz_000', 'da_000', 'db_000', 'dc_000']
[2022-12-30 16:24:19,510 ] 115 root-INFO-Reading train dataframe
[2022-12-30 16:24:19,911 ] 117 root-INFO-Reading test dataframe
[2022-12-30 16:24:20,020 ] 120 root-INFO-Drop null values colums from train df
[2022-12-30 16:24:20,032 ] 40 root-INFO-selecting column name which contains null above to 0.2
[2022-12-30 16:24:20,032 ] 43 root-INFO-Columns to drop: ['ab_000', 'ad_000', 'bk_000', 'bl_000', 'bm_000', 'bn_000', 'bo_000', 'bp_000', 'bq_000', 'br_000', 'cf_000', 'cg_000', 'ch_000', 'co_000', 'cr_000', 'ct_000', 'cu_000', 'cv_000', 'cx_000', 'cy_000', 'cz_000', 'da_000', 'db_000', 'dc_000']
[2022-12-30 16:24:20,041 ] 122 root-INFO-Drop null values colums from test df
[2022-12-30 16:24:20,046 ] 40 root-INFO-selecting column name which contains null above to 0.2
[2022-12-30 16:24:20,046 ] 43 root-INFO-Columns to drop: ['ab_000', 'ad_000', 'bk_000', 'bl_000', 'bm_000', 'bn_000', 'bo_000', 'bp_000', 'bq_000', 'br_000', 'cf_000', 'cg_000', 'ch_000', 'co_000', 'cr_000', 'ct_000', 'cu_000', 'cv_000', 'cx_000', 'cy_000', 'cz_000', 'da_000', 'db_000', 'dc_000']
[2022-12-30 16:24:26,058 ] 131 root-INFO-Is all required columns present in train df
[2022-12-30 16:24:26,059 ] 133 root-INFO-Is all required columns present in test df
[2022-12-30 16:24:26,059 ] 137 root-INFO-As all column are available in train df hence detecting data drift
[2022-12-30 16:24:26,059 ] 85 root-INFO-Hypothesis class: object, object 
[2022-12-30 16:24:26,193 ] 85 root-INFO-Hypothesis aa_000: float64, float64 
[2022-12-30 16:24:26,203 ] 85 root-INFO-Hypothesis ac_000: float64, float64 
[2022-12-30 16:24:26,244 ] 85 root-INFO-Hypothesis ae_000: float64, float64 
[2022-12-30 16:24:26,280 ] 85 root-INFO-Hypothesis af_000: float64, float64 
[2022-12-30 16:24:26,317 ] 85 root-INFO-Hypothesis ag_000: float64, float64 
[2022-12-30 16:24:26,354 ] 85 root-INFO-Hypothesis ag_001: float64, float64 
[2022-12-30 16:24:26,390 ] 85 root-INFO-Hypothesis ag_002: float64, float64 
[2022-12-30 16:24:26,428 ] 85 root-INFO-Hypothesis ag_003: float64, float64 
[2022-12-30 16:24:26,434 ] 85 root-INFO-Hypothesis ag_004: float64, float64 
[2022-12-30 16:24:26,449 ] 85 root-INFO-Hypothesis ag_005: float64, float64 
[2022-12-30 16:24:26,460 ] 85 root-INFO-Hypothesis ag_006: float64, float64 
[2022-12-30 16:24:26,471 ] 85 root-INFO-Hypothesis ag_007: float64, float64 
[2022-12-30 16:24:26,480 ] 85 root-INFO-Hypothesis ag_008: float64, float64 
[2022-12-30 16:24:26,488 ] 85 root-INFO-Hypothesis ag_009: float64, float64 
[2022-12-30 16:24:26,495 ] 85 root-INFO-Hypothesis ah_000: float64, float64 
[2022-12-30 16:24:26,506 ] 85 root-INFO-Hypothesis ai_000: float64, float64 
[2022-12-30 16:24:26,543 ] 85 root-INFO-Hypothesis aj_000: float64, float64 
[2022-12-30 16:24:26,549 ] 85 root-INFO-Hypothesis ak_000: float64, float64 
[2022-12-30 16:24:26,587 ] 85 root-INFO-Hypothesis al_000: float64, float64 
[2022-12-30 16:24:26,595 ] 85 root-INFO-Hypothesis am_0: float64, float64 
[2022-12-30 16:24:26,603 ] 85 root-INFO-Hypothesis an_000: float64, float64 
[2022-12-30 16:24:26,613 ] 85 root-INFO-Hypothesis ao_000: float64, float64 
[2022-12-30 16:24:26,624 ] 85 root-INFO-Hypothesis ap_000: float64, float64 
[2022-12-30 16:24:26,635 ] 85 root-INFO-Hypothesis aq_000: float64, float64 
[2022-12-30 16:24:26,646 ] 85 root-INFO-Hypothesis ar_000: float64, float64 
[2022-12-30 16:24:26,682 ] 85 root-INFO-Hypothesis as_000: float64, float64 
[2022-12-30 16:24:26,718 ] 85 root-INFO-Hypothesis at_000: float64, float64 
[2022-12-30 16:24:26,755 ] 85 root-INFO-Hypothesis au_000: float64, float64 
[2022-12-30 16:24:26,790 ] 85 root-INFO-Hypothesis av_000: float64, float64 
[2022-12-30 16:24:26,799 ] 85 root-INFO-Hypothesis ax_000: float64, float64 
[2022-12-30 16:24:26,807 ] 85 root-INFO-Hypothesis ay_000: float64, float64 
[2022-12-30 16:24:26,847 ] 85 root-INFO-Hypothesis ay_001: float64, float64 
[2022-12-30 16:24:26,883 ] 85 root-INFO-Hypothesis ay_002: float64, float64 
[2022-12-30 16:24:26,919 ] 85 root-INFO-Hypothesis ay_003: float64, float64 
[2022-12-30 16:24:26,956 ] 85 root-INFO-Hypothesis ay_004: float64, float64 
[2022-12-30 16:24:26,992 ] 85 root-INFO-Hypothesis ay_005: float64, float64 
[2022-12-30 16:24:27,033 ] 85 root-INFO-Hypothesis ay_006: float64, float64 
[2022-12-30 16:24:27,042 ] 85 root-INFO-Hypothesis ay_007: float64, float64 
[2022-12-30 16:24:27,052 ] 85 root-INFO-Hypothesis ay_008: float64, float64 
[2022-12-30 16:24:27,063 ] 85 root-INFO-Hypothesis ay_009: float64, float64 
[2022-12-30 16:24:27,098 ] 85 root-INFO-Hypothesis az_000: float64, float64 
[2022-12-30 16:24:27,109 ] 85 root-INFO-Hypothesis az_001: float64, float64 
[2022-12-30 16:24:27,118 ] 85 root-INFO-Hypothesis az_002: float64, float64 
[2022-12-30 16:24:27,128 ] 85 root-INFO-Hypothesis az_003: float64, float64 
[2022-12-30 16:24:27,138 ] 85 root-INFO-Hypothesis az_004: float64, float64 
[2022-12-30 16:24:27,148 ] 85 root-INFO-Hypothesis az_005: float64, float64 
[2022-12-30 16:24:27,159 ] 85 root-INFO-Hypothesis az_006: float64, float64 
[2022-12-30 16:24:27,201 ] 85 root-INFO-Hypothesis az_007: float64, float64 
[2022-12-30 16:24:27,239 ] 85 root-INFO-Hypothesis az_008: float64, float64 
[2022-12-30 16:24:27,276 ] 85 root-INFO-Hypothesis az_009: float64, float64 
[2022-12-30 16:24:27,313 ] 85 root-INFO-Hypothesis ba_000: float64, float64 
[2022-12-30 16:24:27,324 ] 85 root-INFO-Hypothesis ba_001: float64, float64 
[2022-12-30 16:24:27,334 ] 85 root-INFO-Hypothesis ba_002: float64, float64 
[2022-12-30 16:24:27,345 ] 85 root-INFO-Hypothesis ba_003: float64, float64 
[2022-12-30 16:24:27,355 ] 85 root-INFO-Hypothesis ba_004: float64, float64 
[2022-12-30 16:24:27,365 ] 85 root-INFO-Hypothesis ba_005: float64, float64 
[2022-12-30 16:24:27,375 ] 85 root-INFO-Hypothesis ba_006: float64, float64 
[2022-12-30 16:24:27,385 ] 85 root-INFO-Hypothesis ba_007: float64, float64 
[2022-12-30 16:24:27,394 ] 85 root-INFO-Hypothesis ba_008: float64, float64 
[2022-12-30 16:24:27,436 ] 85 root-INFO-Hypothesis ba_009: float64, float64 
[2022-12-30 16:24:27,475 ] 85 root-INFO-Hypothesis bb_000: float64, float64 
[2022-12-30 16:24:27,485 ] 85 root-INFO-Hypothesis bc_000: float64, float64 
[2022-12-30 16:24:27,525 ] 85 root-INFO-Hypothesis bd_000: float64, float64 
[2022-12-30 16:24:27,533 ] 85 root-INFO-Hypothesis be_000: float64, float64 
[2022-12-30 16:24:27,542 ] 85 root-INFO-Hypothesis bf_000: float64, float64 
[2022-12-30 16:24:27,549 ] 85 root-INFO-Hypothesis bg_000: float64, float64 
[2022-12-30 16:24:27,559 ] 85 root-INFO-Hypothesis bh_000: float64, float64 
[2022-12-30 16:24:27,570 ] 85 root-INFO-Hypothesis bi_000: float64, float64 
[2022-12-30 16:24:27,580 ] 85 root-INFO-Hypothesis bj_000: float64, float64 
[2022-12-30 16:24:27,591 ] 85 root-INFO-Hypothesis bs_000: float64, float64 
[2022-12-30 16:24:27,602 ] 85 root-INFO-Hypothesis bt_000: float64, float64 
[2022-12-30 16:24:27,612 ] 85 root-INFO-Hypothesis bu_000: float64, float64 
[2022-12-30 16:24:27,622 ] 85 root-INFO-Hypothesis bv_000: float64, float64 
[2022-12-30 16:24:27,633 ] 85 root-INFO-Hypothesis bx_000: float64, float64 
[2022-12-30 16:24:27,643 ] 85 root-INFO-Hypothesis by_000: float64, float64 
[2022-12-30 16:24:27,653 ] 85 root-INFO-Hypothesis bz_000: float64, float64 
[2022-12-30 16:24:27,663 ] 85 root-INFO-Hypothesis ca_000: float64, float64 
[2022-12-30 16:24:27,673 ] 85 root-INFO-Hypothesis cb_000: float64, float64 
[2022-12-30 16:24:27,684 ] 85 root-INFO-Hypothesis cc_000: float64, float64 
[2022-12-30 16:24:27,695 ] 85 root-INFO-Hypothesis cd_000: float64, float64 
[2022-12-30 16:24:27,732 ] 85 root-INFO-Hypothesis ce_000: float64, float64 
[2022-12-30 16:24:27,742 ] 85 root-INFO-Hypothesis ci_000: float64, float64 
[2022-12-30 16:24:27,752 ] 85 root-INFO-Hypothesis cj_000: float64, float64 
[2022-12-30 16:24:27,790 ] 85 root-INFO-Hypothesis ck_000: float64, float64 
[2022-12-30 16:24:27,800 ] 85 root-INFO-Hypothesis cl_000: float64, float64 
[2022-12-30 16:24:27,806 ] 85 root-INFO-Hypothesis cm_000: float64, float64 
[2022-12-30 16:24:27,813 ] 85 root-INFO-Hypothesis cn_000: float64, float64 
[2022-12-30 16:24:27,851 ] 85 root-INFO-Hypothesis cn_001: float64, float64 
[2022-12-30 16:24:27,891 ] 85 root-INFO-Hypothesis cn_002: float64, float64 
[2022-12-30 16:24:27,900 ] 85 root-INFO-Hypothesis cn_003: float64, float64 
[2022-12-30 16:24:27,911 ] 85 root-INFO-Hypothesis cn_004: float64, float64 
[2022-12-30 16:24:27,921 ] 85 root-INFO-Hypothesis cn_005: float64, float64 
[2022-12-30 16:24:27,932 ] 85 root-INFO-Hypothesis cn_006: float64, float64 
[2022-12-30 16:24:27,942 ] 85 root-INFO-Hypothesis cn_007: float64, float64 
[2022-12-30 16:24:27,952 ] 85 root-INFO-Hypothesis cn_008: float64, float64 
[2022-12-30 16:24:27,962 ] 85 root-INFO-Hypothesis cn_009: float64, float64 
[2022-12-30 16:24:28,002 ] 85 root-INFO-Hypothesis cp_000: float64, float64 
[2022-12-30 16:24:28,042 ] 85 root-INFO-Hypothesis cq_000: float64, float64 
[2022-12-30 16:24:28,052 ] 85 root-INFO-Hypothesis cs_000: float64, float64 
[2022-12-30 16:24:28,063 ] 85 root-INFO-Hypothesis cs_001: float64, float64 
[2022-12-30 16:24:28,072 ] 85 root-INFO-Hypothesis cs_002: float64, float64 
[2022-12-30 16:24:28,082 ] 85 root-INFO-Hypothesis cs_003: float64, float64 
[2022-12-30 16:24:28,093 ] 85 root-INFO-Hypothesis cs_004: float64, float64 
[2022-12-30 16:24:28,103 ] 85 root-INFO-Hypothesis cs_005: float64, float64 
[2022-12-30 16:24:28,114 ] 85 root-INFO-Hypothesis cs_006: float64, float64 
[2022-12-30 16:24:28,126 ] 85 root-INFO-Hypothesis cs_007: float64, float64 
[2022-12-30 16:24:28,136 ] 85 root-INFO-Hypothesis cs_008: float64, float64 
[2022-12-30 16:24:28,176 ] 85 root-INFO-Hypothesis cs_009: float64, float64 
[2022-12-30 16:24:28,213 ] 85 root-INFO-Hypothesis dd_000: float64, float64 
[2022-12-30 16:24:28,222 ] 85 root-INFO-Hypothesis de_000: float64, float64 
[2022-12-30 16:24:28,231 ] 85 root-INFO-Hypothesis df_000: float64, float64 
[2022-12-30 16:24:28,268 ] 85 root-INFO-Hypothesis dg_000: float64, float64 
[2022-12-30 16:24:28,305 ] 85 root-INFO-Hypothesis dh_000: float64, float64 
[2022-12-30 16:24:28,311 ] 85 root-INFO-Hypothesis di_000: float64, float64 
[2022-12-30 16:24:28,350 ] 85 root-INFO-Hypothesis dj_000: float64, float64 
[2022-12-30 16:24:28,387 ] 85 root-INFO-Hypothesis dk_000: float64, float64 
[2022-12-30 16:24:28,424 ] 85 root-INFO-Hypothesis dl_000: float64, float64 
[2022-12-30 16:24:28,461 ] 85 root-INFO-Hypothesis dm_000: float64, float64 
[2022-12-30 16:24:28,498 ] 85 root-INFO-Hypothesis dn_000: float64, float64 
[2022-12-30 16:24:28,509 ] 85 root-INFO-Hypothesis do_000: float64, float64 
[2022-12-30 16:24:28,518 ] 85 root-INFO-Hypothesis dp_000: float64, float64 
[2022-12-30 16:24:28,528 ] 85 root-INFO-Hypothesis dq_000: float64, float64 
[2022-12-30 16:24:28,567 ] 85 root-INFO-Hypothesis dr_000: float64, float64 
[2022-12-30 16:24:28,606 ] 85 root-INFO-Hypothesis ds_000: float64, float64 
[2022-12-30 16:24:28,616 ] 85 root-INFO-Hypothesis dt_000: float64, float64 
[2022-12-30 16:24:28,626 ] 85 root-INFO-Hypothesis du_000: float64, float64 
[2022-12-30 16:24:28,637 ] 85 root-INFO-Hypothesis dv_000: float64, float64 
[2022-12-30 16:24:28,647 ] 85 root-INFO-Hypothesis dx_000: float64, float64 
[2022-12-30 16:24:28,686 ] 85 root-INFO-Hypothesis dy_000: float64, float64 
[2022-12-30 16:24:28,725 ] 85 root-INFO-Hypothesis dz_000: float64, float64 
[2022-12-30 16:24:28,762 ] 85 root-INFO-Hypothesis ea_000: float64, float64 
[2022-12-30 16:24:28,801 ] 85 root-INFO-Hypothesis eb_000: float64, float64 
[2022-12-30 16:24:28,812 ] 85 root-INFO-Hypothesis ec_00: float64, float64 
[2022-12-30 16:24:28,824 ] 85 root-INFO-Hypothesis ed_000: float64, float64 
[2022-12-30 16:24:28,833 ] 85 root-INFO-Hypothesis ee_000: float64, float64 
[2022-12-30 16:24:28,844 ] 85 root-INFO-Hypothesis ee_001: float64, float64 
[2022-12-30 16:24:28,855 ] 85 root-INFO-Hypothesis ee_002: float64, float64 
[2022-12-30 16:24:28,866 ] 85 root-INFO-Hypothesis ee_003: float64, float64 
[2022-12-30 16:24:28,876 ] 85 root-INFO-Hypothesis ee_004: float64, float64 
[2022-12-30 16:24:28,887 ] 85 root-INFO-Hypothesis ee_005: float64, float64 
[2022-12-30 16:24:28,897 ] 85 root-INFO-Hypothesis ee_006: float64, float64 
[2022-12-30 16:24:28,907 ] 85 root-INFO-Hypothesis ee_007: float64, float64 
[2022-12-30 16:24:28,917 ] 85 root-INFO-Hypothesis ee_008: float64, float64 
[2022-12-30 16:24:28,926 ] 85 root-INFO-Hypothesis ee_009: float64, float64 
[2022-12-30 16:24:28,934 ] 85 root-INFO-Hypothesis ef_000: float64, float64 
[2022-12-30 16:24:28,975 ] 85 root-INFO-Hypothesis eg_000: float64, float64 
[2022-12-30 16:24:29,012 ] 140 root-INFO-As all column are available in test df hence detecting data drift
[2022-12-30 16:24:29,012 ] 85 root-INFO-Hypothesis class: object, object 
[2022-12-30 16:24:29,090 ] 85 root-INFO-Hypothesis aa_000: float64, float64 
[2022-12-30 16:24:29,097 ] 85 root-INFO-Hypothesis ac_000: float64, float64 
[2022-12-30 16:24:29,102 ] 85 root-INFO-Hypothesis ae_000: float64, float64 
[2022-12-30 16:24:29,118 ] 85 root-INFO-Hypothesis af_000: float64, float64 
[2022-12-30 16:24:29,133 ] 85 root-INFO-Hypothesis ag_000: float64, float64 
[2022-12-30 16:24:29,148 ] 85 root-INFO-Hypothesis ag_001: float64, float64 
[2022-12-30 16:24:29,163 ] 85 root-INFO-Hypothesis ag_002: float64, float64 
[2022-12-30 16:24:29,167 ] 85 root-INFO-Hypothesis ag_003: float64, float64 
[2022-12-30 16:24:29,171 ] 85 root-INFO-Hypothesis ag_004: float64, float64 
[2022-12-30 16:24:29,178 ] 85 root-INFO-Hypothesis ag_005: float64, float64 
[2022-12-30 16:24:29,185 ] 85 root-INFO-Hypothesis ag_006: float64, float64 
[2022-12-30 16:24:29,192 ] 85 root-INFO-Hypothesis ag_007: float64, float64 
[2022-12-30 16:24:29,199 ] 85 root-INFO-Hypothesis ag_008: float64, float64 
[2022-12-30 16:24:29,205 ] 85 root-INFO-Hypothesis ag_009: float64, float64 
[2022-12-30 16:24:29,209 ] 85 root-INFO-Hypothesis ah_000: float64, float64 
[2022-12-30 16:24:29,216 ] 85 root-INFO-Hypothesis ai_000: float64, float64 
[2022-12-30 16:24:29,220 ] 85 root-INFO-Hypothesis aj_000: float64, float64 
[2022-12-30 16:24:29,224 ] 85 root-INFO-Hypothesis ak_000: float64, float64 
[2022-12-30 16:24:29,227 ] 85 root-INFO-Hypothesis al_000: float64, float64 
[2022-12-30 16:24:29,232 ] 85 root-INFO-Hypothesis am_0: float64, float64 
[2022-12-30 16:24:29,237 ] 85 root-INFO-Hypothesis an_000: float64, float64 
[2022-12-30 16:24:29,244 ] 85 root-INFO-Hypothesis ao_000: float64, float64 
[2022-12-30 16:24:29,251 ] 85 root-INFO-Hypothesis ap_000: float64, float64 
[2022-12-30 16:24:29,258 ] 85 root-INFO-Hypothesis aq_000: float64, float64 
[2022-12-30 16:24:29,265 ] 85 root-INFO-Hypothesis ar_000: float64, float64 
[2022-12-30 16:24:29,281 ] 85 root-INFO-Hypothesis as_000: float64, float64 
[2022-12-30 16:24:29,296 ] 85 root-INFO-Hypothesis at_000: float64, float64 
[2022-12-30 16:24:29,312 ] 85 root-INFO-Hypothesis au_000: float64, float64 
[2022-12-30 16:24:29,327 ] 85 root-INFO-Hypothesis av_000: float64, float64 
[2022-12-30 16:24:29,333 ] 85 root-INFO-Hypothesis ax_000: float64, float64 
[2022-12-30 16:24:29,339 ] 85 root-INFO-Hypothesis ay_000: float64, float64 
[2022-12-30 16:24:29,354 ] 85 root-INFO-Hypothesis ay_001: float64, float64 
[2022-12-30 16:24:29,369 ] 85 root-INFO-Hypothesis ay_002: float64, float64 
[2022-12-30 16:24:29,384 ] 85 root-INFO-Hypothesis ay_003: float64, float64 
[2022-12-30 16:24:29,400 ] 85 root-INFO-Hypothesis ay_004: float64, float64 
[2022-12-30 16:24:29,416 ] 85 root-INFO-Hypothesis ay_005: float64, float64 
[2022-12-30 16:24:29,421 ] 85 root-INFO-Hypothesis ay_006: float64, float64 
[2022-12-30 16:24:29,427 ] 85 root-INFO-Hypothesis ay_007: float64, float64 
[2022-12-30 16:24:29,434 ] 85 root-INFO-Hypothesis ay_008: float64, float64 
[2022-12-30 16:24:29,441 ] 85 root-INFO-Hypothesis ay_009: float64, float64 
[2022-12-30 16:24:29,457 ] 85 root-INFO-Hypothesis az_000: float64, float64 
[2022-12-30 16:24:29,463 ] 85 root-INFO-Hypothesis az_001: float64, float64 
[2022-12-30 16:24:29,470 ] 85 root-INFO-Hypothesis az_002: float64, float64 
[2022-12-30 16:24:29,476 ] 85 root-INFO-Hypothesis az_003: float64, float64 
[2022-12-30 16:24:29,483 ] 85 root-INFO-Hypothesis az_004: float64, float64 
[2022-12-30 16:24:29,490 ] 85 root-INFO-Hypothesis az_005: float64, float64 
[2022-12-30 16:24:29,497 ] 85 root-INFO-Hypothesis az_006: float64, float64 
[2022-12-30 16:24:29,503 ] 85 root-INFO-Hypothesis az_007: float64, float64 
[2022-12-30 16:24:29,507 ] 85 root-INFO-Hypothesis az_008: float64, float64 
[2022-12-30 16:24:29,523 ] 85 root-INFO-Hypothesis az_009: float64, float64 
[2022-12-30 16:24:29,538 ] 85 root-INFO-Hypothesis ba_000: float64, float64 
[2022-12-30 16:24:29,546 ] 85 root-INFO-Hypothesis ba_001: float64, float64 
[2022-12-30 16:24:29,553 ] 85 root-INFO-Hypothesis ba_002: float64, float64 
[2022-12-30 16:24:29,560 ] 85 root-INFO-Hypothesis ba_003: float64, float64 
[2022-12-30 16:24:29,567 ] 85 root-INFO-Hypothesis ba_004: float64, float64 
[2022-12-30 16:24:29,573 ] 85 root-INFO-Hypothesis ba_005: float64, float64 
[2022-12-30 16:24:29,580 ] 85 root-INFO-Hypothesis ba_006: float64, float64 
[2022-12-30 16:24:29,587 ] 85 root-INFO-Hypothesis ba_007: float64, float64 
[2022-12-30 16:24:29,593 ] 85 root-INFO-Hypothesis ba_008: float64, float64 
[2022-12-30 16:24:29,599 ] 85 root-INFO-Hypothesis ba_009: float64, float64 
[2022-12-30 16:24:29,603 ] 85 root-INFO-Hypothesis bb_000: float64, float64 
[2022-12-30 16:24:29,611 ] 85 root-INFO-Hypothesis bc_000: float64, float64 
[2022-12-30 16:24:29,616 ] 85 root-INFO-Hypothesis bd_000: float64, float64 
[2022-12-30 16:24:29,622 ] 85 root-INFO-Hypothesis be_000: float64, float64 
[2022-12-30 16:24:29,628 ] 85 root-INFO-Hypothesis bf_000: float64, float64 
[2022-12-30 16:24:29,633 ] 85 root-INFO-Hypothesis bg_000: float64, float64 
[2022-12-30 16:24:29,640 ] 85 root-INFO-Hypothesis bh_000: float64, float64 
[2022-12-30 16:24:29,647 ] 85 root-INFO-Hypothesis bi_000: float64, float64 
[2022-12-30 16:24:29,654 ] 85 root-INFO-Hypothesis bj_000: float64, float64 
[2022-12-30 16:24:29,661 ] 85 root-INFO-Hypothesis bs_000: float64, float64 
[2022-12-30 16:24:29,668 ] 85 root-INFO-Hypothesis bt_000: float64, float64 
[2022-12-30 16:24:29,675 ] 85 root-INFO-Hypothesis bu_000: float64, float64 
[2022-12-30 16:24:29,682 ] 85 root-INFO-Hypothesis bv_000: float64, float64 
[2022-12-30 16:24:29,689 ] 85 root-INFO-Hypothesis bx_000: float64, float64 
[2022-12-30 16:24:29,696 ] 85 root-INFO-Hypothesis by_000: float64, float64 
[2022-12-30 16:24:29,703 ] 85 root-INFO-Hypothesis bz_000: float64, float64 
[2022-12-30 16:24:29,709 ] 85 root-INFO-Hypothesis ca_000: float64, float64 
[2022-12-30 16:24:29,716 ] 85 root-INFO-Hypothesis cb_000: float64, float64 
[2022-12-30 16:24:29,723 ] 85 root-INFO-Hypothesis cc_000: float64, float64 
[2022-12-30 16:24:29,730 ] 85 root-INFO-Hypothesis cd_000: float64, float64 
[2022-12-30 16:24:29,746 ] 85 root-INFO-Hypothesis ce_000: float64, float64 
[2022-12-30 16:24:29,752 ] 85 root-INFO-Hypothesis ci_000: float64, float64 
[2022-12-30 16:24:29,759 ] 85 root-INFO-Hypothesis cj_000: float64, float64 
[2022-12-30 16:24:29,763 ] 85 root-INFO-Hypothesis ck_000: float64, float64 
[2022-12-30 16:24:29,770 ] 85 root-INFO-Hypothesis cl_000: float64, float64 
[2022-12-30 16:24:29,774 ] 85 root-INFO-Hypothesis cm_000: float64, float64 
[2022-12-30 16:24:29,779 ] 85 root-INFO-Hypothesis cn_000: float64, float64 
[2022-12-30 16:24:29,795 ] 85 root-INFO-Hypothesis cn_001: float64, float64 
[2022-12-30 16:24:29,799 ] 85 root-INFO-Hypothesis cn_002: float64, float64 
[2022-12-30 16:24:29,804 ] 85 root-INFO-Hypothesis cn_003: float64, float64 
[2022-12-30 16:24:29,811 ] 85 root-INFO-Hypothesis cn_004: float64, float64 
[2022-12-30 16:24:29,818 ] 85 root-INFO-Hypothesis cn_005: float64, float64 
[2022-12-30 16:24:29,826 ] 85 root-INFO-Hypothesis cn_006: float64, float64 
[2022-12-30 16:24:29,833 ] 85 root-INFO-Hypothesis cn_007: float64, float64 
[2022-12-30 16:24:29,840 ] 85 root-INFO-Hypothesis cn_008: float64, float64 
[2022-12-30 16:24:29,846 ] 85 root-INFO-Hypothesis cn_009: float64, float64 
[2022-12-30 16:24:29,851 ] 85 root-INFO-Hypothesis cp_000: float64, float64 
[2022-12-30 16:24:29,857 ] 85 root-INFO-Hypothesis cq_000: float64, float64 
[2022-12-30 16:24:29,864 ] 85 root-INFO-Hypothesis cs_000: float64, float64 
[2022-12-30 16:24:29,871 ] 85 root-INFO-Hypothesis cs_001: float64, float64 
[2022-12-30 16:24:29,877 ] 85 root-INFO-Hypothesis cs_002: float64, float64 
[2022-12-30 16:24:29,884 ] 85 root-INFO-Hypothesis cs_003: float64, float64 
[2022-12-30 16:24:29,891 ] 85 root-INFO-Hypothesis cs_004: float64, float64 
[2022-12-30 16:24:29,900 ] 85 root-INFO-Hypothesis cs_005: float64, float64 
[2022-12-30 16:24:29,907 ] 85 root-INFO-Hypothesis cs_006: float64, float64 
[2022-12-30 16:24:29,915 ] 85 root-INFO-Hypothesis cs_007: float64, float64 
[2022-12-30 16:24:29,922 ] 85 root-INFO-Hypothesis cs_008: float64, float64 
[2022-12-30 16:24:29,927 ] 85 root-INFO-Hypothesis cs_009: float64, float64 
[2022-12-30 16:24:29,942 ] 85 root-INFO-Hypothesis dd_000: float64, float64 
[2022-12-30 16:24:29,948 ] 85 root-INFO-Hypothesis de_000: float64, float64 
[2022-12-30 16:24:29,954 ] 85 root-INFO-Hypothesis df_000: float64, float64 
[2022-12-30 16:24:29,958 ] 85 root-INFO-Hypothesis dg_000: float64, float64 
[2022-12-30 16:24:29,961 ] 85 root-INFO-Hypothesis dh_000: float64, float64 
[2022-12-30 16:24:29,965 ] 85 root-INFO-Hypothesis di_000: float64, float64 
[2022-12-30 16:24:29,969 ] 85 root-INFO-Hypothesis dj_000: float64, float64 
[2022-12-30 16:24:29,984 ] 85 root-INFO-Hypothesis dk_000: float64, float64 
[2022-12-30 16:24:29,988 ] 85 root-INFO-Hypothesis dl_000: float64, float64 
[2022-12-30 16:24:30,004 ] 85 root-INFO-Hypothesis dm_000: float64, float64 
[2022-12-30 16:24:30,021 ] 85 root-INFO-Hypothesis dn_000: float64, float64 
[2022-12-30 16:24:30,028 ] 85 root-INFO-Hypothesis do_000: float64, float64 
[2022-12-30 16:24:30,034 ] 85 root-INFO-Hypothesis dp_000: float64, float64 
[2022-12-30 16:24:30,041 ] 85 root-INFO-Hypothesis dq_000: float64, float64 
[2022-12-30 16:24:30,045 ] 85 root-INFO-Hypothesis dr_000: float64, float64 
[2022-12-30 16:24:30,049 ] 85 root-INFO-Hypothesis ds_000: float64, float64 
[2022-12-30 16:24:30,056 ] 85 root-INFO-Hypothesis dt_000: float64, float64 
[2022-12-30 16:24:30,063 ] 85 root-INFO-Hypothesis du_000: float64, float64 
[2022-12-30 16:24:30,071 ] 85 root-INFO-Hypothesis dv_000: float64, float64 
[2022-12-30 16:24:30,078 ] 85 root-INFO-Hypothesis dx_000: float64, float64 
[2022-12-30 16:24:30,083 ] 85 root-INFO-Hypothesis dy_000: float64, float64 
[2022-12-30 16:24:30,088 ] 85 root-INFO-Hypothesis dz_000: float64, float64 
[2022-12-30 16:24:30,103 ] 85 root-INFO-Hypothesis ea_000: float64, float64 
[2022-12-30 16:24:30,118 ] 85 root-INFO-Hypothesis eb_000: float64, float64 
[2022-12-30 16:24:30,125 ] 85 root-INFO-Hypothesis ec_00: float64, float64 
[2022-12-30 16:24:30,131 ] 85 root-INFO-Hypothesis ed_000: float64, float64 
[2022-12-30 16:24:30,137 ] 85 root-INFO-Hypothesis ee_000: float64, float64 
[2022-12-30 16:24:30,145 ] 85 root-INFO-Hypothesis ee_001: float64, float64 
[2022-12-30 16:24:30,152 ] 85 root-INFO-Hypothesis ee_002: float64, float64 
[2022-12-30 16:24:30,159 ] 85 root-INFO-Hypothesis ee_003: float64, float64 
[2022-12-30 16:24:30,166 ] 85 root-INFO-Hypothesis ee_004: float64, float64 
[2022-12-30 16:24:30,173 ] 85 root-INFO-Hypothesis ee_005: float64, float64 
[2022-12-30 16:24:30,179 ] 85 root-INFO-Hypothesis ee_006: float64, float64 
[2022-12-30 16:24:30,186 ] 85 root-INFO-Hypothesis ee_007: float64, float64 
[2022-12-30 16:24:30,193 ] 85 root-INFO-Hypothesis ee_008: float64, float64 
[2022-12-30 16:24:30,199 ] 85 root-INFO-Hypothesis ee_009: float64, float64 
[2022-12-30 16:24:30,204 ] 85 root-INFO-Hypothesis ef_000: float64, float64 
[2022-12-30 16:24:30,220 ] 85 root-INFO-Hypothesis eg_000: float64, float64 
[2022-12-30 16:24:30,235 ] 144 root-INFO-Write report in yaml file
[2022-12-30 16:24:30,304 ] 149 root-INFO-Data validation artifact: DataValidationArtifact(report_file_path='/config/workspace/artifact/12302022__162355/data_validation/report.yaml')
[2022-12-30 16:24:30,306 ] 24 root-INFO->>>>>>>>>>>>>>>>>>>>>>>>>>>>>>>>>>>>>>>> Data Transformation <<<<<<<<<<<<<<<<<<<<<<<<<<<<<<<<<<<<<<<<
[2022-12-30 16:24:31,211 ] 75 root-INFO-Before resampling in training set Input: (28950, 170) Target:(28950,)
[2022-12-30 16:24:36,778 ] 77 root-INFO-After resampling in training set Input: (56152, 170) Target:(56152,)
[2022-12-30 16:24:36,778 ] 79 root-INFO-Before resampling in testing set Input: (7238, 170) Target:(7238,)
[2022-12-30 16:24:37,438 ] 81 root-INFO-After resampling in testing set Input: (14072, 170) Target:(14072,)
[2022-12-30 16:24:37,548 ] 44 root-INFO-Entered the save_object method of utils
[2022-12-30 16:24:37,550 ] 48 root-INFO-Exited the save_object method of utils
[2022-12-30 16:24:37,551 ] 44 root-INFO-Entered the save_object method of utils
[2022-12-30 16:24:37,551 ] 48 root-INFO-Exited the save_object method of utils
[2022-12-30 16:24:37,551 ] 112 root-INFO-Data transformation object DataTransformationArtifact(transform_object_path='/config/workspace/artifact/12302022__162355/data_transformation/transformer/transformer.pkl', transformed_train_path='/config/workspace/artifact/12302022__162355/data_transformation/transformed/train.npz', transformed_test_path='/config/workspace/artifact/12302022__162355/data_transformation/transformed/test.npz', target_encoder_path='/config/workspace/artifact/12302022__162355/data_transformation/target_encoder/target_encoder.pkl')
[2022-12-30 16:24:37,553 ] 18 root-INFO->>>>>>>>>>>>>>>>>>>>>>>>>>>>>>>>>>>>>>>> Model Trainer <<<<<<<<<<<<<<<<<<<<<<<<<<<<<<<<<<<<<<<<
[2022-12-30 16:24:37,553 ] 45 root-INFO-Loading train and test array.
[2022-12-30 16:24:37,583 ] 49 root-INFO-Splitting input and target feature from both train and test arr.
[2022-12-30 16:24:37,583 ] 53 root-INFO-Train the model
[2022-12-30 16:24:49,333 ] 56 root-INFO-Calculating f1 train score
[2022-12-30 16:24:49,381 ] 60 root-INFO-Calculating f1 test score
[2022-12-30 16:24:49,395 ] 64 root-INFO-train score:0.9999821908781678 and tests score 0.9694011365292147
[2022-12-30 16:24:49,395 ] 66 root-INFO-Checking if our model is underfitting or not
[2022-12-30 16:24:49,395 ] 71 root-INFO-Checking if our model is overfiiting or not
[2022-12-30 16:24:49,395 ] 78 root-INFO-Saving mode object
[2022-12-30 16:24:49,395 ] 44 root-INFO-Entered the save_object method of utils
[2022-12-30 16:24:49,401 ] 48 root-INFO-Exited the save_object method of utils
[2022-12-30 16:24:49,401 ] 82 root-INFO-Prepare the artifact
[2022-12-30 16:24:49,401 ] 85 root-INFO-Model trainer artifact: ModelTrainerArtifact(model_path='/config/workspace/artifact/12302022__162355/model_trainer/model/model.pkl', f1_train_score=0.9999821908781678, f1_test_score=0.9694011365292147)
[2022-12-30 16:24:49,403 ] 19 root-INFO->>>>>>>>>>>>>>>>>>>>>>>>>>>>>>>>>>>>>>>>  Model Evaluation <<<<<<<<<<<<<<<<<<<<<<<<<<<<<<<<<<<<<<<<
[2022-12-30 16:24:49,403 ] 35 root-INFO-if saved model folder has model the we will compare which model is best trained or the model from saved model folder
[2022-12-30 16:24:49,403 ] 46 root-INFO-Finding location of transformer model and target encoder
[2022-12-30 16:24:49,403 ] 51 root-INFO-Previous trained objects of transformer, model and target encoder
[2022-12-30 16:24:49,409 ] 58 root-INFO-Currently trained model objects
[2022-12-30 16:24:49,578 ] 76 root-INFO-Accuracy using previous trained model: 0.8
[2022-12-30 16:24:49,611 ] 85 root-INFO-Accuracy using current trained model: 0.8
[2022-12-30 16:24:49,612 ] 87 root-INFO-Current trained model is not better than previous model
