[2022-12-30 15:57:14,543 ] 14 root-INFO->>>>>>>>>>>>>>>>>>>>>>>>>>>>>>>>>>>>>>>> Data Ingestion <<<<<<<<<<<<<<<<<<<<<<<<<<<<<<<<<<<<<<<<
[2022-12-30 15:57:14,543 ] 21 root-INFO-Exporting collection data as pandas dataframe
[2022-12-30 15:57:17,851 ] 14 root-INFO-Found columns: Index(['_id', 'class', 'aa_000', 'ab_000', 'ac_000', 'ad_000', 'ae_000',
       'af_000', 'ag_000', 'ag_001',
       ...
       'ee_002', 'ee_003', 'ee_004', 'ee_005', 'ee_006', 'ee_007', 'ee_008',
       'ee_009', 'ef_000', 'eg_000'],
      dtype='object', length=172)
[2022-12-30 15:57:17,851 ] 16 root-INFO-Dropping column: _id 
[2022-12-30 15:57:18,053 ] 18 root-INFO-Row and columns in df: (36188, 171)
[2022-12-30 15:57:18,053 ] 27 root-INFO-Save data in feature store
[2022-12-30 15:57:18,592 ] 32 root-INFO-Create feature store folder if not available
[2022-12-30 15:57:18,593 ] 36 root-INFO-Save df to feature store folder
[2022-12-30 15:57:20,996 ] 41 root-INFO-split dataset into train and test set
[2022-12-30 15:57:21,593 ] 45 root-INFO-create dataset directory folder if not available
[2022-12-30 15:57:21,594 ] 50 root-INFO-Save df to feature store folder
[2022-12-30 15:57:23,865 ] 62 root-INFO-Data ingestion artifact: DataIngestionArtifact(feature_store_file_path='/config/workspace/artifact/12302022__155714/data_ingestion/feature_store/sensor.csv', train_file_path='/config/workspace/artifact/12302022__155714/data_ingestion/dataset/train.csv', test_file_path='/config/workspace/artifact/12302022__155714/data_ingestion/dataset/test.csv')
[2022-12-30 15:57:24,306 ] 21 root-INFO-Exporting collection data as pandas dataframe
[2022-12-30 15:57:27,681 ] 14 root-INFO-Found columns: Index(['_id', 'class', 'aa_000', 'ab_000', 'ac_000', 'ad_000', 'ae_000',
       'af_000', 'ag_000', 'ag_001',
       ...
       'ee_002', 'ee_003', 'ee_004', 'ee_005', 'ee_006', 'ee_007', 'ee_008',
       'ee_009', 'ef_000', 'eg_000'],
      dtype='object', length=172)
[2022-12-30 15:57:27,681 ] 16 root-INFO-Dropping column: _id 
[2022-12-30 15:57:27,881 ] 18 root-INFO-Row and columns in df: (36188, 171)
[2022-12-30 15:57:27,881 ] 27 root-INFO-Save data in feature store
[2022-12-30 15:57:28,424 ] 32 root-INFO-Create feature store folder if not available
[2022-12-30 15:57:28,424 ] 36 root-INFO-Save df to feature store folder
[2022-12-30 15:57:30,919 ] 41 root-INFO-split dataset into train and test set
[2022-12-30 15:57:31,517 ] 45 root-INFO-create dataset directory folder if not available
[2022-12-30 15:57:31,517 ] 50 root-INFO-Save df to feature store folder
[2022-12-30 15:57:33,909 ] 62 root-INFO-Data ingestion artifact: DataIngestionArtifact(feature_store_file_path='/config/workspace/artifact/12302022__155714/data_ingestion/feature_store/sensor.csv', train_file_path='/config/workspace/artifact/12302022__155714/data_ingestion/dataset/train.csv', test_file_path='/config/workspace/artifact/12302022__155714/data_ingestion/dataset/test.csv')
[2022-12-30 15:57:34,450 ] 19 root-INFO->>>>>>>>>>>>>>>>>>>>>>>>>>>>>>>>>>>>>>>> Data Validation <<<<<<<<<<<<<<<<<<<<<<<<<<<<<<<<<<<<<<<<
[2022-12-30 15:57:34,451 ] 107 root-INFO-Reading base dataframe
[2022-12-30 15:57:37,500 ] 110 root-INFO-Replace na value in base df
[2022-12-30 15:57:37,500 ] 112 root-INFO-Drop null values colums from base df
[2022-12-30 15:57:38,458 ] 40 root-INFO-selecting column name which contains null above to 0.2
[2022-12-30 15:57:38,458 ] 43 root-INFO-Columns to drop: ['ab_000', 'ad_000', 'bk_000', 'bl_000', 'bm_000', 'bn_000', 'bo_000', 'bp_000', 'bq_000', 'br_000', 'cf_000', 'cg_000', 'ch_000', 'co_000', 'cr_000', 'ct_000', 'cu_000', 'cv_000', 'cx_000', 'cy_000', 'cz_000', 'da_000', 'db_000', 'dc_000']
[2022-12-30 15:57:38,582 ] 115 root-INFO-Reading train dataframe
[2022-12-30 15:57:38,973 ] 117 root-INFO-Reading test dataframe
[2022-12-30 15:57:39,076 ] 120 root-INFO-Drop null values colums from train df
[2022-12-30 15:57:39,087 ] 40 root-INFO-selecting column name which contains null above to 0.2
[2022-12-30 15:57:39,088 ] 43 root-INFO-Columns to drop: ['ab_000', 'ad_000', 'bk_000', 'bl_000', 'bm_000', 'bn_000', 'bo_000', 'bp_000', 'bq_000', 'br_000', 'cf_000', 'cg_000', 'ch_000', 'co_000', 'cr_000', 'ct_000', 'cu_000', 'cv_000', 'cx_000', 'cy_000', 'cz_000', 'da_000', 'db_000', 'dc_000']
[2022-12-30 15:57:39,100 ] 122 root-INFO-Drop null values colums from test df
[2022-12-30 15:57:39,104 ] 40 root-INFO-selecting column name which contains null above to 0.2
[2022-12-30 15:57:39,104 ] 43 root-INFO-Columns to drop: ['ab_000', 'ad_000', 'bk_000', 'bl_000', 'bm_000', 'bn_000', 'bo_000', 'bp_000', 'bq_000', 'br_000', 'cf_000', 'cg_000', 'ch_000', 'co_000', 'cr_000', 'ct_000', 'cu_000', 'cv_000', 'cx_000', 'cy_000', 'cz_000', 'da_000', 'db_000', 'dc_000']
[2022-12-30 15:57:45,360 ] 131 root-INFO-Is all required columns present in train df
[2022-12-30 15:57:45,360 ] 133 root-INFO-Is all required columns present in test df
[2022-12-30 15:57:45,361 ] 137 root-INFO-As all column are available in train df hence detecting data drift
[2022-12-30 15:57:45,361 ] 85 root-INFO-Hypothesis class: object, object 
[2022-12-30 15:57:45,495 ] 85 root-INFO-Hypothesis aa_000: float64, float64 
[2022-12-30 15:57:45,506 ] 85 root-INFO-Hypothesis ac_000: float64, float64 
[2022-12-30 15:57:45,546 ] 85 root-INFO-Hypothesis ae_000: float64, float64 
[2022-12-30 15:57:45,583 ] 85 root-INFO-Hypothesis af_000: float64, float64 
[2022-12-30 15:57:45,621 ] 85 root-INFO-Hypothesis ag_000: float64, float64 
[2022-12-30 15:57:45,657 ] 85 root-INFO-Hypothesis ag_001: float64, float64 
[2022-12-30 15:57:45,694 ] 85 root-INFO-Hypothesis ag_002: float64, float64 
[2022-12-30 15:57:45,730 ] 85 root-INFO-Hypothesis ag_003: float64, float64 
[2022-12-30 15:57:45,736 ] 85 root-INFO-Hypothesis ag_004: float64, float64 
[2022-12-30 15:57:45,746 ] 85 root-INFO-Hypothesis ag_005: float64, float64 
[2022-12-30 15:57:45,757 ] 85 root-INFO-Hypothesis ag_006: float64, float64 
[2022-12-30 15:57:45,767 ] 85 root-INFO-Hypothesis ag_007: float64, float64 
[2022-12-30 15:57:45,777 ] 85 root-INFO-Hypothesis ag_008: float64, float64 
[2022-12-30 15:57:45,786 ] 85 root-INFO-Hypothesis ag_009: float64, float64 
[2022-12-30 15:57:45,793 ] 85 root-INFO-Hypothesis ah_000: float64, float64 
[2022-12-30 15:57:45,803 ] 85 root-INFO-Hypothesis ai_000: float64, float64 
[2022-12-30 15:57:45,841 ] 85 root-INFO-Hypothesis aj_000: float64, float64 
[2022-12-30 15:57:45,847 ] 85 root-INFO-Hypothesis ak_000: float64, float64 
[2022-12-30 15:57:45,885 ] 85 root-INFO-Hypothesis al_000: float64, float64 
[2022-12-30 15:57:45,893 ] 85 root-INFO-Hypothesis am_0: float64, float64 
[2022-12-30 15:57:45,900 ] 85 root-INFO-Hypothesis an_000: float64, float64 
[2022-12-30 15:57:45,911 ] 85 root-INFO-Hypothesis ao_000: float64, float64 
[2022-12-30 15:57:45,922 ] 85 root-INFO-Hypothesis ap_000: float64, float64 
[2022-12-30 15:57:45,932 ] 85 root-INFO-Hypothesis aq_000: float64, float64 
[2022-12-30 15:57:45,943 ] 85 root-INFO-Hypothesis ar_000: float64, float64 
[2022-12-30 15:57:45,979 ] 85 root-INFO-Hypothesis as_000: float64, float64 
[2022-12-30 15:57:46,015 ] 85 root-INFO-Hypothesis at_000: float64, float64 
[2022-12-30 15:57:46,053 ] 85 root-INFO-Hypothesis au_000: float64, float64 
[2022-12-30 15:57:46,088 ] 85 root-INFO-Hypothesis av_000: float64, float64 
[2022-12-30 15:57:46,097 ] 85 root-INFO-Hypothesis ax_000: float64, float64 
[2022-12-30 15:57:46,105 ] 85 root-INFO-Hypothesis ay_000: float64, float64 
[2022-12-30 15:57:46,141 ] 85 root-INFO-Hypothesis ay_001: float64, float64 
[2022-12-30 15:57:46,177 ] 85 root-INFO-Hypothesis ay_002: float64, float64 
[2022-12-30 15:57:46,213 ] 85 root-INFO-Hypothesis ay_003: float64, float64 
[2022-12-30 15:57:46,249 ] 85 root-INFO-Hypothesis ay_004: float64, float64 
[2022-12-30 15:57:46,285 ] 85 root-INFO-Hypothesis ay_005: float64, float64 
[2022-12-30 15:57:46,325 ] 85 root-INFO-Hypothesis ay_006: float64, float64 
[2022-12-30 15:57:46,335 ] 85 root-INFO-Hypothesis ay_007: float64, float64 
[2022-12-30 15:57:46,345 ] 85 root-INFO-Hypothesis ay_008: float64, float64 
[2022-12-30 15:57:46,355 ] 85 root-INFO-Hypothesis ay_009: float64, float64 
[2022-12-30 15:57:46,396 ] 85 root-INFO-Hypothesis az_000: float64, float64 
[2022-12-30 15:57:46,406 ] 85 root-INFO-Hypothesis az_001: float64, float64 
[2022-12-30 15:57:46,415 ] 85 root-INFO-Hypothesis az_002: float64, float64 
[2022-12-30 15:57:46,425 ] 85 root-INFO-Hypothesis az_003: float64, float64 
[2022-12-30 15:57:46,435 ] 85 root-INFO-Hypothesis az_004: float64, float64 
[2022-12-30 15:57:46,445 ] 85 root-INFO-Hypothesis az_005: float64, float64 
[2022-12-30 15:57:46,456 ] 85 root-INFO-Hypothesis az_006: float64, float64 
[2022-12-30 15:57:46,497 ] 85 root-INFO-Hypothesis az_007: float64, float64 
[2022-12-30 15:57:46,536 ] 85 root-INFO-Hypothesis az_008: float64, float64 
[2022-12-30 15:57:46,572 ] 85 root-INFO-Hypothesis az_009: float64, float64 
[2022-12-30 15:57:46,609 ] 85 root-INFO-Hypothesis ba_000: float64, float64 
[2022-12-30 15:57:46,620 ] 85 root-INFO-Hypothesis ba_001: float64, float64 
[2022-12-30 15:57:46,630 ] 85 root-INFO-Hypothesis ba_002: float64, float64 
[2022-12-30 15:57:46,641 ] 85 root-INFO-Hypothesis ba_003: float64, float64 
[2022-12-30 15:57:46,651 ] 85 root-INFO-Hypothesis ba_004: float64, float64 
[2022-12-30 15:57:46,661 ] 85 root-INFO-Hypothesis ba_005: float64, float64 
[2022-12-30 15:57:46,671 ] 85 root-INFO-Hypothesis ba_006: float64, float64 
[2022-12-30 15:57:46,681 ] 85 root-INFO-Hypothesis ba_007: float64, float64 
[2022-12-30 15:57:46,691 ] 85 root-INFO-Hypothesis ba_008: float64, float64 
[2022-12-30 15:57:46,731 ] 85 root-INFO-Hypothesis ba_009: float64, float64 
[2022-12-30 15:57:46,770 ] 85 root-INFO-Hypothesis bb_000: float64, float64 
[2022-12-30 15:57:46,780 ] 85 root-INFO-Hypothesis bc_000: float64, float64 
[2022-12-30 15:57:46,820 ] 85 root-INFO-Hypothesis bd_000: float64, float64 
[2022-12-30 15:57:46,829 ] 85 root-INFO-Hypothesis be_000: float64, float64 
[2022-12-30 15:57:46,838 ] 85 root-INFO-Hypothesis bf_000: float64, float64 
[2022-12-30 15:57:46,845 ] 85 root-INFO-Hypothesis bg_000: float64, float64 
[2022-12-30 15:57:46,855 ] 85 root-INFO-Hypothesis bh_000: float64, float64 
[2022-12-30 15:57:46,866 ] 85 root-INFO-Hypothesis bi_000: float64, float64 
[2022-12-30 15:57:46,877 ] 85 root-INFO-Hypothesis bj_000: float64, float64 
[2022-12-30 15:57:46,888 ] 85 root-INFO-Hypothesis bs_000: float64, float64 
[2022-12-30 15:57:46,898 ] 85 root-INFO-Hypothesis bt_000: float64, float64 
[2022-12-30 15:57:46,909 ] 85 root-INFO-Hypothesis bu_000: float64, float64 
[2022-12-30 15:57:46,920 ] 85 root-INFO-Hypothesis bv_000: float64, float64 
[2022-12-30 15:57:46,930 ] 85 root-INFO-Hypothesis bx_000: float64, float64 
[2022-12-30 15:57:46,941 ] 85 root-INFO-Hypothesis by_000: float64, float64 
[2022-12-30 15:57:46,951 ] 85 root-INFO-Hypothesis bz_000: float64, float64 
[2022-12-30 15:57:46,961 ] 85 root-INFO-Hypothesis ca_000: float64, float64 
[2022-12-30 15:57:46,972 ] 85 root-INFO-Hypothesis cb_000: float64, float64 
[2022-12-30 15:57:46,984 ] 85 root-INFO-Hypothesis cc_000: float64, float64 
[2022-12-30 15:57:46,995 ] 85 root-INFO-Hypothesis cd_000: float64, float64 
[2022-12-30 15:57:47,033 ] 85 root-INFO-Hypothesis ce_000: float64, float64 
[2022-12-30 15:57:47,044 ] 85 root-INFO-Hypothesis ci_000: float64, float64 
[2022-12-30 15:57:47,055 ] 85 root-INFO-Hypothesis cj_000: float64, float64 
[2022-12-30 15:57:47,094 ] 85 root-INFO-Hypothesis ck_000: float64, float64 
[2022-12-30 15:57:47,105 ] 85 root-INFO-Hypothesis cl_000: float64, float64 
[2022-12-30 15:57:47,111 ] 85 root-INFO-Hypothesis cm_000: float64, float64 
[2022-12-30 15:57:47,119 ] 85 root-INFO-Hypothesis cn_000: float64, float64 
[2022-12-30 15:57:47,156 ] 85 root-INFO-Hypothesis cn_001: float64, float64 
[2022-12-30 15:57:47,195 ] 85 root-INFO-Hypothesis cn_002: float64, float64 
[2022-12-30 15:57:47,204 ] 85 root-INFO-Hypothesis cn_003: float64, float64 
[2022-12-30 15:57:47,215 ] 85 root-INFO-Hypothesis cn_004: float64, float64 
[2022-12-30 15:57:47,226 ] 85 root-INFO-Hypothesis cn_005: float64, float64 
[2022-12-30 15:57:47,236 ] 85 root-INFO-Hypothesis cn_006: float64, float64 
[2022-12-30 15:57:47,247 ] 85 root-INFO-Hypothesis cn_007: float64, float64 
[2022-12-30 15:57:47,256 ] 85 root-INFO-Hypothesis cn_008: float64, float64 
[2022-12-30 15:57:47,266 ] 85 root-INFO-Hypothesis cn_009: float64, float64 
[2022-12-30 15:57:47,306 ] 85 root-INFO-Hypothesis cp_000: float64, float64 
[2022-12-30 15:57:47,347 ] 85 root-INFO-Hypothesis cq_000: float64, float64 
[2022-12-30 15:57:47,358 ] 85 root-INFO-Hypothesis cs_000: float64, float64 
[2022-12-30 15:57:47,368 ] 85 root-INFO-Hypothesis cs_001: float64, float64 
[2022-12-30 15:57:47,377 ] 85 root-INFO-Hypothesis cs_002: float64, float64 
[2022-12-30 15:57:47,388 ] 85 root-INFO-Hypothesis cs_003: float64, float64 
[2022-12-30 15:57:47,399 ] 85 root-INFO-Hypothesis cs_004: float64, float64 
[2022-12-30 15:57:47,409 ] 85 root-INFO-Hypothesis cs_005: float64, float64 
[2022-12-30 15:57:47,420 ] 85 root-INFO-Hypothesis cs_006: float64, float64 
[2022-12-30 15:57:47,432 ] 85 root-INFO-Hypothesis cs_007: float64, float64 
[2022-12-30 15:57:47,442 ] 85 root-INFO-Hypothesis cs_008: float64, float64 
[2022-12-30 15:57:47,482 ] 85 root-INFO-Hypothesis cs_009: float64, float64 
[2022-12-30 15:57:47,518 ] 85 root-INFO-Hypothesis dd_000: float64, float64 
[2022-12-30 15:57:47,528 ] 85 root-INFO-Hypothesis de_000: float64, float64 
[2022-12-30 15:57:47,537 ] 85 root-INFO-Hypothesis df_000: float64, float64 
[2022-12-30 15:57:47,573 ] 85 root-INFO-Hypothesis dg_000: float64, float64 
[2022-12-30 15:57:47,610 ] 85 root-INFO-Hypothesis dh_000: float64, float64 
[2022-12-30 15:57:47,615 ] 85 root-INFO-Hypothesis di_000: float64, float64 
[2022-12-30 15:57:47,653 ] 85 root-INFO-Hypothesis dj_000: float64, float64 
[2022-12-30 15:57:47,690 ] 85 root-INFO-Hypothesis dk_000: float64, float64 
[2022-12-30 15:57:47,727 ] 85 root-INFO-Hypothesis dl_000: float64, float64 
[2022-12-30 15:57:47,764 ] 85 root-INFO-Hypothesis dm_000: float64, float64 
[2022-12-30 15:57:47,801 ] 85 root-INFO-Hypothesis dn_000: float64, float64 
[2022-12-30 15:57:47,811 ] 85 root-INFO-Hypothesis do_000: float64, float64 
[2022-12-30 15:57:47,821 ] 85 root-INFO-Hypothesis dp_000: float64, float64 
[2022-12-30 15:57:47,830 ] 85 root-INFO-Hypothesis dq_000: float64, float64 
[2022-12-30 15:57:47,869 ] 85 root-INFO-Hypothesis dr_000: float64, float64 
[2022-12-30 15:57:47,907 ] 85 root-INFO-Hypothesis ds_000: float64, float64 
[2022-12-30 15:57:47,917 ] 85 root-INFO-Hypothesis dt_000: float64, float64 
[2022-12-30 15:57:47,927 ] 85 root-INFO-Hypothesis du_000: float64, float64 
[2022-12-30 15:57:47,938 ] 85 root-INFO-Hypothesis dv_000: float64, float64 
[2022-12-30 15:57:47,948 ] 85 root-INFO-Hypothesis dx_000: float64, float64 
[2022-12-30 15:57:47,987 ] 85 root-INFO-Hypothesis dy_000: float64, float64 
[2022-12-30 15:57:48,032 ] 85 root-INFO-Hypothesis dz_000: float64, float64 
[2022-12-30 15:57:48,072 ] 85 root-INFO-Hypothesis ea_000: float64, float64 
[2022-12-30 15:57:48,108 ] 85 root-INFO-Hypothesis eb_000: float64, float64 
[2022-12-30 15:57:48,117 ] 85 root-INFO-Hypothesis ec_00: float64, float64 
[2022-12-30 15:57:48,128 ] 85 root-INFO-Hypothesis ed_000: float64, float64 
[2022-12-30 15:57:48,137 ] 85 root-INFO-Hypothesis ee_000: float64, float64 
[2022-12-30 15:57:48,148 ] 85 root-INFO-Hypothesis ee_001: float64, float64 
[2022-12-30 15:57:48,160 ] 85 root-INFO-Hypothesis ee_002: float64, float64 
[2022-12-30 15:57:48,170 ] 85 root-INFO-Hypothesis ee_003: float64, float64 
[2022-12-30 15:57:48,181 ] 85 root-INFO-Hypothesis ee_004: float64, float64 
[2022-12-30 15:57:48,192 ] 85 root-INFO-Hypothesis ee_005: float64, float64 
[2022-12-30 15:57:48,202 ] 85 root-INFO-Hypothesis ee_006: float64, float64 
[2022-12-30 15:57:48,213 ] 85 root-INFO-Hypothesis ee_007: float64, float64 
[2022-12-30 15:57:48,223 ] 85 root-INFO-Hypothesis ee_008: float64, float64 
[2022-12-30 15:57:48,233 ] 85 root-INFO-Hypothesis ee_009: float64, float64 
[2022-12-30 15:57:48,241 ] 85 root-INFO-Hypothesis ef_000: float64, float64 
[2022-12-30 15:57:48,277 ] 85 root-INFO-Hypothesis eg_000: float64, float64 
[2022-12-30 15:57:48,313 ] 140 root-INFO-As all column are available in test df hence detecting data drift
[2022-12-30 15:57:48,313 ] 85 root-INFO-Hypothesis class: object, object 
[2022-12-30 15:57:48,386 ] 85 root-INFO-Hypothesis aa_000: float64, float64 
[2022-12-30 15:57:48,393 ] 85 root-INFO-Hypothesis ac_000: float64, float64 
[2022-12-30 15:57:48,399 ] 85 root-INFO-Hypothesis ae_000: float64, float64 
[2022-12-30 15:57:48,414 ] 85 root-INFO-Hypothesis af_000: float64, float64 
[2022-12-30 15:57:48,430 ] 85 root-INFO-Hypothesis ag_000: float64, float64 
[2022-12-30 15:57:48,445 ] 85 root-INFO-Hypothesis ag_001: float64, float64 
[2022-12-30 15:57:48,461 ] 85 root-INFO-Hypothesis ag_002: float64, float64 
[2022-12-30 15:57:48,464 ] 85 root-INFO-Hypothesis ag_003: float64, float64 
[2022-12-30 15:57:48,468 ] 85 root-INFO-Hypothesis ag_004: float64, float64 
[2022-12-30 15:57:48,475 ] 85 root-INFO-Hypothesis ag_005: float64, float64 
[2022-12-30 15:57:48,483 ] 85 root-INFO-Hypothesis ag_006: float64, float64 
[2022-12-30 15:57:48,490 ] 85 root-INFO-Hypothesis ag_007: float64, float64 
[2022-12-30 15:57:48,496 ] 85 root-INFO-Hypothesis ag_008: float64, float64 
[2022-12-30 15:57:48,502 ] 85 root-INFO-Hypothesis ag_009: float64, float64 
[2022-12-30 15:57:48,507 ] 85 root-INFO-Hypothesis ah_000: float64, float64 
[2022-12-30 15:57:48,514 ] 85 root-INFO-Hypothesis ai_000: float64, float64 
[2022-12-30 15:57:48,517 ] 85 root-INFO-Hypothesis aj_000: float64, float64 
[2022-12-30 15:57:48,521 ] 85 root-INFO-Hypothesis ak_000: float64, float64 
[2022-12-30 15:57:48,524 ] 85 root-INFO-Hypothesis al_000: float64, float64 
[2022-12-30 15:57:48,529 ] 85 root-INFO-Hypothesis am_0: float64, float64 
[2022-12-30 15:57:48,534 ] 85 root-INFO-Hypothesis an_000: float64, float64 
[2022-12-30 15:57:48,541 ] 85 root-INFO-Hypothesis ao_000: float64, float64 
[2022-12-30 15:57:48,548 ] 85 root-INFO-Hypothesis ap_000: float64, float64 
[2022-12-30 15:57:48,556 ] 85 root-INFO-Hypothesis aq_000: float64, float64 
[2022-12-30 15:57:48,563 ] 85 root-INFO-Hypothesis ar_000: float64, float64 
[2022-12-30 15:57:48,578 ] 85 root-INFO-Hypothesis as_000: float64, float64 
[2022-12-30 15:57:48,593 ] 85 root-INFO-Hypothesis at_000: float64, float64 
[2022-12-30 15:57:48,609 ] 85 root-INFO-Hypothesis au_000: float64, float64 
[2022-12-30 15:57:48,624 ] 85 root-INFO-Hypothesis av_000: float64, float64 
[2022-12-30 15:57:48,629 ] 85 root-INFO-Hypothesis ax_000: float64, float64 
[2022-12-30 15:57:48,635 ] 85 root-INFO-Hypothesis ay_000: float64, float64 
[2022-12-30 15:57:48,650 ] 85 root-INFO-Hypothesis ay_001: float64, float64 
[2022-12-30 15:57:48,665 ] 85 root-INFO-Hypothesis ay_002: float64, float64 
[2022-12-30 15:57:48,680 ] 85 root-INFO-Hypothesis ay_003: float64, float64 
[2022-12-30 15:57:48,695 ] 85 root-INFO-Hypothesis ay_004: float64, float64 
[2022-12-30 15:57:48,710 ] 85 root-INFO-Hypothesis ay_005: float64, float64 
[2022-12-30 15:57:48,716 ] 85 root-INFO-Hypothesis ay_006: float64, float64 
[2022-12-30 15:57:48,722 ] 85 root-INFO-Hypothesis ay_007: float64, float64 
[2022-12-30 15:57:48,729 ] 85 root-INFO-Hypothesis ay_008: float64, float64 
[2022-12-30 15:57:48,736 ] 85 root-INFO-Hypothesis ay_009: float64, float64 
[2022-12-30 15:57:48,751 ] 85 root-INFO-Hypothesis az_000: float64, float64 
[2022-12-30 15:57:48,758 ] 85 root-INFO-Hypothesis az_001: float64, float64 
[2022-12-30 15:57:48,764 ] 85 root-INFO-Hypothesis az_002: float64, float64 
[2022-12-30 15:57:48,770 ] 85 root-INFO-Hypothesis az_003: float64, float64 
[2022-12-30 15:57:48,777 ] 85 root-INFO-Hypothesis az_004: float64, float64 
[2022-12-30 15:57:48,784 ] 85 root-INFO-Hypothesis az_005: float64, float64 
[2022-12-30 15:57:48,791 ] 85 root-INFO-Hypothesis az_006: float64, float64 
[2022-12-30 15:57:48,797 ] 85 root-INFO-Hypothesis az_007: float64, float64 
[2022-12-30 15:57:48,801 ] 85 root-INFO-Hypothesis az_008: float64, float64 
[2022-12-30 15:57:48,816 ] 85 root-INFO-Hypothesis az_009: float64, float64 
[2022-12-30 15:57:48,832 ] 85 root-INFO-Hypothesis ba_000: float64, float64 
[2022-12-30 15:57:48,839 ] 85 root-INFO-Hypothesis ba_001: float64, float64 
[2022-12-30 15:57:48,846 ] 85 root-INFO-Hypothesis ba_002: float64, float64 
[2022-12-30 15:57:48,853 ] 85 root-INFO-Hypothesis ba_003: float64, float64 
[2022-12-30 15:57:48,860 ] 85 root-INFO-Hypothesis ba_004: float64, float64 
[2022-12-30 15:57:48,867 ] 85 root-INFO-Hypothesis ba_005: float64, float64 
[2022-12-30 15:57:48,874 ] 85 root-INFO-Hypothesis ba_006: float64, float64 
[2022-12-30 15:57:48,880 ] 85 root-INFO-Hypothesis ba_007: float64, float64 
[2022-12-30 15:57:48,887 ] 85 root-INFO-Hypothesis ba_008: float64, float64 
[2022-12-30 15:57:48,892 ] 85 root-INFO-Hypothesis ba_009: float64, float64 
[2022-12-30 15:57:48,897 ] 85 root-INFO-Hypothesis bb_000: float64, float64 
[2022-12-30 15:57:48,904 ] 85 root-INFO-Hypothesis bc_000: float64, float64 
[2022-12-30 15:57:48,909 ] 85 root-INFO-Hypothesis bd_000: float64, float64 
[2022-12-30 15:57:48,915 ] 85 root-INFO-Hypothesis be_000: float64, float64 
[2022-12-30 15:57:48,920 ] 85 root-INFO-Hypothesis bf_000: float64, float64 
[2022-12-30 15:57:48,925 ] 85 root-INFO-Hypothesis bg_000: float64, float64 
[2022-12-30 15:57:48,932 ] 85 root-INFO-Hypothesis bh_000: float64, float64 
[2022-12-30 15:57:48,939 ] 85 root-INFO-Hypothesis bi_000: float64, float64 
[2022-12-30 15:57:48,946 ] 85 root-INFO-Hypothesis bj_000: float64, float64 
[2022-12-30 15:57:48,954 ] 85 root-INFO-Hypothesis bs_000: float64, float64 
[2022-12-30 15:57:48,961 ] 85 root-INFO-Hypothesis bt_000: float64, float64 
[2022-12-30 15:57:48,968 ] 85 root-INFO-Hypothesis bu_000: float64, float64 
[2022-12-30 15:57:48,974 ] 85 root-INFO-Hypothesis bv_000: float64, float64 
[2022-12-30 15:57:48,982 ] 85 root-INFO-Hypothesis bx_000: float64, float64 
[2022-12-30 15:57:48,989 ] 85 root-INFO-Hypothesis by_000: float64, float64 
[2022-12-30 15:57:48,995 ] 85 root-INFO-Hypothesis bz_000: float64, float64 
[2022-12-30 15:57:49,002 ] 85 root-INFO-Hypothesis ca_000: float64, float64 
[2022-12-30 15:57:49,009 ] 85 root-INFO-Hypothesis cb_000: float64, float64 
[2022-12-30 15:57:49,016 ] 85 root-INFO-Hypothesis cc_000: float64, float64 
[2022-12-30 15:57:49,023 ] 85 root-INFO-Hypothesis cd_000: float64, float64 
[2022-12-30 15:57:49,038 ] 85 root-INFO-Hypothesis ce_000: float64, float64 
[2022-12-30 15:57:49,044 ] 85 root-INFO-Hypothesis ci_000: float64, float64 
[2022-12-30 15:57:49,051 ] 85 root-INFO-Hypothesis cj_000: float64, float64 
[2022-12-30 15:57:49,056 ] 85 root-INFO-Hypothesis ck_000: float64, float64 
[2022-12-30 15:57:49,063 ] 85 root-INFO-Hypothesis cl_000: float64, float64 
[2022-12-30 15:57:49,068 ] 85 root-INFO-Hypothesis cm_000: float64, float64 
[2022-12-30 15:57:49,074 ] 85 root-INFO-Hypothesis cn_000: float64, float64 
[2022-12-30 15:57:49,094 ] 85 root-INFO-Hypothesis cn_001: float64, float64 
[2022-12-30 15:57:49,098 ] 85 root-INFO-Hypothesis cn_002: float64, float64 
[2022-12-30 15:57:49,105 ] 85 root-INFO-Hypothesis cn_003: float64, float64 
[2022-12-30 15:57:49,113 ] 85 root-INFO-Hypothesis cn_004: float64, float64 
[2022-12-30 15:57:49,120 ] 85 root-INFO-Hypothesis cn_005: float64, float64 
[2022-12-30 15:57:49,128 ] 85 root-INFO-Hypothesis cn_006: float64, float64 
[2022-12-30 15:57:49,135 ] 85 root-INFO-Hypothesis cn_007: float64, float64 
[2022-12-30 15:57:49,142 ] 85 root-INFO-Hypothesis cn_008: float64, float64 
[2022-12-30 15:57:49,148 ] 85 root-INFO-Hypothesis cn_009: float64, float64 
[2022-12-30 15:57:49,153 ] 85 root-INFO-Hypothesis cp_000: float64, float64 
[2022-12-30 15:57:49,159 ] 85 root-INFO-Hypothesis cq_000: float64, float64 
[2022-12-30 15:57:49,165 ] 85 root-INFO-Hypothesis cs_000: float64, float64 
[2022-12-30 15:57:49,172 ] 85 root-INFO-Hypothesis cs_001: float64, float64 
[2022-12-30 15:57:49,178 ] 85 root-INFO-Hypothesis cs_002: float64, float64 
[2022-12-30 15:57:49,185 ] 85 root-INFO-Hypothesis cs_003: float64, float64 
[2022-12-30 15:57:49,192 ] 85 root-INFO-Hypothesis cs_004: float64, float64 
[2022-12-30 15:57:49,199 ] 85 root-INFO-Hypothesis cs_005: float64, float64 
[2022-12-30 15:57:49,206 ] 85 root-INFO-Hypothesis cs_006: float64, float64 
[2022-12-30 15:57:49,213 ] 85 root-INFO-Hypothesis cs_007: float64, float64 
[2022-12-30 15:57:49,220 ] 85 root-INFO-Hypothesis cs_008: float64, float64 
[2022-12-30 15:57:49,226 ] 85 root-INFO-Hypothesis cs_009: float64, float64 
[2022-12-30 15:57:49,242 ] 85 root-INFO-Hypothesis dd_000: float64, float64 
[2022-12-30 15:57:49,248 ] 85 root-INFO-Hypothesis de_000: float64, float64 
[2022-12-30 15:57:49,254 ] 85 root-INFO-Hypothesis df_000: float64, float64 
[2022-12-30 15:57:49,258 ] 85 root-INFO-Hypothesis dg_000: float64, float64 
[2022-12-30 15:57:49,261 ] 85 root-INFO-Hypothesis dh_000: float64, float64 
[2022-12-30 15:57:49,265 ] 85 root-INFO-Hypothesis di_000: float64, float64 
[2022-12-30 15:57:49,269 ] 85 root-INFO-Hypothesis dj_000: float64, float64 
[2022-12-30 15:57:49,285 ] 85 root-INFO-Hypothesis dk_000: float64, float64 
[2022-12-30 15:57:49,288 ] 85 root-INFO-Hypothesis dl_000: float64, float64 
[2022-12-30 15:57:49,304 ] 85 root-INFO-Hypothesis dm_000: float64, float64 
[2022-12-30 15:57:49,319 ] 85 root-INFO-Hypothesis dn_000: float64, float64 
[2022-12-30 15:57:49,326 ] 85 root-INFO-Hypothesis do_000: float64, float64 
[2022-12-30 15:57:49,333 ] 85 root-INFO-Hypothesis dp_000: float64, float64 
[2022-12-30 15:57:49,339 ] 85 root-INFO-Hypothesis dq_000: float64, float64 
[2022-12-30 15:57:49,343 ] 85 root-INFO-Hypothesis dr_000: float64, float64 
[2022-12-30 15:57:49,348 ] 85 root-INFO-Hypothesis ds_000: float64, float64 
[2022-12-30 15:57:49,354 ] 85 root-INFO-Hypothesis dt_000: float64, float64 
[2022-12-30 15:57:49,361 ] 85 root-INFO-Hypothesis du_000: float64, float64 
[2022-12-30 15:57:49,368 ] 85 root-INFO-Hypothesis dv_000: float64, float64 
[2022-12-30 15:57:49,375 ] 85 root-INFO-Hypothesis dx_000: float64, float64 
[2022-12-30 15:57:49,379 ] 85 root-INFO-Hypothesis dy_000: float64, float64 
[2022-12-30 15:57:49,384 ] 85 root-INFO-Hypothesis dz_000: float64, float64 
[2022-12-30 15:57:49,400 ] 85 root-INFO-Hypothesis ea_000: float64, float64 
[2022-12-30 15:57:49,415 ] 85 root-INFO-Hypothesis eb_000: float64, float64 
[2022-12-30 15:57:49,421 ] 85 root-INFO-Hypothesis ec_00: float64, float64 
[2022-12-30 15:57:49,427 ] 85 root-INFO-Hypothesis ed_000: float64, float64 
[2022-12-30 15:57:49,433 ] 85 root-INFO-Hypothesis ee_000: float64, float64 
[2022-12-30 15:57:49,440 ] 85 root-INFO-Hypothesis ee_001: float64, float64 
[2022-12-30 15:57:49,448 ] 85 root-INFO-Hypothesis ee_002: float64, float64 
[2022-12-30 15:57:49,455 ] 85 root-INFO-Hypothesis ee_003: float64, float64 
[2022-12-30 15:57:49,462 ] 85 root-INFO-Hypothesis ee_004: float64, float64 
[2022-12-30 15:57:49,469 ] 85 root-INFO-Hypothesis ee_005: float64, float64 
[2022-12-30 15:57:49,476 ] 85 root-INFO-Hypothesis ee_006: float64, float64 
[2022-12-30 15:57:49,482 ] 85 root-INFO-Hypothesis ee_007: float64, float64 
[2022-12-30 15:57:49,489 ] 85 root-INFO-Hypothesis ee_008: float64, float64 
[2022-12-30 15:57:49,494 ] 85 root-INFO-Hypothesis ee_009: float64, float64 
[2022-12-30 15:57:49,500 ] 85 root-INFO-Hypothesis ef_000: float64, float64 
[2022-12-30 15:57:49,515 ] 85 root-INFO-Hypothesis eg_000: float64, float64 
[2022-12-30 15:57:49,530 ] 144 root-INFO-Write report in yaml file
[2022-12-30 15:57:49,599 ] 149 root-INFO-Data validation artifact: DataValidationArtifact(report_file_path='/config/workspace/artifact/12302022__155714/data_validation/report.yaml')
[2022-12-30 15:57:49,602 ] 24 root-INFO->>>>>>>>>>>>>>>>>>>>>>>>>>>>>>>>>>>>>>>> Data Transformation <<<<<<<<<<<<<<<<<<<<<<<<<<<<<<<<<<<<<<<<
[2022-12-30 15:57:50,508 ] 75 root-INFO-Before resampling in training set Input: (28950, 170) Target:(28950,)
[2022-12-30 15:57:56,046 ] 77 root-INFO-After resampling in training set Input: (56152, 170) Target:(56152,)
[2022-12-30 15:57:56,046 ] 79 root-INFO-Before resampling in testing set Input: (7238, 170) Target:(7238,)
[2022-12-30 15:57:56,695 ] 81 root-INFO-After resampling in testing set Input: (14072, 170) Target:(14072,)
[2022-12-30 15:57:56,809 ] 44 root-INFO-Entered the save_object method of utils
[2022-12-30 15:57:56,812 ] 48 root-INFO-Exited the save_object method of utils
[2022-12-30 15:57:56,812 ] 44 root-INFO-Entered the save_object method of utils
[2022-12-30 15:57:56,813 ] 48 root-INFO-Exited the save_object method of utils
[2022-12-30 15:57:56,813 ] 112 root-INFO-Data transformation object DataTransformationArtifact(transform_object_path='/config/workspace/artifact/12302022__155714/data_transformation/transformer/transformer.pkl', transformed_train_path='/config/workspace/artifact/12302022__155714/data_transformation/transformed/train.npz', transformed_test_path='/config/workspace/artifact/12302022__155714/data_transformation/transformed/test.npz', target_encoder_path='/config/workspace/artifact/12302022__155714/data_transformation/target_encoder/target_encoder.pkl')
