[2022-12-30 15:14:40,326 ] 14 root-INFO->>>>>>>>>>>>>>>>>>>>>>>>>>>>>>>>>>>>>>>> Data Ingestion <<<<<<<<<<<<<<<<<<<<<<<<<<<<<<<<<<<<<<<<
[2022-12-30 15:14:40,326 ] 21 root-INFO-Exporting collection data as pandas dataframe
[2022-12-30 15:14:43,687 ] 13 root-INFO-Found columns: Index(['_id', 'class', 'aa_000', 'ab_000', 'ac_000', 'ad_000', 'ae_000',
       'af_000', 'ag_000', 'ag_001',
       ...
       'ee_002', 'ee_003', 'ee_004', 'ee_005', 'ee_006', 'ee_007', 'ee_008',
       'ee_009', 'ef_000', 'eg_000'],
      dtype='object', length=172)
[2022-12-30 15:14:43,687 ] 15 root-INFO-Dropping column: _id 
[2022-12-30 15:14:43,887 ] 17 root-INFO-Row and columns in df: (36188, 171)
[2022-12-30 15:14:43,887 ] 27 root-INFO-Save data in feature store
[2022-12-30 15:14:44,431 ] 32 root-INFO-Create feature store folder if not available
[2022-12-30 15:14:44,432 ] 36 root-INFO-Save df to feature store folder
[2022-12-30 15:14:46,812 ] 41 root-INFO-split dataset into train and test set
[2022-12-30 15:14:47,434 ] 45 root-INFO-create dataset directory folder if not available
[2022-12-30 15:14:47,434 ] 50 root-INFO-Save df to feature store folder
[2022-12-30 15:14:49,588 ] 62 root-INFO-Data ingestion artifact: DataIngestionArtifact(feature_store_file_path='/config/workspace/artifact/12302022__151440/data_ingestion/feature_store/sensor.csv', train_file_path='/config/workspace/artifact/12302022__151440/data_ingestion/dataset/train.csv', test_file_path='/config/workspace/artifact/12302022__151440/data_ingestion/dataset/test.csv')
[2022-12-30 15:14:50,023 ] 21 root-INFO-Exporting collection data as pandas dataframe
[2022-12-30 15:14:53,413 ] 13 root-INFO-Found columns: Index(['_id', 'class', 'aa_000', 'ab_000', 'ac_000', 'ad_000', 'ae_000',
       'af_000', 'ag_000', 'ag_001',
       ...
       'ee_002', 'ee_003', 'ee_004', 'ee_005', 'ee_006', 'ee_007', 'ee_008',
       'ee_009', 'ef_000', 'eg_000'],
      dtype='object', length=172)
[2022-12-30 15:14:53,414 ] 15 root-INFO-Dropping column: _id 
[2022-12-30 15:14:53,608 ] 17 root-INFO-Row and columns in df: (36188, 171)
[2022-12-30 15:14:53,608 ] 27 root-INFO-Save data in feature store
[2022-12-30 15:14:54,151 ] 32 root-INFO-Create feature store folder if not available
[2022-12-30 15:14:54,152 ] 36 root-INFO-Save df to feature store folder
[2022-12-30 15:14:56,605 ] 41 root-INFO-split dataset into train and test set
[2022-12-30 15:14:57,228 ] 45 root-INFO-create dataset directory folder if not available
[2022-12-30 15:14:57,228 ] 50 root-INFO-Save df to feature store folder
[2022-12-30 15:14:59,404 ] 62 root-INFO-Data ingestion artifact: DataIngestionArtifact(feature_store_file_path='/config/workspace/artifact/12302022__151440/data_ingestion/feature_store/sensor.csv', train_file_path='/config/workspace/artifact/12302022__151440/data_ingestion/dataset/train.csv', test_file_path='/config/workspace/artifact/12302022__151440/data_ingestion/dataset/test.csv')
[2022-12-30 15:14:59,767 ] 19 root-INFO->>>>>>>>>>>>>>>>>>>>>>>>>>>>>>>>>>>>>>>> Data Validation <<<<<<<<<<<<<<<<<<<<<<<<<<<<<<<<<<<<<<<<
[2022-12-30 15:14:59,767 ] 107 root-INFO-Reading base dataframe
[2022-12-30 15:15:02,708 ] 110 root-INFO-Replace na value in base df
[2022-12-30 15:15:02,708 ] 112 root-INFO-Drop null values colums from base df
[2022-12-30 15:15:03,675 ] 40 root-INFO-selecting column name which contains null above to 0.2
[2022-12-30 15:15:03,676 ] 43 root-INFO-Columns to drop: ['ab_000', 'ad_000', 'bk_000', 'bl_000', 'bm_000', 'bn_000', 'bo_000', 'bp_000', 'bq_000', 'br_000', 'cf_000', 'cg_000', 'ch_000', 'co_000', 'cr_000', 'ct_000', 'cu_000', 'cv_000', 'cx_000', 'cy_000', 'cz_000', 'da_000', 'db_000', 'dc_000']
[2022-12-30 15:15:03,777 ] 115 root-INFO-Reading train dataframe
[2022-12-30 15:15:04,164 ] 117 root-INFO-Reading test dataframe
[2022-12-30 15:15:04,263 ] 120 root-INFO-Drop null values colums from train df
[2022-12-30 15:15:04,274 ] 40 root-INFO-selecting column name which contains null above to 0.2
[2022-12-30 15:15:04,275 ] 43 root-INFO-Columns to drop: ['ab_000', 'ad_000', 'bk_000', 'bl_000', 'bm_000', 'bn_000', 'bo_000', 'bp_000', 'bq_000', 'br_000', 'cf_000', 'cg_000', 'ch_000', 'co_000', 'cr_000', 'ct_000', 'cu_000', 'cv_000', 'cx_000', 'cy_000', 'cz_000', 'da_000', 'db_000', 'dc_000']
[2022-12-30 15:15:04,284 ] 122 root-INFO-Drop null values colums from test df
[2022-12-30 15:15:04,288 ] 40 root-INFO-selecting column name which contains null above to 0.2
[2022-12-30 15:15:04,289 ] 43 root-INFO-Columns to drop: ['ab_000', 'ad_000', 'bk_000', 'bl_000', 'bm_000', 'bn_000', 'bo_000', 'bp_000', 'bq_000', 'br_000', 'cf_000', 'cg_000', 'ch_000', 'co_000', 'cr_000', 'ct_000', 'cu_000', 'cv_000', 'cx_000', 'cy_000', 'cz_000', 'da_000', 'db_000', 'dc_000']
[2022-12-30 15:15:10,506 ] 131 root-INFO-Is all required columns present in train df
[2022-12-30 15:15:10,506 ] 133 root-INFO-Is all required columns present in test df
[2022-12-30 15:15:10,507 ] 137 root-INFO-As all column are available in train df hence detecting data drift
[2022-12-30 15:15:10,507 ] 85 root-INFO-Hypothesis class: object, object 
[2022-12-30 15:15:10,640 ] 85 root-INFO-Hypothesis aa_000: float64, float64 
[2022-12-30 15:15:10,651 ] 85 root-INFO-Hypothesis ac_000: float64, float64 
[2022-12-30 15:15:10,690 ] 85 root-INFO-Hypothesis ae_000: float64, float64 
[2022-12-30 15:15:10,726 ] 85 root-INFO-Hypothesis af_000: float64, float64 
[2022-12-30 15:15:10,762 ] 85 root-INFO-Hypothesis ag_000: float64, float64 
[2022-12-30 15:15:10,799 ] 85 root-INFO-Hypothesis ag_001: float64, float64 
[2022-12-30 15:15:10,834 ] 85 root-INFO-Hypothesis ag_002: float64, float64 
[2022-12-30 15:15:10,871 ] 85 root-INFO-Hypothesis ag_003: float64, float64 
[2022-12-30 15:15:10,877 ] 85 root-INFO-Hypothesis ag_004: float64, float64 
[2022-12-30 15:15:10,887 ] 85 root-INFO-Hypothesis ag_005: float64, float64 
[2022-12-30 15:15:10,898 ] 85 root-INFO-Hypothesis ag_006: float64, float64 
[2022-12-30 15:15:10,912 ] 85 root-INFO-Hypothesis ag_007: float64, float64 
[2022-12-30 15:15:10,921 ] 85 root-INFO-Hypothesis ag_008: float64, float64 
[2022-12-30 15:15:10,930 ] 85 root-INFO-Hypothesis ag_009: float64, float64 
[2022-12-30 15:15:10,937 ] 85 root-INFO-Hypothesis ah_000: float64, float64 
[2022-12-30 15:15:10,947 ] 85 root-INFO-Hypothesis ai_000: float64, float64 
[2022-12-30 15:15:10,983 ] 85 root-INFO-Hypothesis aj_000: float64, float64 
[2022-12-30 15:15:10,989 ] 85 root-INFO-Hypothesis ak_000: float64, float64 
[2022-12-30 15:15:11,025 ] 85 root-INFO-Hypothesis al_000: float64, float64 
[2022-12-30 15:15:11,033 ] 85 root-INFO-Hypothesis am_0: float64, float64 
[2022-12-30 15:15:11,040 ] 85 root-INFO-Hypothesis an_000: float64, float64 
[2022-12-30 15:15:11,051 ] 85 root-INFO-Hypothesis ao_000: float64, float64 
[2022-12-30 15:15:11,061 ] 85 root-INFO-Hypothesis ap_000: float64, float64 
[2022-12-30 15:15:11,073 ] 85 root-INFO-Hypothesis aq_000: float64, float64 
[2022-12-30 15:15:11,085 ] 85 root-INFO-Hypothesis ar_000: float64, float64 
[2022-12-30 15:15:11,123 ] 85 root-INFO-Hypothesis as_000: float64, float64 
[2022-12-30 15:15:11,159 ] 85 root-INFO-Hypothesis at_000: float64, float64 
[2022-12-30 15:15:11,195 ] 85 root-INFO-Hypothesis au_000: float64, float64 
[2022-12-30 15:15:11,231 ] 85 root-INFO-Hypothesis av_000: float64, float64 
[2022-12-30 15:15:11,239 ] 85 root-INFO-Hypothesis ax_000: float64, float64 
[2022-12-30 15:15:11,247 ] 85 root-INFO-Hypothesis ay_000: float64, float64 
[2022-12-30 15:15:11,283 ] 85 root-INFO-Hypothesis ay_001: float64, float64 
[2022-12-30 15:15:11,319 ] 85 root-INFO-Hypothesis ay_002: float64, float64 
[2022-12-30 15:15:11,354 ] 85 root-INFO-Hypothesis ay_003: float64, float64 
[2022-12-30 15:15:11,390 ] 85 root-INFO-Hypothesis ay_004: float64, float64 
[2022-12-30 15:15:11,426 ] 85 root-INFO-Hypothesis ay_005: float64, float64 
[2022-12-30 15:15:11,466 ] 85 root-INFO-Hypothesis ay_006: float64, float64 
[2022-12-30 15:15:11,475 ] 85 root-INFO-Hypothesis ay_007: float64, float64 
[2022-12-30 15:15:11,485 ] 85 root-INFO-Hypothesis ay_008: float64, float64 
[2022-12-30 15:15:11,496 ] 85 root-INFO-Hypothesis ay_009: float64, float64 
[2022-12-30 15:15:11,531 ] 85 root-INFO-Hypothesis az_000: float64, float64 
[2022-12-30 15:15:11,541 ] 85 root-INFO-Hypothesis az_001: float64, float64 
[2022-12-30 15:15:11,550 ] 85 root-INFO-Hypothesis az_002: float64, float64 
[2022-12-30 15:15:11,560 ] 85 root-INFO-Hypothesis az_003: float64, float64 
[2022-12-30 15:15:11,570 ] 85 root-INFO-Hypothesis az_004: float64, float64 
[2022-12-30 15:15:11,580 ] 85 root-INFO-Hypothesis az_005: float64, float64 
[2022-12-30 15:15:11,591 ] 85 root-INFO-Hypothesis az_006: float64, float64 
[2022-12-30 15:15:11,632 ] 85 root-INFO-Hypothesis az_007: float64, float64 
[2022-12-30 15:15:11,669 ] 85 root-INFO-Hypothesis az_008: float64, float64 
[2022-12-30 15:15:11,705 ] 85 root-INFO-Hypothesis az_009: float64, float64 
[2022-12-30 15:15:11,741 ] 85 root-INFO-Hypothesis ba_000: float64, float64 
[2022-12-30 15:15:11,752 ] 85 root-INFO-Hypothesis ba_001: float64, float64 
[2022-12-30 15:15:11,762 ] 85 root-INFO-Hypothesis ba_002: float64, float64 
[2022-12-30 15:15:11,772 ] 85 root-INFO-Hypothesis ba_003: float64, float64 
[2022-12-30 15:15:11,782 ] 85 root-INFO-Hypothesis ba_004: float64, float64 
[2022-12-30 15:15:11,793 ] 85 root-INFO-Hypothesis ba_005: float64, float64 
[2022-12-30 15:15:11,803 ] 85 root-INFO-Hypothesis ba_006: float64, float64 
[2022-12-30 15:15:11,813 ] 85 root-INFO-Hypothesis ba_007: float64, float64 
[2022-12-30 15:15:11,822 ] 85 root-INFO-Hypothesis ba_008: float64, float64 
[2022-12-30 15:15:11,866 ] 85 root-INFO-Hypothesis ba_009: float64, float64 
[2022-12-30 15:15:11,905 ] 85 root-INFO-Hypothesis bb_000: float64, float64 
[2022-12-30 15:15:11,915 ] 85 root-INFO-Hypothesis bc_000: float64, float64 
[2022-12-30 15:15:11,955 ] 85 root-INFO-Hypothesis bd_000: float64, float64 
[2022-12-30 15:15:11,963 ] 85 root-INFO-Hypothesis be_000: float64, float64 
[2022-12-30 15:15:11,972 ] 85 root-INFO-Hypothesis bf_000: float64, float64 
[2022-12-30 15:15:11,978 ] 85 root-INFO-Hypothesis bg_000: float64, float64 
[2022-12-30 15:15:11,989 ] 85 root-INFO-Hypothesis bh_000: float64, float64 
[2022-12-30 15:15:11,999 ] 85 root-INFO-Hypothesis bi_000: float64, float64 
[2022-12-30 15:15:12,010 ] 85 root-INFO-Hypothesis bj_000: float64, float64 
[2022-12-30 15:15:12,021 ] 85 root-INFO-Hypothesis bs_000: float64, float64 
[2022-12-30 15:15:12,031 ] 85 root-INFO-Hypothesis bt_000: float64, float64 
[2022-12-30 15:15:12,042 ] 85 root-INFO-Hypothesis bu_000: float64, float64 
[2022-12-30 15:15:12,052 ] 85 root-INFO-Hypothesis bv_000: float64, float64 
[2022-12-30 15:15:12,063 ] 85 root-INFO-Hypothesis bx_000: float64, float64 
[2022-12-30 15:15:12,074 ] 85 root-INFO-Hypothesis by_000: float64, float64 
[2022-12-30 15:15:12,085 ] 85 root-INFO-Hypothesis bz_000: float64, float64 
[2022-12-30 15:15:12,095 ] 85 root-INFO-Hypothesis ca_000: float64, float64 
[2022-12-30 15:15:12,105 ] 85 root-INFO-Hypothesis cb_000: float64, float64 
[2022-12-30 15:15:12,116 ] 85 root-INFO-Hypothesis cc_000: float64, float64 
[2022-12-30 15:15:12,126 ] 85 root-INFO-Hypothesis cd_000: float64, float64 
[2022-12-30 15:15:12,162 ] 85 root-INFO-Hypothesis ce_000: float64, float64 
[2022-12-30 15:15:12,171 ] 85 root-INFO-Hypothesis ci_000: float64, float64 
[2022-12-30 15:15:12,182 ] 85 root-INFO-Hypothesis cj_000: float64, float64 
[2022-12-30 15:15:12,218 ] 85 root-INFO-Hypothesis ck_000: float64, float64 
[2022-12-30 15:15:12,229 ] 85 root-INFO-Hypothesis cl_000: float64, float64 
[2022-12-30 15:15:12,235 ] 85 root-INFO-Hypothesis cm_000: float64, float64 
[2022-12-30 15:15:12,242 ] 85 root-INFO-Hypothesis cn_000: float64, float64 
[2022-12-30 15:15:12,278 ] 85 root-INFO-Hypothesis cn_001: float64, float64 
[2022-12-30 15:15:12,315 ] 85 root-INFO-Hypothesis cn_002: float64, float64 
[2022-12-30 15:15:12,323 ] 85 root-INFO-Hypothesis cn_003: float64, float64 
[2022-12-30 15:15:12,334 ] 85 root-INFO-Hypothesis cn_004: float64, float64 
[2022-12-30 15:15:12,344 ] 85 root-INFO-Hypothesis cn_005: float64, float64 
[2022-12-30 15:15:12,354 ] 85 root-INFO-Hypothesis cn_006: float64, float64 
[2022-12-30 15:15:12,364 ] 85 root-INFO-Hypothesis cn_007: float64, float64 
[2022-12-30 15:15:12,374 ] 85 root-INFO-Hypothesis cn_008: float64, float64 
[2022-12-30 15:15:12,383 ] 85 root-INFO-Hypothesis cn_009: float64, float64 
[2022-12-30 15:15:12,423 ] 85 root-INFO-Hypothesis cp_000: float64, float64 
[2022-12-30 15:15:12,462 ] 85 root-INFO-Hypothesis cq_000: float64, float64 
[2022-12-30 15:15:12,473 ] 85 root-INFO-Hypothesis cs_000: float64, float64 
[2022-12-30 15:15:12,483 ] 85 root-INFO-Hypothesis cs_001: float64, float64 
[2022-12-30 15:15:12,491 ] 85 root-INFO-Hypothesis cs_002: float64, float64 
[2022-12-30 15:15:12,501 ] 85 root-INFO-Hypothesis cs_003: float64, float64 
[2022-12-30 15:15:12,511 ] 85 root-INFO-Hypothesis cs_004: float64, float64 
[2022-12-30 15:15:12,522 ] 85 root-INFO-Hypothesis cs_005: float64, float64 
[2022-12-30 15:15:12,532 ] 85 root-INFO-Hypothesis cs_006: float64, float64 
[2022-12-30 15:15:12,543 ] 85 root-INFO-Hypothesis cs_007: float64, float64 
[2022-12-30 15:15:12,553 ] 85 root-INFO-Hypothesis cs_008: float64, float64 
[2022-12-30 15:15:12,592 ] 85 root-INFO-Hypothesis cs_009: float64, float64 
[2022-12-30 15:15:12,628 ] 85 root-INFO-Hypothesis dd_000: float64, float64 
[2022-12-30 15:15:12,637 ] 85 root-INFO-Hypothesis de_000: float64, float64 
[2022-12-30 15:15:12,646 ] 85 root-INFO-Hypothesis df_000: float64, float64 
[2022-12-30 15:15:12,682 ] 85 root-INFO-Hypothesis dg_000: float64, float64 
[2022-12-30 15:15:12,718 ] 85 root-INFO-Hypothesis dh_000: float64, float64 
[2022-12-30 15:15:12,723 ] 85 root-INFO-Hypothesis di_000: float64, float64 
[2022-12-30 15:15:12,762 ] 85 root-INFO-Hypothesis dj_000: float64, float64 
[2022-12-30 15:15:12,798 ] 85 root-INFO-Hypothesis dk_000: float64, float64 
[2022-12-30 15:15:12,836 ] 85 root-INFO-Hypothesis dl_000: float64, float64 
[2022-12-30 15:15:12,872 ] 85 root-INFO-Hypothesis dm_000: float64, float64 
[2022-12-30 15:15:12,908 ] 85 root-INFO-Hypothesis dn_000: float64, float64 
[2022-12-30 15:15:12,918 ] 85 root-INFO-Hypothesis do_000: float64, float64 
[2022-12-30 15:15:12,932 ] 85 root-INFO-Hypothesis dp_000: float64, float64 
[2022-12-30 15:15:12,941 ] 85 root-INFO-Hypothesis dq_000: float64, float64 
[2022-12-30 15:15:12,979 ] 85 root-INFO-Hypothesis dr_000: float64, float64 
[2022-12-30 15:15:13,017 ] 85 root-INFO-Hypothesis ds_000: float64, float64 
[2022-12-30 15:15:13,027 ] 85 root-INFO-Hypothesis dt_000: float64, float64 
[2022-12-30 15:15:13,037 ] 85 root-INFO-Hypothesis du_000: float64, float64 
[2022-12-30 15:15:13,047 ] 85 root-INFO-Hypothesis dv_000: float64, float64 
[2022-12-30 15:15:13,057 ] 85 root-INFO-Hypothesis dx_000: float64, float64 
[2022-12-30 15:15:13,097 ] 85 root-INFO-Hypothesis dy_000: float64, float64 
[2022-12-30 15:15:13,136 ] 85 root-INFO-Hypothesis dz_000: float64, float64 
[2022-12-30 15:15:13,172 ] 85 root-INFO-Hypothesis ea_000: float64, float64 
[2022-12-30 15:15:13,208 ] 85 root-INFO-Hypothesis eb_000: float64, float64 
[2022-12-30 15:15:13,217 ] 85 root-INFO-Hypothesis ec_00: float64, float64 
[2022-12-30 15:15:13,226 ] 85 root-INFO-Hypothesis ed_000: float64, float64 
[2022-12-30 15:15:13,235 ] 85 root-INFO-Hypothesis ee_000: float64, float64 
[2022-12-30 15:15:13,246 ] 85 root-INFO-Hypothesis ee_001: float64, float64 
[2022-12-30 15:15:13,256 ] 85 root-INFO-Hypothesis ee_002: float64, float64 
[2022-12-30 15:15:13,267 ] 85 root-INFO-Hypothesis ee_003: float64, float64 
[2022-12-30 15:15:13,277 ] 85 root-INFO-Hypothesis ee_004: float64, float64 
[2022-12-30 15:15:13,287 ] 85 root-INFO-Hypothesis ee_005: float64, float64 
[2022-12-30 15:15:13,297 ] 85 root-INFO-Hypothesis ee_006: float64, float64 
[2022-12-30 15:15:13,307 ] 85 root-INFO-Hypothesis ee_007: float64, float64 
[2022-12-30 15:15:13,316 ] 85 root-INFO-Hypothesis ee_008: float64, float64 
[2022-12-30 15:15:13,325 ] 85 root-INFO-Hypothesis ee_009: float64, float64 
[2022-12-30 15:15:13,333 ] 85 root-INFO-Hypothesis ef_000: float64, float64 
[2022-12-30 15:15:13,369 ] 85 root-INFO-Hypothesis eg_000: float64, float64 
[2022-12-30 15:15:13,404 ] 140 root-INFO-As all column are available in test df hence detecting data drift
[2022-12-30 15:15:13,404 ] 85 root-INFO-Hypothesis class: object, object 
[2022-12-30 15:15:13,477 ] 85 root-INFO-Hypothesis aa_000: float64, float64 
[2022-12-30 15:15:13,484 ] 85 root-INFO-Hypothesis ac_000: float64, float64 
[2022-12-30 15:15:13,490 ] 85 root-INFO-Hypothesis ae_000: float64, float64 
[2022-12-30 15:15:13,505 ] 85 root-INFO-Hypothesis af_000: float64, float64 
[2022-12-30 15:15:13,520 ] 85 root-INFO-Hypothesis ag_000: float64, float64 
[2022-12-30 15:15:13,534 ] 85 root-INFO-Hypothesis ag_001: float64, float64 
[2022-12-30 15:15:13,549 ] 85 root-INFO-Hypothesis ag_002: float64, float64 
[2022-12-30 15:15:13,552 ] 85 root-INFO-Hypothesis ag_003: float64, float64 
[2022-12-30 15:15:13,556 ] 85 root-INFO-Hypothesis ag_004: float64, float64 
[2022-12-30 15:15:13,563 ] 85 root-INFO-Hypothesis ag_005: float64, float64 
[2022-12-30 15:15:13,570 ] 85 root-INFO-Hypothesis ag_006: float64, float64 
[2022-12-30 15:15:13,577 ] 85 root-INFO-Hypothesis ag_007: float64, float64 
[2022-12-30 15:15:13,583 ] 85 root-INFO-Hypothesis ag_008: float64, float64 
[2022-12-30 15:15:13,589 ] 85 root-INFO-Hypothesis ag_009: float64, float64 
[2022-12-30 15:15:13,593 ] 85 root-INFO-Hypothesis ah_000: float64, float64 
[2022-12-30 15:15:13,600 ] 85 root-INFO-Hypothesis ai_000: float64, float64 
[2022-12-30 15:15:13,604 ] 85 root-INFO-Hypothesis aj_000: float64, float64 
[2022-12-30 15:15:13,608 ] 85 root-INFO-Hypothesis ak_000: float64, float64 
[2022-12-30 15:15:13,611 ] 85 root-INFO-Hypothesis al_000: float64, float64 
[2022-12-30 15:15:13,616 ] 85 root-INFO-Hypothesis am_0: float64, float64 
[2022-12-30 15:15:13,621 ] 85 root-INFO-Hypothesis an_000: float64, float64 
[2022-12-30 15:15:13,628 ] 85 root-INFO-Hypothesis ao_000: float64, float64 
[2022-12-30 15:15:13,635 ] 85 root-INFO-Hypothesis ap_000: float64, float64 
[2022-12-30 15:15:13,642 ] 85 root-INFO-Hypothesis aq_000: float64, float64 
[2022-12-30 15:15:13,649 ] 85 root-INFO-Hypothesis ar_000: float64, float64 
[2022-12-30 15:15:13,664 ] 85 root-INFO-Hypothesis as_000: float64, float64 
[2022-12-30 15:15:13,679 ] 85 root-INFO-Hypothesis at_000: float64, float64 
[2022-12-30 15:15:13,695 ] 85 root-INFO-Hypothesis au_000: float64, float64 
[2022-12-30 15:15:13,710 ] 85 root-INFO-Hypothesis av_000: float64, float64 
[2022-12-30 15:15:13,715 ] 85 root-INFO-Hypothesis ax_000: float64, float64 
[2022-12-30 15:15:13,721 ] 85 root-INFO-Hypothesis ay_000: float64, float64 
[2022-12-30 15:15:13,735 ] 85 root-INFO-Hypothesis ay_001: float64, float64 
[2022-12-30 15:15:13,750 ] 85 root-INFO-Hypothesis ay_002: float64, float64 
[2022-12-30 15:15:13,765 ] 85 root-INFO-Hypothesis ay_003: float64, float64 
[2022-12-30 15:15:13,780 ] 85 root-INFO-Hypothesis ay_004: float64, float64 
[2022-12-30 15:15:13,795 ] 85 root-INFO-Hypothesis ay_005: float64, float64 
[2022-12-30 15:15:13,800 ] 85 root-INFO-Hypothesis ay_006: float64, float64 
[2022-12-30 15:15:13,806 ] 85 root-INFO-Hypothesis ay_007: float64, float64 
[2022-12-30 15:15:13,813 ] 85 root-INFO-Hypothesis ay_008: float64, float64 
[2022-12-30 15:15:13,820 ] 85 root-INFO-Hypothesis ay_009: float64, float64 
[2022-12-30 15:15:13,834 ] 85 root-INFO-Hypothesis az_000: float64, float64 
[2022-12-30 15:15:13,841 ] 85 root-INFO-Hypothesis az_001: float64, float64 
[2022-12-30 15:15:13,847 ] 85 root-INFO-Hypothesis az_002: float64, float64 
[2022-12-30 15:15:13,854 ] 85 root-INFO-Hypothesis az_003: float64, float64 
[2022-12-30 15:15:13,861 ] 85 root-INFO-Hypothesis az_004: float64, float64 
[2022-12-30 15:15:13,868 ] 85 root-INFO-Hypothesis az_005: float64, float64 
[2022-12-30 15:15:13,876 ] 85 root-INFO-Hypothesis az_006: float64, float64 
[2022-12-30 15:15:13,882 ] 85 root-INFO-Hypothesis az_007: float64, float64 
[2022-12-30 15:15:13,886 ] 85 root-INFO-Hypothesis az_008: float64, float64 
[2022-12-30 15:15:13,901 ] 85 root-INFO-Hypothesis az_009: float64, float64 
[2022-12-30 15:15:13,917 ] 85 root-INFO-Hypothesis ba_000: float64, float64 
[2022-12-30 15:15:13,924 ] 85 root-INFO-Hypothesis ba_001: float64, float64 
[2022-12-30 15:15:13,931 ] 85 root-INFO-Hypothesis ba_002: float64, float64 
[2022-12-30 15:15:13,938 ] 85 root-INFO-Hypothesis ba_003: float64, float64 
[2022-12-30 15:15:13,945 ] 85 root-INFO-Hypothesis ba_004: float64, float64 
[2022-12-30 15:15:13,952 ] 85 root-INFO-Hypothesis ba_005: float64, float64 
[2022-12-30 15:15:13,959 ] 85 root-INFO-Hypothesis ba_006: float64, float64 
[2022-12-30 15:15:13,966 ] 85 root-INFO-Hypothesis ba_007: float64, float64 
[2022-12-30 15:15:13,972 ] 85 root-INFO-Hypothesis ba_008: float64, float64 
[2022-12-30 15:15:13,978 ] 85 root-INFO-Hypothesis ba_009: float64, float64 
[2022-12-30 15:15:13,982 ] 85 root-INFO-Hypothesis bb_000: float64, float64 
[2022-12-30 15:15:13,989 ] 85 root-INFO-Hypothesis bc_000: float64, float64 
[2022-12-30 15:15:13,994 ] 85 root-INFO-Hypothesis bd_000: float64, float64 
[2022-12-30 15:15:14,000 ] 85 root-INFO-Hypothesis be_000: float64, float64 
[2022-12-30 15:15:14,006 ] 85 root-INFO-Hypothesis bf_000: float64, float64 
[2022-12-30 15:15:14,011 ] 85 root-INFO-Hypothesis bg_000: float64, float64 
[2022-12-30 15:15:14,018 ] 85 root-INFO-Hypothesis bh_000: float64, float64 
[2022-12-30 15:15:14,025 ] 85 root-INFO-Hypothesis bi_000: float64, float64 
[2022-12-30 15:15:14,032 ] 85 root-INFO-Hypothesis bj_000: float64, float64 
[2022-12-30 15:15:14,039 ] 85 root-INFO-Hypothesis bs_000: float64, float64 
[2022-12-30 15:15:14,046 ] 85 root-INFO-Hypothesis bt_000: float64, float64 
[2022-12-30 15:15:14,053 ] 85 root-INFO-Hypothesis bu_000: float64, float64 
[2022-12-30 15:15:14,060 ] 85 root-INFO-Hypothesis bv_000: float64, float64 
[2022-12-30 15:15:14,068 ] 85 root-INFO-Hypothesis bx_000: float64, float64 
[2022-12-30 15:15:14,075 ] 85 root-INFO-Hypothesis by_000: float64, float64 
[2022-12-30 15:15:14,082 ] 85 root-INFO-Hypothesis bz_000: float64, float64 
[2022-12-30 15:15:14,088 ] 85 root-INFO-Hypothesis ca_000: float64, float64 
[2022-12-30 15:15:14,095 ] 85 root-INFO-Hypothesis cb_000: float64, float64 
[2022-12-30 15:15:14,102 ] 85 root-INFO-Hypothesis cc_000: float64, float64 
[2022-12-30 15:15:14,110 ] 85 root-INFO-Hypothesis cd_000: float64, float64 
[2022-12-30 15:15:14,125 ] 85 root-INFO-Hypothesis ce_000: float64, float64 
[2022-12-30 15:15:14,131 ] 85 root-INFO-Hypothesis ci_000: float64, float64 
[2022-12-30 15:15:14,138 ] 85 root-INFO-Hypothesis cj_000: float64, float64 
[2022-12-30 15:15:14,142 ] 85 root-INFO-Hypothesis ck_000: float64, float64 
[2022-12-30 15:15:14,149 ] 85 root-INFO-Hypothesis cl_000: float64, float64 
[2022-12-30 15:15:14,154 ] 85 root-INFO-Hypothesis cm_000: float64, float64 
[2022-12-30 15:15:14,158 ] 85 root-INFO-Hypothesis cn_000: float64, float64 
[2022-12-30 15:15:14,173 ] 85 root-INFO-Hypothesis cn_001: float64, float64 
[2022-12-30 15:15:14,177 ] 85 root-INFO-Hypothesis cn_002: float64, float64 
[2022-12-30 15:15:14,183 ] 85 root-INFO-Hypothesis cn_003: float64, float64 
[2022-12-30 15:15:14,190 ] 85 root-INFO-Hypothesis cn_004: float64, float64 
[2022-12-30 15:15:14,198 ] 85 root-INFO-Hypothesis cn_005: float64, float64 
[2022-12-30 15:15:14,204 ] 85 root-INFO-Hypothesis cn_006: float64, float64 
[2022-12-30 15:15:14,211 ] 85 root-INFO-Hypothesis cn_007: float64, float64 
[2022-12-30 15:15:14,218 ] 85 root-INFO-Hypothesis cn_008: float64, float64 
[2022-12-30 15:15:14,225 ] 85 root-INFO-Hypothesis cn_009: float64, float64 
[2022-12-30 15:15:14,230 ] 85 root-INFO-Hypothesis cp_000: float64, float64 
[2022-12-30 15:15:14,235 ] 85 root-INFO-Hypothesis cq_000: float64, float64 
[2022-12-30 15:15:14,242 ] 85 root-INFO-Hypothesis cs_000: float64, float64 
[2022-12-30 15:15:14,249 ] 85 root-INFO-Hypothesis cs_001: float64, float64 
[2022-12-30 15:15:14,255 ] 85 root-INFO-Hypothesis cs_002: float64, float64 
[2022-12-30 15:15:14,261 ] 85 root-INFO-Hypothesis cs_003: float64, float64 
[2022-12-30 15:15:14,268 ] 85 root-INFO-Hypothesis cs_004: float64, float64 
[2022-12-30 15:15:14,276 ] 85 root-INFO-Hypothesis cs_005: float64, float64 
[2022-12-30 15:15:14,283 ] 85 root-INFO-Hypothesis cs_006: float64, float64 
[2022-12-30 15:15:14,290 ] 85 root-INFO-Hypothesis cs_007: float64, float64 
[2022-12-30 15:15:14,297 ] 85 root-INFO-Hypothesis cs_008: float64, float64 
[2022-12-30 15:15:14,302 ] 85 root-INFO-Hypothesis cs_009: float64, float64 
[2022-12-30 15:15:14,318 ] 85 root-INFO-Hypothesis dd_000: float64, float64 
[2022-12-30 15:15:14,324 ] 85 root-INFO-Hypothesis de_000: float64, float64 
[2022-12-30 15:15:14,335 ] 85 root-INFO-Hypothesis df_000: float64, float64 
[2022-12-30 15:15:14,338 ] 85 root-INFO-Hypothesis dg_000: float64, float64 
[2022-12-30 15:15:14,342 ] 85 root-INFO-Hypothesis dh_000: float64, float64 
[2022-12-30 15:15:14,346 ] 85 root-INFO-Hypothesis di_000: float64, float64 
[2022-12-30 15:15:14,350 ] 85 root-INFO-Hypothesis dj_000: float64, float64 
[2022-12-30 15:15:14,365 ] 85 root-INFO-Hypothesis dk_000: float64, float64 
[2022-12-30 15:15:14,369 ] 85 root-INFO-Hypothesis dl_000: float64, float64 
[2022-12-30 15:15:14,384 ] 85 root-INFO-Hypothesis dm_000: float64, float64 
[2022-12-30 15:15:14,400 ] 85 root-INFO-Hypothesis dn_000: float64, float64 
[2022-12-30 15:15:14,407 ] 85 root-INFO-Hypothesis do_000: float64, float64 
[2022-12-30 15:15:14,413 ] 85 root-INFO-Hypothesis dp_000: float64, float64 
[2022-12-30 15:15:14,419 ] 85 root-INFO-Hypothesis dq_000: float64, float64 
[2022-12-30 15:15:14,424 ] 85 root-INFO-Hypothesis dr_000: float64, float64 
[2022-12-30 15:15:14,428 ] 85 root-INFO-Hypothesis ds_000: float64, float64 
[2022-12-30 15:15:14,435 ] 85 root-INFO-Hypothesis dt_000: float64, float64 
[2022-12-30 15:15:14,442 ] 85 root-INFO-Hypothesis du_000: float64, float64 
[2022-12-30 15:15:14,449 ] 85 root-INFO-Hypothesis dv_000: float64, float64 
[2022-12-30 15:15:14,455 ] 85 root-INFO-Hypothesis dx_000: float64, float64 
[2022-12-30 15:15:14,460 ] 85 root-INFO-Hypothesis dy_000: float64, float64 
[2022-12-30 15:15:14,465 ] 85 root-INFO-Hypothesis dz_000: float64, float64 
[2022-12-30 15:15:14,481 ] 85 root-INFO-Hypothesis ea_000: float64, float64 
[2022-12-30 15:15:14,496 ] 85 root-INFO-Hypothesis eb_000: float64, float64 
[2022-12-30 15:15:14,502 ] 85 root-INFO-Hypothesis ec_00: float64, float64 
[2022-12-30 15:15:14,508 ] 85 root-INFO-Hypothesis ed_000: float64, float64 
[2022-12-30 15:15:14,514 ] 85 root-INFO-Hypothesis ee_000: float64, float64 
[2022-12-30 15:15:14,521 ] 85 root-INFO-Hypothesis ee_001: float64, float64 
[2022-12-30 15:15:14,529 ] 85 root-INFO-Hypothesis ee_002: float64, float64 
[2022-12-30 15:15:14,536 ] 85 root-INFO-Hypothesis ee_003: float64, float64 
[2022-12-30 15:15:14,542 ] 85 root-INFO-Hypothesis ee_004: float64, float64 
[2022-12-30 15:15:14,550 ] 85 root-INFO-Hypothesis ee_005: float64, float64 
[2022-12-30 15:15:14,556 ] 85 root-INFO-Hypothesis ee_006: float64, float64 
[2022-12-30 15:15:14,563 ] 85 root-INFO-Hypothesis ee_007: float64, float64 
[2022-12-30 15:15:14,570 ] 85 root-INFO-Hypothesis ee_008: float64, float64 
[2022-12-30 15:15:14,576 ] 85 root-INFO-Hypothesis ee_009: float64, float64 
[2022-12-30 15:15:14,581 ] 85 root-INFO-Hypothesis ef_000: float64, float64 
[2022-12-30 15:15:14,596 ] 85 root-INFO-Hypothesis eg_000: float64, float64 
[2022-12-30 15:15:14,611 ] 144 root-INFO-Write report in yaml file
[2022-12-30 15:15:14,680 ] 149 root-INFO-Data validation artifact: DataValidationArtifact(report_file_path='/config/workspace/artifact/12302022__151440/data_validation/report.yaml')
