[2022-12-30 16:02:05,957 ] 14 root-INFO->>>>>>>>>>>>>>>>>>>>>>>>>>>>>>>>>>>>>>>> Data Ingestion <<<<<<<<<<<<<<<<<<<<<<<<<<<<<<<<<<<<<<<<
[2022-12-30 16:02:05,957 ] 21 root-INFO-Exporting collection data as pandas dataframe
[2022-12-30 16:02:09,201 ] 14 root-INFO-Found columns: Index(['_id', 'class', 'aa_000', 'ab_000', 'ac_000', 'ad_000', 'ae_000',
       'af_000', 'ag_000', 'ag_001',
       ...
       'ee_002', 'ee_003', 'ee_004', 'ee_005', 'ee_006', 'ee_007', 'ee_008',
       'ee_009', 'ef_000', 'eg_000'],
      dtype='object', length=172)
[2022-12-30 16:02:09,201 ] 16 root-INFO-Dropping column: _id 
[2022-12-30 16:02:09,396 ] 18 root-INFO-Row and columns in df: (36188, 171)
[2022-12-30 16:02:09,396 ] 27 root-INFO-Save data in feature store
[2022-12-30 16:02:09,930 ] 32 root-INFO-Create feature store folder if not available
[2022-12-30 16:02:09,931 ] 36 root-INFO-Save df to feature store folder
[2022-12-30 16:02:12,373 ] 41 root-INFO-split dataset into train and test set
[2022-12-30 16:02:12,922 ] 45 root-INFO-create dataset directory folder if not available
[2022-12-30 16:02:12,922 ] 50 root-INFO-Save df to feature store folder
[2022-12-30 16:02:15,080 ] 62 root-INFO-Data ingestion artifact: DataIngestionArtifact(feature_store_file_path='/config/workspace/artifact/12302022__160205/data_ingestion/feature_store/sensor.csv', train_file_path='/config/workspace/artifact/12302022__160205/data_ingestion/dataset/train.csv', test_file_path='/config/workspace/artifact/12302022__160205/data_ingestion/dataset/test.csv')
[2022-12-30 16:02:15,487 ] 21 root-INFO-Exporting collection data as pandas dataframe
[2022-12-30 16:02:18,712 ] 14 root-INFO-Found columns: Index(['_id', 'class', 'aa_000', 'ab_000', 'ac_000', 'ad_000', 'ae_000',
       'af_000', 'ag_000', 'ag_001',
       ...
       'ee_002', 'ee_003', 'ee_004', 'ee_005', 'ee_006', 'ee_007', 'ee_008',
       'ee_009', 'ef_000', 'eg_000'],
      dtype='object', length=172)
[2022-12-30 16:02:18,712 ] 16 root-INFO-Dropping column: _id 
[2022-12-30 16:02:18,906 ] 18 root-INFO-Row and columns in df: (36188, 171)
[2022-12-30 16:02:18,906 ] 27 root-INFO-Save data in feature store
[2022-12-30 16:02:19,462 ] 32 root-INFO-Create feature store folder if not available
[2022-12-30 16:02:19,463 ] 36 root-INFO-Save df to feature store folder
[2022-12-30 16:02:21,946 ] 41 root-INFO-split dataset into train and test set
[2022-12-30 16:02:22,531 ] 45 root-INFO-create dataset directory folder if not available
[2022-12-30 16:02:22,532 ] 50 root-INFO-Save df to feature store folder
[2022-12-30 16:02:24,718 ] 62 root-INFO-Data ingestion artifact: DataIngestionArtifact(feature_store_file_path='/config/workspace/artifact/12302022__160205/data_ingestion/feature_store/sensor.csv', train_file_path='/config/workspace/artifact/12302022__160205/data_ingestion/dataset/train.csv', test_file_path='/config/workspace/artifact/12302022__160205/data_ingestion/dataset/test.csv')
[2022-12-30 16:02:25,097 ] 19 root-INFO->>>>>>>>>>>>>>>>>>>>>>>>>>>>>>>>>>>>>>>> Data Validation <<<<<<<<<<<<<<<<<<<<<<<<<<<<<<<<<<<<<<<<
[2022-12-30 16:02:25,097 ] 107 root-INFO-Reading base dataframe
[2022-12-30 16:02:28,010 ] 110 root-INFO-Replace na value in base df
[2022-12-30 16:02:28,010 ] 112 root-INFO-Drop null values colums from base df
[2022-12-30 16:02:29,011 ] 40 root-INFO-selecting column name which contains null above to 0.2
[2022-12-30 16:02:29,011 ] 43 root-INFO-Columns to drop: ['ab_000', 'ad_000', 'bk_000', 'bl_000', 'bm_000', 'bn_000', 'bo_000', 'bp_000', 'bq_000', 'br_000', 'cf_000', 'cg_000', 'ch_000', 'co_000', 'cr_000', 'ct_000', 'cu_000', 'cv_000', 'cx_000', 'cy_000', 'cz_000', 'da_000', 'db_000', 'dc_000']
[2022-12-30 16:02:29,092 ] 115 root-INFO-Reading train dataframe
[2022-12-30 16:02:29,507 ] 117 root-INFO-Reading test dataframe
[2022-12-30 16:02:29,609 ] 120 root-INFO-Drop null values colums from train df
[2022-12-30 16:02:29,621 ] 40 root-INFO-selecting column name which contains null above to 0.2
[2022-12-30 16:02:29,621 ] 43 root-INFO-Columns to drop: ['ab_000', 'ad_000', 'bk_000', 'bl_000', 'bm_000', 'bn_000', 'bo_000', 'bp_000', 'bq_000', 'br_000', 'cf_000', 'cg_000', 'ch_000', 'co_000', 'cr_000', 'ct_000', 'cu_000', 'cv_000', 'cx_000', 'cy_000', 'cz_000', 'da_000', 'db_000', 'dc_000']
[2022-12-30 16:02:29,630 ] 122 root-INFO-Drop null values colums from test df
[2022-12-30 16:02:29,634 ] 40 root-INFO-selecting column name which contains null above to 0.2
[2022-12-30 16:02:29,634 ] 43 root-INFO-Columns to drop: ['ab_000', 'ad_000', 'bk_000', 'bl_000', 'bm_000', 'bn_000', 'bo_000', 'bp_000', 'bq_000', 'br_000', 'cf_000', 'cg_000', 'ch_000', 'co_000', 'cr_000', 'ct_000', 'cu_000', 'cv_000', 'cx_000', 'cy_000', 'cz_000', 'da_000', 'db_000', 'dc_000']
[2022-12-30 16:02:35,599 ] 131 root-INFO-Is all required columns present in train df
[2022-12-30 16:02:35,600 ] 133 root-INFO-Is all required columns present in test df
[2022-12-30 16:02:35,600 ] 137 root-INFO-As all column are available in train df hence detecting data drift
[2022-12-30 16:02:35,600 ] 85 root-INFO-Hypothesis class: object, object 
[2022-12-30 16:02:35,738 ] 85 root-INFO-Hypothesis aa_000: float64, float64 
[2022-12-30 16:02:35,748 ] 85 root-INFO-Hypothesis ac_000: float64, float64 
[2022-12-30 16:02:35,790 ] 85 root-INFO-Hypothesis ae_000: float64, float64 
[2022-12-30 16:02:35,826 ] 85 root-INFO-Hypothesis af_000: float64, float64 
[2022-12-30 16:02:35,861 ] 85 root-INFO-Hypothesis ag_000: float64, float64 
[2022-12-30 16:02:35,897 ] 85 root-INFO-Hypothesis ag_001: float64, float64 
[2022-12-30 16:02:35,933 ] 85 root-INFO-Hypothesis ag_002: float64, float64 
[2022-12-30 16:02:35,969 ] 85 root-INFO-Hypothesis ag_003: float64, float64 
[2022-12-30 16:02:35,976 ] 85 root-INFO-Hypothesis ag_004: float64, float64 
[2022-12-30 16:02:35,986 ] 85 root-INFO-Hypothesis ag_005: float64, float64 
[2022-12-30 16:02:35,997 ] 85 root-INFO-Hypothesis ag_006: float64, float64 
[2022-12-30 16:02:36,008 ] 85 root-INFO-Hypothesis ag_007: float64, float64 
[2022-12-30 16:02:36,017 ] 85 root-INFO-Hypothesis ag_008: float64, float64 
[2022-12-30 16:02:36,026 ] 85 root-INFO-Hypothesis ag_009: float64, float64 
[2022-12-30 16:02:36,033 ] 85 root-INFO-Hypothesis ah_000: float64, float64 
[2022-12-30 16:02:36,044 ] 85 root-INFO-Hypothesis ai_000: float64, float64 
[2022-12-30 16:02:36,081 ] 85 root-INFO-Hypothesis aj_000: float64, float64 
[2022-12-30 16:02:36,088 ] 85 root-INFO-Hypothesis ak_000: float64, float64 
[2022-12-30 16:02:36,125 ] 85 root-INFO-Hypothesis al_000: float64, float64 
[2022-12-30 16:02:36,133 ] 85 root-INFO-Hypothesis am_0: float64, float64 
[2022-12-30 16:02:36,140 ] 85 root-INFO-Hypothesis an_000: float64, float64 
[2022-12-30 16:02:36,151 ] 85 root-INFO-Hypothesis ao_000: float64, float64 
[2022-12-30 16:02:36,162 ] 85 root-INFO-Hypothesis ap_000: float64, float64 
[2022-12-30 16:02:36,172 ] 85 root-INFO-Hypothesis aq_000: float64, float64 
[2022-12-30 16:02:36,183 ] 85 root-INFO-Hypothesis ar_000: float64, float64 
[2022-12-30 16:02:36,220 ] 85 root-INFO-Hypothesis as_000: float64, float64 
[2022-12-30 16:02:36,256 ] 85 root-INFO-Hypothesis at_000: float64, float64 
[2022-12-30 16:02:36,293 ] 85 root-INFO-Hypothesis au_000: float64, float64 
[2022-12-30 16:02:36,330 ] 85 root-INFO-Hypothesis av_000: float64, float64 
[2022-12-30 16:02:36,339 ] 85 root-INFO-Hypothesis ax_000: float64, float64 
[2022-12-30 16:02:36,348 ] 85 root-INFO-Hypothesis ay_000: float64, float64 
[2022-12-30 16:02:36,384 ] 85 root-INFO-Hypothesis ay_001: float64, float64 
[2022-12-30 16:02:36,421 ] 85 root-INFO-Hypothesis ay_002: float64, float64 
[2022-12-30 16:02:36,457 ] 85 root-INFO-Hypothesis ay_003: float64, float64 
[2022-12-30 16:02:36,493 ] 85 root-INFO-Hypothesis ay_004: float64, float64 
[2022-12-30 16:02:36,528 ] 85 root-INFO-Hypothesis ay_005: float64, float64 
[2022-12-30 16:02:36,568 ] 85 root-INFO-Hypothesis ay_006: float64, float64 
[2022-12-30 16:02:36,578 ] 85 root-INFO-Hypothesis ay_007: float64, float64 
[2022-12-30 16:02:36,588 ] 85 root-INFO-Hypothesis ay_008: float64, float64 
[2022-12-30 16:02:36,599 ] 85 root-INFO-Hypothesis ay_009: float64, float64 
[2022-12-30 16:02:36,634 ] 85 root-INFO-Hypothesis az_000: float64, float64 
[2022-12-30 16:02:36,644 ] 85 root-INFO-Hypothesis az_001: float64, float64 
[2022-12-30 16:02:36,653 ] 85 root-INFO-Hypothesis az_002: float64, float64 
[2022-12-30 16:02:36,663 ] 85 root-INFO-Hypothesis az_003: float64, float64 
[2022-12-30 16:02:36,675 ] 85 root-INFO-Hypothesis az_004: float64, float64 
[2022-12-30 16:02:36,686 ] 85 root-INFO-Hypothesis az_005: float64, float64 
[2022-12-30 16:02:36,697 ] 85 root-INFO-Hypothesis az_006: float64, float64 
[2022-12-30 16:02:36,738 ] 85 root-INFO-Hypothesis az_007: float64, float64 
[2022-12-30 16:02:36,776 ] 85 root-INFO-Hypothesis az_008: float64, float64 
[2022-12-30 16:02:36,813 ] 85 root-INFO-Hypothesis az_009: float64, float64 
[2022-12-30 16:02:36,849 ] 85 root-INFO-Hypothesis ba_000: float64, float64 
[2022-12-30 16:02:36,860 ] 85 root-INFO-Hypothesis ba_001: float64, float64 
[2022-12-30 16:02:36,870 ] 85 root-INFO-Hypothesis ba_002: float64, float64 
[2022-12-30 16:02:36,881 ] 85 root-INFO-Hypothesis ba_003: float64, float64 
[2022-12-30 16:02:36,891 ] 85 root-INFO-Hypothesis ba_004: float64, float64 
[2022-12-30 16:02:36,901 ] 85 root-INFO-Hypothesis ba_005: float64, float64 
[2022-12-30 16:02:36,913 ] 85 root-INFO-Hypothesis ba_006: float64, float64 
[2022-12-30 16:02:36,924 ] 85 root-INFO-Hypothesis ba_007: float64, float64 
[2022-12-30 16:02:36,934 ] 85 root-INFO-Hypothesis ba_008: float64, float64 
[2022-12-30 16:02:36,974 ] 85 root-INFO-Hypothesis ba_009: float64, float64 
[2022-12-30 16:02:37,013 ] 85 root-INFO-Hypothesis bb_000: float64, float64 
[2022-12-30 16:02:37,024 ] 85 root-INFO-Hypothesis bc_000: float64, float64 
[2022-12-30 16:02:37,064 ] 85 root-INFO-Hypothesis bd_000: float64, float64 
[2022-12-30 16:02:37,072 ] 85 root-INFO-Hypothesis be_000: float64, float64 
[2022-12-30 16:02:37,085 ] 85 root-INFO-Hypothesis bf_000: float64, float64 
[2022-12-30 16:02:37,092 ] 85 root-INFO-Hypothesis bg_000: float64, float64 
[2022-12-30 16:02:37,103 ] 85 root-INFO-Hypothesis bh_000: float64, float64 
[2022-12-30 16:02:37,113 ] 85 root-INFO-Hypothesis bi_000: float64, float64 
[2022-12-30 16:02:37,124 ] 85 root-INFO-Hypothesis bj_000: float64, float64 
[2022-12-30 16:02:37,134 ] 85 root-INFO-Hypothesis bs_000: float64, float64 
[2022-12-30 16:02:37,145 ] 85 root-INFO-Hypothesis bt_000: float64, float64 
[2022-12-30 16:02:37,156 ] 85 root-INFO-Hypothesis bu_000: float64, float64 
[2022-12-30 16:02:37,166 ] 85 root-INFO-Hypothesis bv_000: float64, float64 
[2022-12-30 16:02:37,177 ] 85 root-INFO-Hypothesis bx_000: float64, float64 
[2022-12-30 16:02:37,187 ] 85 root-INFO-Hypothesis by_000: float64, float64 
[2022-12-30 16:02:37,197 ] 85 root-INFO-Hypothesis bz_000: float64, float64 
[2022-12-30 16:02:37,206 ] 85 root-INFO-Hypothesis ca_000: float64, float64 
[2022-12-30 16:02:37,217 ] 85 root-INFO-Hypothesis cb_000: float64, float64 
[2022-12-30 16:02:37,228 ] 85 root-INFO-Hypothesis cc_000: float64, float64 
[2022-12-30 16:02:37,239 ] 85 root-INFO-Hypothesis cd_000: float64, float64 
[2022-12-30 16:02:37,275 ] 85 root-INFO-Hypothesis ce_000: float64, float64 
[2022-12-30 16:02:37,285 ] 85 root-INFO-Hypothesis ci_000: float64, float64 
[2022-12-30 16:02:37,295 ] 85 root-INFO-Hypothesis cj_000: float64, float64 
[2022-12-30 16:02:37,333 ] 85 root-INFO-Hypothesis ck_000: float64, float64 
[2022-12-30 16:02:37,343 ] 85 root-INFO-Hypothesis cl_000: float64, float64 
[2022-12-30 16:02:37,349 ] 85 root-INFO-Hypothesis cm_000: float64, float64 
[2022-12-30 16:02:37,356 ] 85 root-INFO-Hypothesis cn_000: float64, float64 
[2022-12-30 16:02:37,393 ] 85 root-INFO-Hypothesis cn_001: float64, float64 
[2022-12-30 16:02:37,431 ] 85 root-INFO-Hypothesis cn_002: float64, float64 
[2022-12-30 16:02:37,439 ] 85 root-INFO-Hypothesis cn_003: float64, float64 
[2022-12-30 16:02:37,450 ] 85 root-INFO-Hypothesis cn_004: float64, float64 
[2022-12-30 16:02:37,461 ] 85 root-INFO-Hypothesis cn_005: float64, float64 
[2022-12-30 16:02:37,471 ] 85 root-INFO-Hypothesis cn_006: float64, float64 
[2022-12-30 16:02:37,483 ] 85 root-INFO-Hypothesis cn_007: float64, float64 
[2022-12-30 16:02:37,493 ] 85 root-INFO-Hypothesis cn_008: float64, float64 
[2022-12-30 16:02:37,503 ] 85 root-INFO-Hypothesis cn_009: float64, float64 
[2022-12-30 16:02:37,543 ] 85 root-INFO-Hypothesis cp_000: float64, float64 
[2022-12-30 16:02:37,583 ] 85 root-INFO-Hypothesis cq_000: float64, float64 
[2022-12-30 16:02:37,594 ] 85 root-INFO-Hypothesis cs_000: float64, float64 
[2022-12-30 16:02:37,605 ] 85 root-INFO-Hypothesis cs_001: float64, float64 
[2022-12-30 16:02:37,614 ] 85 root-INFO-Hypothesis cs_002: float64, float64 
[2022-12-30 16:02:37,624 ] 85 root-INFO-Hypothesis cs_003: float64, float64 
[2022-12-30 16:02:37,634 ] 85 root-INFO-Hypothesis cs_004: float64, float64 
[2022-12-30 16:02:37,644 ] 85 root-INFO-Hypothesis cs_005: float64, float64 
[2022-12-30 16:02:37,655 ] 85 root-INFO-Hypothesis cs_006: float64, float64 
[2022-12-30 16:02:37,666 ] 85 root-INFO-Hypothesis cs_007: float64, float64 
[2022-12-30 16:02:37,676 ] 85 root-INFO-Hypothesis cs_008: float64, float64 
[2022-12-30 16:02:37,715 ] 85 root-INFO-Hypothesis cs_009: float64, float64 
[2022-12-30 16:02:37,751 ] 85 root-INFO-Hypothesis dd_000: float64, float64 
[2022-12-30 16:02:37,761 ] 85 root-INFO-Hypothesis de_000: float64, float64 
[2022-12-30 16:02:37,769 ] 85 root-INFO-Hypothesis df_000: float64, float64 
[2022-12-30 16:02:37,807 ] 85 root-INFO-Hypothesis dg_000: float64, float64 
[2022-12-30 16:02:37,844 ] 85 root-INFO-Hypothesis dh_000: float64, float64 
[2022-12-30 16:02:37,849 ] 85 root-INFO-Hypothesis di_000: float64, float64 
[2022-12-30 16:02:37,889 ] 85 root-INFO-Hypothesis dj_000: float64, float64 
[2022-12-30 16:02:37,924 ] 85 root-INFO-Hypothesis dk_000: float64, float64 
[2022-12-30 16:02:37,961 ] 85 root-INFO-Hypothesis dl_000: float64, float64 
[2022-12-30 16:02:37,997 ] 85 root-INFO-Hypothesis dm_000: float64, float64 
[2022-12-30 16:02:38,034 ] 85 root-INFO-Hypothesis dn_000: float64, float64 
[2022-12-30 16:02:38,045 ] 85 root-INFO-Hypothesis do_000: float64, float64 
[2022-12-30 16:02:38,055 ] 85 root-INFO-Hypothesis dp_000: float64, float64 
[2022-12-30 16:02:38,064 ] 85 root-INFO-Hypothesis dq_000: float64, float64 
[2022-12-30 16:02:38,103 ] 85 root-INFO-Hypothesis dr_000: float64, float64 
[2022-12-30 16:02:38,142 ] 85 root-INFO-Hypothesis ds_000: float64, float64 
[2022-12-30 16:02:38,152 ] 85 root-INFO-Hypothesis dt_000: float64, float64 
[2022-12-30 16:02:38,162 ] 85 root-INFO-Hypothesis du_000: float64, float64 
[2022-12-30 16:02:38,173 ] 85 root-INFO-Hypothesis dv_000: float64, float64 
[2022-12-30 16:02:38,183 ] 85 root-INFO-Hypothesis dx_000: float64, float64 
[2022-12-30 16:02:38,221 ] 85 root-INFO-Hypothesis dy_000: float64, float64 
[2022-12-30 16:02:38,260 ] 85 root-INFO-Hypothesis dz_000: float64, float64 
[2022-12-30 16:02:38,296 ] 85 root-INFO-Hypothesis ea_000: float64, float64 
[2022-12-30 16:02:38,332 ] 85 root-INFO-Hypothesis eb_000: float64, float64 
[2022-12-30 16:02:38,341 ] 85 root-INFO-Hypothesis ec_00: float64, float64 
[2022-12-30 16:02:38,351 ] 85 root-INFO-Hypothesis ed_000: float64, float64 
[2022-12-30 16:02:38,360 ] 85 root-INFO-Hypothesis ee_000: float64, float64 
[2022-12-30 16:02:38,370 ] 85 root-INFO-Hypothesis ee_001: float64, float64 
[2022-12-30 16:02:38,381 ] 85 root-INFO-Hypothesis ee_002: float64, float64 
[2022-12-30 16:02:38,391 ] 85 root-INFO-Hypothesis ee_003: float64, float64 
[2022-12-30 16:02:38,401 ] 85 root-INFO-Hypothesis ee_004: float64, float64 
[2022-12-30 16:02:38,412 ] 85 root-INFO-Hypothesis ee_005: float64, float64 
[2022-12-30 16:02:38,422 ] 85 root-INFO-Hypothesis ee_006: float64, float64 
[2022-12-30 16:02:38,432 ] 85 root-INFO-Hypothesis ee_007: float64, float64 
[2022-12-30 16:02:38,442 ] 85 root-INFO-Hypothesis ee_008: float64, float64 
[2022-12-30 16:02:38,451 ] 85 root-INFO-Hypothesis ee_009: float64, float64 
[2022-12-30 16:02:38,458 ] 85 root-INFO-Hypothesis ef_000: float64, float64 
[2022-12-30 16:02:38,494 ] 85 root-INFO-Hypothesis eg_000: float64, float64 
[2022-12-30 16:02:38,529 ] 140 root-INFO-As all column are available in test df hence detecting data drift
[2022-12-30 16:02:38,530 ] 85 root-INFO-Hypothesis class: object, object 
[2022-12-30 16:02:38,603 ] 85 root-INFO-Hypothesis aa_000: float64, float64 
[2022-12-30 16:02:38,610 ] 85 root-INFO-Hypothesis ac_000: float64, float64 
[2022-12-30 16:02:38,617 ] 85 root-INFO-Hypothesis ae_000: float64, float64 
[2022-12-30 16:02:38,632 ] 85 root-INFO-Hypothesis af_000: float64, float64 
[2022-12-30 16:02:38,648 ] 85 root-INFO-Hypothesis ag_000: float64, float64 
[2022-12-30 16:02:38,663 ] 85 root-INFO-Hypothesis ag_001: float64, float64 
[2022-12-30 16:02:38,677 ] 85 root-INFO-Hypothesis ag_002: float64, float64 
[2022-12-30 16:02:38,681 ] 85 root-INFO-Hypothesis ag_003: float64, float64 
[2022-12-30 16:02:38,685 ] 85 root-INFO-Hypothesis ag_004: float64, float64 
[2022-12-30 16:02:38,692 ] 85 root-INFO-Hypothesis ag_005: float64, float64 
[2022-12-30 16:02:38,699 ] 85 root-INFO-Hypothesis ag_006: float64, float64 
[2022-12-30 16:02:38,706 ] 85 root-INFO-Hypothesis ag_007: float64, float64 
[2022-12-30 16:02:38,713 ] 85 root-INFO-Hypothesis ag_008: float64, float64 
[2022-12-30 16:02:38,719 ] 85 root-INFO-Hypothesis ag_009: float64, float64 
[2022-12-30 16:02:38,724 ] 85 root-INFO-Hypothesis ah_000: float64, float64 
[2022-12-30 16:02:38,731 ] 85 root-INFO-Hypothesis ai_000: float64, float64 
[2022-12-30 16:02:38,735 ] 85 root-INFO-Hypothesis aj_000: float64, float64 
[2022-12-30 16:02:38,739 ] 85 root-INFO-Hypothesis ak_000: float64, float64 
[2022-12-30 16:02:38,742 ] 85 root-INFO-Hypothesis al_000: float64, float64 
[2022-12-30 16:02:38,747 ] 85 root-INFO-Hypothesis am_0: float64, float64 
[2022-12-30 16:02:38,753 ] 85 root-INFO-Hypothesis an_000: float64, float64 
[2022-12-30 16:02:38,760 ] 85 root-INFO-Hypothesis ao_000: float64, float64 
[2022-12-30 16:02:38,767 ] 85 root-INFO-Hypothesis ap_000: float64, float64 
[2022-12-30 16:02:38,775 ] 85 root-INFO-Hypothesis aq_000: float64, float64 
[2022-12-30 16:02:38,782 ] 85 root-INFO-Hypothesis ar_000: float64, float64 
[2022-12-30 16:02:38,799 ] 85 root-INFO-Hypothesis as_000: float64, float64 
[2022-12-30 16:02:38,816 ] 85 root-INFO-Hypothesis at_000: float64, float64 
[2022-12-30 16:02:38,832 ] 85 root-INFO-Hypothesis au_000: float64, float64 
[2022-12-30 16:02:38,847 ] 85 root-INFO-Hypothesis av_000: float64, float64 
[2022-12-30 16:02:38,853 ] 85 root-INFO-Hypothesis ax_000: float64, float64 
[2022-12-30 16:02:38,858 ] 85 root-INFO-Hypothesis ay_000: float64, float64 
[2022-12-30 16:02:38,873 ] 85 root-INFO-Hypothesis ay_001: float64, float64 
[2022-12-30 16:02:38,888 ] 85 root-INFO-Hypothesis ay_002: float64, float64 
[2022-12-30 16:02:38,903 ] 85 root-INFO-Hypothesis ay_003: float64, float64 
[2022-12-30 16:02:38,918 ] 85 root-INFO-Hypothesis ay_004: float64, float64 
[2022-12-30 16:02:38,933 ] 85 root-INFO-Hypothesis ay_005: float64, float64 
[2022-12-30 16:02:38,943 ] 85 root-INFO-Hypothesis ay_006: float64, float64 
[2022-12-30 16:02:38,949 ] 85 root-INFO-Hypothesis ay_007: float64, float64 
[2022-12-30 16:02:38,956 ] 85 root-INFO-Hypothesis ay_008: float64, float64 
[2022-12-30 16:02:38,963 ] 85 root-INFO-Hypothesis ay_009: float64, float64 
[2022-12-30 16:02:38,978 ] 85 root-INFO-Hypothesis az_000: float64, float64 
[2022-12-30 16:02:38,985 ] 85 root-INFO-Hypothesis az_001: float64, float64 
[2022-12-30 16:02:38,991 ] 85 root-INFO-Hypothesis az_002: float64, float64 
[2022-12-30 16:02:38,998 ] 85 root-INFO-Hypothesis az_003: float64, float64 
[2022-12-30 16:02:39,005 ] 85 root-INFO-Hypothesis az_004: float64, float64 
[2022-12-30 16:02:39,012 ] 85 root-INFO-Hypothesis az_005: float64, float64 
[2022-12-30 16:02:39,019 ] 85 root-INFO-Hypothesis az_006: float64, float64 
[2022-12-30 16:02:39,025 ] 85 root-INFO-Hypothesis az_007: float64, float64 
[2022-12-30 16:02:39,029 ] 85 root-INFO-Hypothesis az_008: float64, float64 
[2022-12-30 16:02:39,045 ] 85 root-INFO-Hypothesis az_009: float64, float64 
[2022-12-30 16:02:39,061 ] 85 root-INFO-Hypothesis ba_000: float64, float64 
[2022-12-30 16:02:39,068 ] 85 root-INFO-Hypothesis ba_001: float64, float64 
[2022-12-30 16:02:39,075 ] 85 root-INFO-Hypothesis ba_002: float64, float64 
[2022-12-30 16:02:39,082 ] 85 root-INFO-Hypothesis ba_003: float64, float64 
[2022-12-30 16:02:39,089 ] 85 root-INFO-Hypothesis ba_004: float64, float64 
[2022-12-30 16:02:39,096 ] 85 root-INFO-Hypothesis ba_005: float64, float64 
[2022-12-30 16:02:39,103 ] 85 root-INFO-Hypothesis ba_006: float64, float64 
[2022-12-30 16:02:39,110 ] 85 root-INFO-Hypothesis ba_007: float64, float64 
[2022-12-30 16:02:39,116 ] 85 root-INFO-Hypothesis ba_008: float64, float64 
[2022-12-30 16:02:39,121 ] 85 root-INFO-Hypothesis ba_009: float64, float64 
[2022-12-30 16:02:39,126 ] 85 root-INFO-Hypothesis bb_000: float64, float64 
[2022-12-30 16:02:39,133 ] 85 root-INFO-Hypothesis bc_000: float64, float64 
[2022-12-30 16:02:39,138 ] 85 root-INFO-Hypothesis bd_000: float64, float64 
[2022-12-30 16:02:39,144 ] 85 root-INFO-Hypothesis be_000: float64, float64 
[2022-12-30 16:02:39,149 ] 85 root-INFO-Hypothesis bf_000: float64, float64 
[2022-12-30 16:02:39,154 ] 85 root-INFO-Hypothesis bg_000: float64, float64 
[2022-12-30 16:02:39,161 ] 85 root-INFO-Hypothesis bh_000: float64, float64 
[2022-12-30 16:02:39,168 ] 85 root-INFO-Hypothesis bi_000: float64, float64 
[2022-12-30 16:02:39,175 ] 85 root-INFO-Hypothesis bj_000: float64, float64 
[2022-12-30 16:02:39,182 ] 85 root-INFO-Hypothesis bs_000: float64, float64 
[2022-12-30 16:02:39,189 ] 85 root-INFO-Hypothesis bt_000: float64, float64 
[2022-12-30 16:02:39,196 ] 85 root-INFO-Hypothesis bu_000: float64, float64 
[2022-12-30 16:02:39,203 ] 85 root-INFO-Hypothesis bv_000: float64, float64 
[2022-12-30 16:02:39,210 ] 85 root-INFO-Hypothesis bx_000: float64, float64 
[2022-12-30 16:02:39,217 ] 85 root-INFO-Hypothesis by_000: float64, float64 
[2022-12-30 16:02:39,224 ] 85 root-INFO-Hypothesis bz_000: float64, float64 
[2022-12-30 16:02:39,230 ] 85 root-INFO-Hypothesis ca_000: float64, float64 
[2022-12-30 16:02:39,237 ] 85 root-INFO-Hypothesis cb_000: float64, float64 
[2022-12-30 16:02:39,244 ] 85 root-INFO-Hypothesis cc_000: float64, float64 
[2022-12-30 16:02:39,251 ] 85 root-INFO-Hypothesis cd_000: float64, float64 
[2022-12-30 16:02:39,267 ] 85 root-INFO-Hypothesis ce_000: float64, float64 
[2022-12-30 16:02:39,273 ] 85 root-INFO-Hypothesis ci_000: float64, float64 
[2022-12-30 16:02:39,280 ] 85 root-INFO-Hypothesis cj_000: float64, float64 
[2022-12-30 16:02:39,284 ] 85 root-INFO-Hypothesis ck_000: float64, float64 
[2022-12-30 16:02:39,291 ] 85 root-INFO-Hypothesis cl_000: float64, float64 
[2022-12-30 16:02:39,296 ] 85 root-INFO-Hypothesis cm_000: float64, float64 
[2022-12-30 16:02:39,300 ] 85 root-INFO-Hypothesis cn_000: float64, float64 
[2022-12-30 16:02:39,315 ] 85 root-INFO-Hypothesis cn_001: float64, float64 
[2022-12-30 16:02:39,319 ] 85 root-INFO-Hypothesis cn_002: float64, float64 
[2022-12-30 16:02:39,325 ] 85 root-INFO-Hypothesis cn_003: float64, float64 
[2022-12-30 16:02:39,332 ] 85 root-INFO-Hypothesis cn_004: float64, float64 
[2022-12-30 16:02:39,339 ] 85 root-INFO-Hypothesis cn_005: float64, float64 
[2022-12-30 16:02:39,346 ] 85 root-INFO-Hypothesis cn_006: float64, float64 
[2022-12-30 16:02:39,353 ] 85 root-INFO-Hypothesis cn_007: float64, float64 
[2022-12-30 16:02:39,360 ] 85 root-INFO-Hypothesis cn_008: float64, float64 
[2022-12-30 16:02:39,366 ] 85 root-INFO-Hypothesis cn_009: float64, float64 
[2022-12-30 16:02:39,371 ] 85 root-INFO-Hypothesis cp_000: float64, float64 
[2022-12-30 16:02:39,376 ] 85 root-INFO-Hypothesis cq_000: float64, float64 
[2022-12-30 16:02:39,383 ] 85 root-INFO-Hypothesis cs_000: float64, float64 
[2022-12-30 16:02:39,390 ] 85 root-INFO-Hypothesis cs_001: float64, float64 
[2022-12-30 16:02:39,396 ] 85 root-INFO-Hypothesis cs_002: float64, float64 
[2022-12-30 16:02:39,402 ] 85 root-INFO-Hypothesis cs_003: float64, float64 
[2022-12-30 16:02:39,409 ] 85 root-INFO-Hypothesis cs_004: float64, float64 
[2022-12-30 16:02:39,416 ] 85 root-INFO-Hypothesis cs_005: float64, float64 
[2022-12-30 16:02:39,423 ] 85 root-INFO-Hypothesis cs_006: float64, float64 
[2022-12-30 16:02:39,430 ] 85 root-INFO-Hypothesis cs_007: float64, float64 
[2022-12-30 16:02:39,437 ] 85 root-INFO-Hypothesis cs_008: float64, float64 
[2022-12-30 16:02:39,443 ] 85 root-INFO-Hypothesis cs_009: float64, float64 
[2022-12-30 16:02:39,458 ] 85 root-INFO-Hypothesis dd_000: float64, float64 
[2022-12-30 16:02:39,464 ] 85 root-INFO-Hypothesis de_000: float64, float64 
[2022-12-30 16:02:39,470 ] 85 root-INFO-Hypothesis df_000: float64, float64 
[2022-12-30 16:02:39,473 ] 85 root-INFO-Hypothesis dg_000: float64, float64 
[2022-12-30 16:02:39,476 ] 85 root-INFO-Hypothesis dh_000: float64, float64 
[2022-12-30 16:02:39,480 ] 85 root-INFO-Hypothesis di_000: float64, float64 
[2022-12-30 16:02:39,484 ] 85 root-INFO-Hypothesis dj_000: float64, float64 
[2022-12-30 16:02:39,499 ] 85 root-INFO-Hypothesis dk_000: float64, float64 
[2022-12-30 16:02:39,503 ] 85 root-INFO-Hypothesis dl_000: float64, float64 
[2022-12-30 16:02:39,518 ] 85 root-INFO-Hypothesis dm_000: float64, float64 
[2022-12-30 16:02:39,534 ] 85 root-INFO-Hypothesis dn_000: float64, float64 
[2022-12-30 16:02:39,541 ] 85 root-INFO-Hypothesis do_000: float64, float64 
[2022-12-30 16:02:39,547 ] 85 root-INFO-Hypothesis dp_000: float64, float64 
[2022-12-30 16:02:39,553 ] 85 root-INFO-Hypothesis dq_000: float64, float64 
[2022-12-30 16:02:39,558 ] 85 root-INFO-Hypothesis dr_000: float64, float64 
[2022-12-30 16:02:39,562 ] 85 root-INFO-Hypothesis ds_000: float64, float64 
[2022-12-30 16:02:39,569 ] 85 root-INFO-Hypothesis dt_000: float64, float64 
[2022-12-30 16:02:39,575 ] 85 root-INFO-Hypothesis du_000: float64, float64 
[2022-12-30 16:02:39,582 ] 85 root-INFO-Hypothesis dv_000: float64, float64 
[2022-12-30 16:02:39,589 ] 85 root-INFO-Hypothesis dx_000: float64, float64 
[2022-12-30 16:02:39,594 ] 85 root-INFO-Hypothesis dy_000: float64, float64 
[2022-12-30 16:02:39,598 ] 85 root-INFO-Hypothesis dz_000: float64, float64 
[2022-12-30 16:02:39,614 ] 85 root-INFO-Hypothesis ea_000: float64, float64 
[2022-12-30 16:02:39,629 ] 85 root-INFO-Hypothesis eb_000: float64, float64 
[2022-12-30 16:02:39,635 ] 85 root-INFO-Hypothesis ec_00: float64, float64 
[2022-12-30 16:02:39,641 ] 85 root-INFO-Hypothesis ed_000: float64, float64 
[2022-12-30 16:02:39,647 ] 85 root-INFO-Hypothesis ee_000: float64, float64 
[2022-12-30 16:02:39,654 ] 85 root-INFO-Hypothesis ee_001: float64, float64 
[2022-12-30 16:02:39,661 ] 85 root-INFO-Hypothesis ee_002: float64, float64 
[2022-12-30 16:02:39,669 ] 85 root-INFO-Hypothesis ee_003: float64, float64 
[2022-12-30 16:02:39,676 ] 85 root-INFO-Hypothesis ee_004: float64, float64 
[2022-12-30 16:02:39,683 ] 85 root-INFO-Hypothesis ee_005: float64, float64 
[2022-12-30 16:02:39,690 ] 85 root-INFO-Hypothesis ee_006: float64, float64 
[2022-12-30 16:02:39,696 ] 85 root-INFO-Hypothesis ee_007: float64, float64 
[2022-12-30 16:02:39,703 ] 85 root-INFO-Hypothesis ee_008: float64, float64 
[2022-12-30 16:02:39,709 ] 85 root-INFO-Hypothesis ee_009: float64, float64 
[2022-12-30 16:02:39,714 ] 85 root-INFO-Hypothesis ef_000: float64, float64 
[2022-12-30 16:02:39,730 ] 85 root-INFO-Hypothesis eg_000: float64, float64 
[2022-12-30 16:02:39,745 ] 144 root-INFO-Write report in yaml file
[2022-12-30 16:02:39,815 ] 149 root-INFO-Data validation artifact: DataValidationArtifact(report_file_path='/config/workspace/artifact/12302022__160205/data_validation/report.yaml')
[2022-12-30 16:02:39,817 ] 24 root-INFO->>>>>>>>>>>>>>>>>>>>>>>>>>>>>>>>>>>>>>>> Data Transformation <<<<<<<<<<<<<<<<<<<<<<<<<<<<<<<<<<<<<<<<
[2022-12-30 16:02:40,717 ] 75 root-INFO-Before resampling in training set Input: (28950, 170) Target:(28950,)
[2022-12-30 16:02:46,691 ] 77 root-INFO-After resampling in training set Input: (56152, 170) Target:(56152,)
[2022-12-30 16:02:46,691 ] 79 root-INFO-Before resampling in testing set Input: (7238, 170) Target:(7238,)
[2022-12-30 16:02:47,360 ] 81 root-INFO-After resampling in testing set Input: (14072, 170) Target:(14072,)
[2022-12-30 16:02:47,470 ] 44 root-INFO-Entered the save_object method of utils
[2022-12-30 16:02:47,473 ] 48 root-INFO-Exited the save_object method of utils
[2022-12-30 16:02:47,473 ] 44 root-INFO-Entered the save_object method of utils
[2022-12-30 16:02:47,474 ] 48 root-INFO-Exited the save_object method of utils
[2022-12-30 16:02:47,474 ] 112 root-INFO-Data transformation object DataTransformationArtifact(transform_object_path='/config/workspace/artifact/12302022__160205/data_transformation/transformer/transformer.pkl', transformed_train_path='/config/workspace/artifact/12302022__160205/data_transformation/transformed/train.npz', transformed_test_path='/config/workspace/artifact/12302022__160205/data_transformation/transformed/test.npz', target_encoder_path='/config/workspace/artifact/12302022__160205/data_transformation/target_encoder/target_encoder.pkl')
