[2022-12-30 15:34:10,964 ] 14 root-INFO->>>>>>>>>>>>>>>>>>>>>>>>>>>>>>>>>>>>>>>> Data Ingestion <<<<<<<<<<<<<<<<<<<<<<<<<<<<<<<<<<<<<<<<
[2022-12-30 15:34:10,964 ] 21 root-INFO-Exporting collection data as pandas dataframe
[2022-12-30 15:34:14,315 ] 14 root-INFO-Found columns: Index(['_id', 'class', 'aa_000', 'ab_000', 'ac_000', 'ad_000', 'ae_000',
       'af_000', 'ag_000', 'ag_001',
       ...
       'ee_002', 'ee_003', 'ee_004', 'ee_005', 'ee_006', 'ee_007', 'ee_008',
       'ee_009', 'ef_000', 'eg_000'],
      dtype='object', length=172)
[2022-12-30 15:34:14,315 ] 16 root-INFO-Dropping column: _id 
[2022-12-30 15:34:14,541 ] 18 root-INFO-Row and columns in df: (36188, 171)
[2022-12-30 15:34:14,541 ] 27 root-INFO-Save data in feature store
[2022-12-30 15:34:15,193 ] 32 root-INFO-Create feature store folder if not available
[2022-12-30 15:34:15,194 ] 36 root-INFO-Save df to feature store folder
[2022-12-30 15:34:17,650 ] 41 root-INFO-split dataset into train and test set
[2022-12-30 15:34:18,337 ] 45 root-INFO-create dataset directory folder if not available
[2022-12-30 15:34:18,337 ] 50 root-INFO-Save df to feature store folder
[2022-12-30 15:34:20,483 ] 62 root-INFO-Data ingestion artifact: DataIngestionArtifact(feature_store_file_path='/config/workspace/artifact/12302022__153410/data_ingestion/feature_store/sensor.csv', train_file_path='/config/workspace/artifact/12302022__153410/data_ingestion/dataset/train.csv', test_file_path='/config/workspace/artifact/12302022__153410/data_ingestion/dataset/test.csv')
[2022-12-30 15:34:20,928 ] 21 root-INFO-Exporting collection data as pandas dataframe
[2022-12-30 15:34:24,294 ] 14 root-INFO-Found columns: Index(['_id', 'class', 'aa_000', 'ab_000', 'ac_000', 'ad_000', 'ae_000',
       'af_000', 'ag_000', 'ag_001',
       ...
       'ee_002', 'ee_003', 'ee_004', 'ee_005', 'ee_006', 'ee_007', 'ee_008',
       'ee_009', 'ef_000', 'eg_000'],
      dtype='object', length=172)
[2022-12-30 15:34:24,295 ] 16 root-INFO-Dropping column: _id 
[2022-12-30 15:34:24,552 ] 18 root-INFO-Row and columns in df: (36188, 171)
[2022-12-30 15:34:24,552 ] 27 root-INFO-Save data in feature store
[2022-12-30 15:34:25,093 ] 32 root-INFO-Create feature store folder if not available
[2022-12-30 15:34:25,093 ] 36 root-INFO-Save df to feature store folder
[2022-12-30 15:34:27,585 ] 41 root-INFO-split dataset into train and test set
[2022-12-30 15:34:28,178 ] 45 root-INFO-create dataset directory folder if not available
[2022-12-30 15:34:28,178 ] 50 root-INFO-Save df to feature store folder
[2022-12-30 15:34:30,384 ] 62 root-INFO-Data ingestion artifact: DataIngestionArtifact(feature_store_file_path='/config/workspace/artifact/12302022__153410/data_ingestion/feature_store/sensor.csv', train_file_path='/config/workspace/artifact/12302022__153410/data_ingestion/dataset/train.csv', test_file_path='/config/workspace/artifact/12302022__153410/data_ingestion/dataset/test.csv')
[2022-12-30 15:34:30,808 ] 19 root-INFO->>>>>>>>>>>>>>>>>>>>>>>>>>>>>>>>>>>>>>>> Data Validation <<<<<<<<<<<<<<<<<<<<<<<<<<<<<<<<<<<<<<<<
[2022-12-30 15:34:30,808 ] 107 root-INFO-Reading base dataframe
[2022-12-30 15:34:33,711 ] 110 root-INFO-Replace na value in base df
[2022-12-30 15:34:33,711 ] 112 root-INFO-Drop null values colums from base df
[2022-12-30 15:34:34,620 ] 40 root-INFO-selecting column name which contains null above to 0.2
[2022-12-30 15:34:34,620 ] 43 root-INFO-Columns to drop: ['ab_000', 'ad_000', 'bk_000', 'bl_000', 'bm_000', 'bn_000', 'bo_000', 'bp_000', 'bq_000', 'br_000', 'cf_000', 'cg_000', 'ch_000', 'co_000', 'cr_000', 'ct_000', 'cu_000', 'cv_000', 'cx_000', 'cy_000', 'cz_000', 'da_000', 'db_000', 'dc_000']
[2022-12-30 15:34:34,703 ] 115 root-INFO-Reading train dataframe
[2022-12-30 15:34:35,099 ] 117 root-INFO-Reading test dataframe
[2022-12-30 15:34:35,201 ] 120 root-INFO-Drop null values colums from train df
[2022-12-30 15:34:35,213 ] 40 root-INFO-selecting column name which contains null above to 0.2
[2022-12-30 15:34:35,213 ] 43 root-INFO-Columns to drop: ['ab_000', 'ad_000', 'bk_000', 'bl_000', 'bm_000', 'bn_000', 'bo_000', 'bp_000', 'bq_000', 'br_000', 'cf_000', 'cg_000', 'ch_000', 'co_000', 'cr_000', 'ct_000', 'cu_000', 'cv_000', 'cx_000', 'cy_000', 'cz_000', 'da_000', 'db_000', 'dc_000']
[2022-12-30 15:34:35,222 ] 122 root-INFO-Drop null values colums from test df
[2022-12-30 15:34:35,226 ] 40 root-INFO-selecting column name which contains null above to 0.2
[2022-12-30 15:34:35,226 ] 43 root-INFO-Columns to drop: ['ab_000', 'ad_000', 'bk_000', 'bl_000', 'bm_000', 'bn_000', 'bo_000', 'bp_000', 'bq_000', 'br_000', 'cf_000', 'cg_000', 'ch_000', 'co_000', 'cr_000', 'ct_000', 'cu_000', 'cv_000', 'cx_000', 'cy_000', 'cz_000', 'da_000', 'db_000', 'dc_000']
[2022-12-30 15:34:41,363 ] 131 root-INFO-Is all required columns present in train df
[2022-12-30 15:34:41,363 ] 133 root-INFO-Is all required columns present in test df
[2022-12-30 15:34:41,363 ] 137 root-INFO-As all column are available in train df hence detecting data drift
[2022-12-30 15:34:41,364 ] 85 root-INFO-Hypothesis class: object, object 
[2022-12-30 15:34:41,497 ] 85 root-INFO-Hypothesis aa_000: float64, float64 
[2022-12-30 15:34:41,508 ] 85 root-INFO-Hypothesis ac_000: float64, float64 
[2022-12-30 15:34:41,547 ] 85 root-INFO-Hypothesis ae_000: float64, float64 
[2022-12-30 15:34:41,584 ] 85 root-INFO-Hypothesis af_000: float64, float64 
[2022-12-30 15:34:41,621 ] 85 root-INFO-Hypothesis ag_000: float64, float64 
[2022-12-30 15:34:41,657 ] 85 root-INFO-Hypothesis ag_001: float64, float64 
[2022-12-30 15:34:41,694 ] 85 root-INFO-Hypothesis ag_002: float64, float64 
[2022-12-30 15:34:41,730 ] 85 root-INFO-Hypothesis ag_003: float64, float64 
[2022-12-30 15:34:41,737 ] 85 root-INFO-Hypothesis ag_004: float64, float64 
[2022-12-30 15:34:41,747 ] 85 root-INFO-Hypothesis ag_005: float64, float64 
[2022-12-30 15:34:41,758 ] 85 root-INFO-Hypothesis ag_006: float64, float64 
[2022-12-30 15:34:41,769 ] 85 root-INFO-Hypothesis ag_007: float64, float64 
[2022-12-30 15:34:41,779 ] 85 root-INFO-Hypothesis ag_008: float64, float64 
[2022-12-30 15:34:41,788 ] 85 root-INFO-Hypothesis ag_009: float64, float64 
[2022-12-30 15:34:41,795 ] 85 root-INFO-Hypothesis ah_000: float64, float64 
[2022-12-30 15:34:41,806 ] 85 root-INFO-Hypothesis ai_000: float64, float64 
[2022-12-30 15:34:41,843 ] 85 root-INFO-Hypothesis aj_000: float64, float64 
[2022-12-30 15:34:41,849 ] 85 root-INFO-Hypothesis ak_000: float64, float64 
[2022-12-30 15:34:41,887 ] 85 root-INFO-Hypothesis al_000: float64, float64 
[2022-12-30 15:34:41,894 ] 85 root-INFO-Hypothesis am_0: float64, float64 
[2022-12-30 15:34:41,902 ] 85 root-INFO-Hypothesis an_000: float64, float64 
[2022-12-30 15:34:41,913 ] 85 root-INFO-Hypothesis ao_000: float64, float64 
[2022-12-30 15:34:41,923 ] 85 root-INFO-Hypothesis ap_000: float64, float64 
[2022-12-30 15:34:41,934 ] 85 root-INFO-Hypothesis aq_000: float64, float64 
[2022-12-30 15:34:41,945 ] 85 root-INFO-Hypothesis ar_000: float64, float64 
[2022-12-30 15:34:41,981 ] 85 root-INFO-Hypothesis as_000: float64, float64 
[2022-12-30 15:34:42,017 ] 85 root-INFO-Hypothesis at_000: float64, float64 
[2022-12-30 15:34:42,054 ] 85 root-INFO-Hypothesis au_000: float64, float64 
[2022-12-30 15:34:42,091 ] 85 root-INFO-Hypothesis av_000: float64, float64 
[2022-12-30 15:34:42,099 ] 85 root-INFO-Hypothesis ax_000: float64, float64 
[2022-12-30 15:34:42,108 ] 85 root-INFO-Hypothesis ay_000: float64, float64 
[2022-12-30 15:34:42,143 ] 85 root-INFO-Hypothesis ay_001: float64, float64 
[2022-12-30 15:34:42,179 ] 85 root-INFO-Hypothesis ay_002: float64, float64 
[2022-12-30 15:34:42,215 ] 85 root-INFO-Hypothesis ay_003: float64, float64 
[2022-12-30 15:34:42,250 ] 85 root-INFO-Hypothesis ay_004: float64, float64 
[2022-12-30 15:34:42,285 ] 85 root-INFO-Hypothesis ay_005: float64, float64 
[2022-12-30 15:34:42,325 ] 85 root-INFO-Hypothesis ay_006: float64, float64 
[2022-12-30 15:34:42,335 ] 85 root-INFO-Hypothesis ay_007: float64, float64 
[2022-12-30 15:34:42,345 ] 85 root-INFO-Hypothesis ay_008: float64, float64 
[2022-12-30 15:34:42,356 ] 85 root-INFO-Hypothesis ay_009: float64, float64 
[2022-12-30 15:34:42,394 ] 85 root-INFO-Hypothesis az_000: float64, float64 
[2022-12-30 15:34:42,404 ] 85 root-INFO-Hypothesis az_001: float64, float64 
[2022-12-30 15:34:42,414 ] 85 root-INFO-Hypothesis az_002: float64, float64 
[2022-12-30 15:34:42,424 ] 85 root-INFO-Hypothesis az_003: float64, float64 
[2022-12-30 15:34:42,435 ] 85 root-INFO-Hypothesis az_004: float64, float64 
[2022-12-30 15:34:42,446 ] 85 root-INFO-Hypothesis az_005: float64, float64 
[2022-12-30 15:34:42,456 ] 85 root-INFO-Hypothesis az_006: float64, float64 
[2022-12-30 15:34:42,497 ] 85 root-INFO-Hypothesis az_007: float64, float64 
[2022-12-30 15:34:42,535 ] 85 root-INFO-Hypothesis az_008: float64, float64 
[2022-12-30 15:34:42,571 ] 85 root-INFO-Hypothesis az_009: float64, float64 
[2022-12-30 15:34:42,607 ] 85 root-INFO-Hypothesis ba_000: float64, float64 
[2022-12-30 15:34:42,617 ] 85 root-INFO-Hypothesis ba_001: float64, float64 
[2022-12-30 15:34:42,628 ] 85 root-INFO-Hypothesis ba_002: float64, float64 
[2022-12-30 15:34:42,639 ] 85 root-INFO-Hypothesis ba_003: float64, float64 
[2022-12-30 15:34:42,649 ] 85 root-INFO-Hypothesis ba_004: float64, float64 
[2022-12-30 15:34:42,660 ] 85 root-INFO-Hypothesis ba_005: float64, float64 
[2022-12-30 15:34:42,670 ] 85 root-INFO-Hypothesis ba_006: float64, float64 
[2022-12-30 15:34:42,680 ] 85 root-INFO-Hypothesis ba_007: float64, float64 
[2022-12-30 15:34:42,689 ] 85 root-INFO-Hypothesis ba_008: float64, float64 
[2022-12-30 15:34:42,730 ] 85 root-INFO-Hypothesis ba_009: float64, float64 
[2022-12-30 15:34:42,771 ] 85 root-INFO-Hypothesis bb_000: float64, float64 
[2022-12-30 15:34:42,782 ] 85 root-INFO-Hypothesis bc_000: float64, float64 
[2022-12-30 15:34:42,823 ] 85 root-INFO-Hypothesis bd_000: float64, float64 
[2022-12-30 15:34:42,832 ] 85 root-INFO-Hypothesis be_000: float64, float64 
[2022-12-30 15:34:42,840 ] 85 root-INFO-Hypothesis bf_000: float64, float64 
[2022-12-30 15:34:42,849 ] 85 root-INFO-Hypothesis bg_000: float64, float64 
[2022-12-30 15:34:42,860 ] 85 root-INFO-Hypothesis bh_000: float64, float64 
[2022-12-30 15:34:42,871 ] 85 root-INFO-Hypothesis bi_000: float64, float64 
[2022-12-30 15:34:42,882 ] 85 root-INFO-Hypothesis bj_000: float64, float64 
[2022-12-30 15:34:42,893 ] 85 root-INFO-Hypothesis bs_000: float64, float64 
[2022-12-30 15:34:42,904 ] 85 root-INFO-Hypothesis bt_000: float64, float64 
[2022-12-30 15:34:42,915 ] 85 root-INFO-Hypothesis bu_000: float64, float64 
[2022-12-30 15:34:42,927 ] 85 root-INFO-Hypothesis bv_000: float64, float64 
[2022-12-30 15:34:42,938 ] 85 root-INFO-Hypothesis bx_000: float64, float64 
[2022-12-30 15:34:42,948 ] 85 root-INFO-Hypothesis by_000: float64, float64 
[2022-12-30 15:34:42,959 ] 85 root-INFO-Hypothesis bz_000: float64, float64 
[2022-12-30 15:34:42,968 ] 85 root-INFO-Hypothesis ca_000: float64, float64 
[2022-12-30 15:34:42,978 ] 85 root-INFO-Hypothesis cb_000: float64, float64 
[2022-12-30 15:34:42,990 ] 85 root-INFO-Hypothesis cc_000: float64, float64 
[2022-12-30 15:34:43,000 ] 85 root-INFO-Hypothesis cd_000: float64, float64 
[2022-12-30 15:34:43,037 ] 85 root-INFO-Hypothesis ce_000: float64, float64 
[2022-12-30 15:34:43,047 ] 85 root-INFO-Hypothesis ci_000: float64, float64 
[2022-12-30 15:34:43,058 ] 85 root-INFO-Hypothesis cj_000: float64, float64 
[2022-12-30 15:34:43,096 ] 85 root-INFO-Hypothesis ck_000: float64, float64 
[2022-12-30 15:34:43,107 ] 85 root-INFO-Hypothesis cl_000: float64, float64 
[2022-12-30 15:34:43,113 ] 85 root-INFO-Hypothesis cm_000: float64, float64 
[2022-12-30 15:34:43,120 ] 85 root-INFO-Hypothesis cn_000: float64, float64 
[2022-12-30 15:34:43,155 ] 85 root-INFO-Hypothesis cn_001: float64, float64 
[2022-12-30 15:34:43,193 ] 85 root-INFO-Hypothesis cn_002: float64, float64 
[2022-12-30 15:34:43,201 ] 85 root-INFO-Hypothesis cn_003: float64, float64 
[2022-12-30 15:34:43,212 ] 85 root-INFO-Hypothesis cn_004: float64, float64 
[2022-12-30 15:34:43,223 ] 85 root-INFO-Hypothesis cn_005: float64, float64 
[2022-12-30 15:34:43,233 ] 85 root-INFO-Hypothesis cn_006: float64, float64 
[2022-12-30 15:34:43,244 ] 85 root-INFO-Hypothesis cn_007: float64, float64 
[2022-12-30 15:34:43,253 ] 85 root-INFO-Hypothesis cn_008: float64, float64 
[2022-12-30 15:34:43,262 ] 85 root-INFO-Hypothesis cn_009: float64, float64 
[2022-12-30 15:34:43,302 ] 85 root-INFO-Hypothesis cp_000: float64, float64 
[2022-12-30 15:34:43,342 ] 85 root-INFO-Hypothesis cq_000: float64, float64 
[2022-12-30 15:34:43,352 ] 85 root-INFO-Hypothesis cs_000: float64, float64 
[2022-12-30 15:34:43,362 ] 85 root-INFO-Hypothesis cs_001: float64, float64 
[2022-12-30 15:34:43,371 ] 85 root-INFO-Hypothesis cs_002: float64, float64 
[2022-12-30 15:34:43,381 ] 85 root-INFO-Hypothesis cs_003: float64, float64 
[2022-12-30 15:34:43,392 ] 85 root-INFO-Hypothesis cs_004: float64, float64 
[2022-12-30 15:34:43,403 ] 85 root-INFO-Hypothesis cs_005: float64, float64 
[2022-12-30 15:34:43,414 ] 85 root-INFO-Hypothesis cs_006: float64, float64 
[2022-12-30 15:34:43,425 ] 85 root-INFO-Hypothesis cs_007: float64, float64 
[2022-12-30 15:34:43,436 ] 85 root-INFO-Hypothesis cs_008: float64, float64 
[2022-12-30 15:34:43,477 ] 85 root-INFO-Hypothesis cs_009: float64, float64 
[2022-12-30 15:34:43,515 ] 85 root-INFO-Hypothesis dd_000: float64, float64 
[2022-12-30 15:34:43,525 ] 85 root-INFO-Hypothesis de_000: float64, float64 
[2022-12-30 15:34:43,534 ] 85 root-INFO-Hypothesis df_000: float64, float64 
[2022-12-30 15:34:43,572 ] 85 root-INFO-Hypothesis dg_000: float64, float64 
[2022-12-30 15:34:43,610 ] 85 root-INFO-Hypothesis dh_000: float64, float64 
[2022-12-30 15:34:43,615 ] 85 root-INFO-Hypothesis di_000: float64, float64 
[2022-12-30 15:34:43,654 ] 85 root-INFO-Hypothesis dj_000: float64, float64 
[2022-12-30 15:34:43,691 ] 85 root-INFO-Hypothesis dk_000: float64, float64 
[2022-12-30 15:34:43,728 ] 85 root-INFO-Hypothesis dl_000: float64, float64 
[2022-12-30 15:34:43,765 ] 85 root-INFO-Hypothesis dm_000: float64, float64 
[2022-12-30 15:34:43,805 ] 85 root-INFO-Hypothesis dn_000: float64, float64 
[2022-12-30 15:34:43,815 ] 85 root-INFO-Hypothesis do_000: float64, float64 
[2022-12-30 15:34:43,825 ] 85 root-INFO-Hypothesis dp_000: float64, float64 
[2022-12-30 15:34:43,835 ] 85 root-INFO-Hypothesis dq_000: float64, float64 
[2022-12-30 15:34:43,873 ] 85 root-INFO-Hypothesis dr_000: float64, float64 
[2022-12-30 15:34:43,920 ] 85 root-INFO-Hypothesis ds_000: float64, float64 
[2022-12-30 15:34:43,932 ] 85 root-INFO-Hypothesis dt_000: float64, float64 
[2022-12-30 15:34:43,942 ] 85 root-INFO-Hypothesis du_000: float64, float64 
[2022-12-30 15:34:43,952 ] 85 root-INFO-Hypothesis dv_000: float64, float64 
[2022-12-30 15:34:43,963 ] 85 root-INFO-Hypothesis dx_000: float64, float64 
[2022-12-30 15:34:44,002 ] 85 root-INFO-Hypothesis dy_000: float64, float64 
[2022-12-30 15:34:44,040 ] 85 root-INFO-Hypothesis dz_000: float64, float64 
[2022-12-30 15:34:44,077 ] 85 root-INFO-Hypothesis ea_000: float64, float64 
[2022-12-30 15:34:44,113 ] 85 root-INFO-Hypothesis eb_000: float64, float64 
[2022-12-30 15:34:44,122 ] 85 root-INFO-Hypothesis ec_00: float64, float64 
[2022-12-30 15:34:44,132 ] 85 root-INFO-Hypothesis ed_000: float64, float64 
[2022-12-30 15:34:44,141 ] 85 root-INFO-Hypothesis ee_000: float64, float64 
[2022-12-30 15:34:44,151 ] 85 root-INFO-Hypothesis ee_001: float64, float64 
[2022-12-30 15:34:44,162 ] 85 root-INFO-Hypothesis ee_002: float64, float64 
[2022-12-30 15:34:44,172 ] 85 root-INFO-Hypothesis ee_003: float64, float64 
[2022-12-30 15:34:44,182 ] 85 root-INFO-Hypothesis ee_004: float64, float64 
[2022-12-30 15:34:44,193 ] 85 root-INFO-Hypothesis ee_005: float64, float64 
[2022-12-30 15:34:44,203 ] 85 root-INFO-Hypothesis ee_006: float64, float64 
[2022-12-30 15:34:44,213 ] 85 root-INFO-Hypothesis ee_007: float64, float64 
[2022-12-30 15:34:44,223 ] 85 root-INFO-Hypothesis ee_008: float64, float64 
[2022-12-30 15:34:44,232 ] 85 root-INFO-Hypothesis ee_009: float64, float64 
[2022-12-30 15:34:44,239 ] 85 root-INFO-Hypothesis ef_000: float64, float64 
[2022-12-30 15:34:44,276 ] 85 root-INFO-Hypothesis eg_000: float64, float64 
[2022-12-30 15:34:44,311 ] 140 root-INFO-As all column are available in test df hence detecting data drift
[2022-12-30 15:34:44,312 ] 85 root-INFO-Hypothesis class: object, object 
[2022-12-30 15:34:44,386 ] 85 root-INFO-Hypothesis aa_000: float64, float64 
[2022-12-30 15:34:44,393 ] 85 root-INFO-Hypothesis ac_000: float64, float64 
[2022-12-30 15:34:44,399 ] 85 root-INFO-Hypothesis ae_000: float64, float64 
[2022-12-30 15:34:44,414 ] 85 root-INFO-Hypothesis af_000: float64, float64 
[2022-12-30 15:34:44,429 ] 85 root-INFO-Hypothesis ag_000: float64, float64 
[2022-12-30 15:34:44,444 ] 85 root-INFO-Hypothesis ag_001: float64, float64 
[2022-12-30 15:34:44,459 ] 85 root-INFO-Hypothesis ag_002: float64, float64 
[2022-12-30 15:34:44,462 ] 85 root-INFO-Hypothesis ag_003: float64, float64 
[2022-12-30 15:34:44,466 ] 85 root-INFO-Hypothesis ag_004: float64, float64 
[2022-12-30 15:34:44,473 ] 85 root-INFO-Hypothesis ag_005: float64, float64 
[2022-12-30 15:34:44,480 ] 85 root-INFO-Hypothesis ag_006: float64, float64 
[2022-12-30 15:34:44,487 ] 85 root-INFO-Hypothesis ag_007: float64, float64 
[2022-12-30 15:34:44,494 ] 85 root-INFO-Hypothesis ag_008: float64, float64 
[2022-12-30 15:34:44,500 ] 85 root-INFO-Hypothesis ag_009: float64, float64 
[2022-12-30 15:34:44,505 ] 85 root-INFO-Hypothesis ah_000: float64, float64 
[2022-12-30 15:34:44,513 ] 85 root-INFO-Hypothesis ai_000: float64, float64 
[2022-12-30 15:34:44,516 ] 85 root-INFO-Hypothesis aj_000: float64, float64 
[2022-12-30 15:34:44,520 ] 85 root-INFO-Hypothesis ak_000: float64, float64 
[2022-12-30 15:34:44,524 ] 85 root-INFO-Hypothesis al_000: float64, float64 
[2022-12-30 15:34:44,529 ] 85 root-INFO-Hypothesis am_0: float64, float64 
[2022-12-30 15:34:44,534 ] 85 root-INFO-Hypothesis an_000: float64, float64 
[2022-12-30 15:34:44,541 ] 85 root-INFO-Hypothesis ao_000: float64, float64 
[2022-12-30 15:34:44,548 ] 85 root-INFO-Hypothesis ap_000: float64, float64 
[2022-12-30 15:34:44,556 ] 85 root-INFO-Hypothesis aq_000: float64, float64 
[2022-12-30 15:34:44,563 ] 85 root-INFO-Hypothesis ar_000: float64, float64 
[2022-12-30 15:34:44,579 ] 85 root-INFO-Hypothesis as_000: float64, float64 
[2022-12-30 15:34:44,594 ] 85 root-INFO-Hypothesis at_000: float64, float64 
[2022-12-30 15:34:44,611 ] 85 root-INFO-Hypothesis au_000: float64, float64 
[2022-12-30 15:34:44,627 ] 85 root-INFO-Hypothesis av_000: float64, float64 
[2022-12-30 15:34:44,633 ] 85 root-INFO-Hypothesis ax_000: float64, float64 
[2022-12-30 15:34:44,639 ] 85 root-INFO-Hypothesis ay_000: float64, float64 
[2022-12-30 15:34:44,654 ] 85 root-INFO-Hypothesis ay_001: float64, float64 
[2022-12-30 15:34:44,669 ] 85 root-INFO-Hypothesis ay_002: float64, float64 
[2022-12-30 15:34:44,684 ] 85 root-INFO-Hypothesis ay_003: float64, float64 
[2022-12-30 15:34:44,699 ] 85 root-INFO-Hypothesis ay_004: float64, float64 
[2022-12-30 15:34:44,714 ] 85 root-INFO-Hypothesis ay_005: float64, float64 
[2022-12-30 15:34:44,719 ] 85 root-INFO-Hypothesis ay_006: float64, float64 
[2022-12-30 15:34:44,725 ] 85 root-INFO-Hypothesis ay_007: float64, float64 
[2022-12-30 15:34:44,732 ] 85 root-INFO-Hypothesis ay_008: float64, float64 
[2022-12-30 15:34:44,739 ] 85 root-INFO-Hypothesis ay_009: float64, float64 
[2022-12-30 15:34:44,753 ] 85 root-INFO-Hypothesis az_000: float64, float64 
[2022-12-30 15:34:44,760 ] 85 root-INFO-Hypothesis az_001: float64, float64 
[2022-12-30 15:34:44,767 ] 85 root-INFO-Hypothesis az_002: float64, float64 
[2022-12-30 15:34:44,773 ] 85 root-INFO-Hypothesis az_003: float64, float64 
[2022-12-30 15:34:44,780 ] 85 root-INFO-Hypothesis az_004: float64, float64 
[2022-12-30 15:34:44,788 ] 85 root-INFO-Hypothesis az_005: float64, float64 
[2022-12-30 15:34:44,796 ] 85 root-INFO-Hypothesis az_006: float64, float64 
[2022-12-30 15:34:44,802 ] 85 root-INFO-Hypothesis az_007: float64, float64 
[2022-12-30 15:34:44,807 ] 85 root-INFO-Hypothesis az_008: float64, float64 
[2022-12-30 15:34:44,824 ] 85 root-INFO-Hypothesis az_009: float64, float64 
[2022-12-30 15:34:44,841 ] 85 root-INFO-Hypothesis ba_000: float64, float64 
[2022-12-30 15:34:44,848 ] 85 root-INFO-Hypothesis ba_001: float64, float64 
[2022-12-30 15:34:44,856 ] 85 root-INFO-Hypothesis ba_002: float64, float64 
[2022-12-30 15:34:44,864 ] 85 root-INFO-Hypothesis ba_003: float64, float64 
[2022-12-30 15:34:44,873 ] 85 root-INFO-Hypothesis ba_004: float64, float64 
[2022-12-30 15:34:44,880 ] 85 root-INFO-Hypothesis ba_005: float64, float64 
[2022-12-30 15:34:44,887 ] 85 root-INFO-Hypothesis ba_006: float64, float64 
[2022-12-30 15:34:44,894 ] 85 root-INFO-Hypothesis ba_007: float64, float64 
[2022-12-30 15:34:44,900 ] 85 root-INFO-Hypothesis ba_008: float64, float64 
[2022-12-30 15:34:44,906 ] 85 root-INFO-Hypothesis ba_009: float64, float64 
[2022-12-30 15:34:44,910 ] 85 root-INFO-Hypothesis bb_000: float64, float64 
[2022-12-30 15:34:44,917 ] 85 root-INFO-Hypothesis bc_000: float64, float64 
[2022-12-30 15:34:44,923 ] 85 root-INFO-Hypothesis bd_000: float64, float64 
[2022-12-30 15:34:44,929 ] 85 root-INFO-Hypothesis be_000: float64, float64 
[2022-12-30 15:34:44,935 ] 85 root-INFO-Hypothesis bf_000: float64, float64 
[2022-12-30 15:34:44,939 ] 85 root-INFO-Hypothesis bg_000: float64, float64 
[2022-12-30 15:34:44,946 ] 85 root-INFO-Hypothesis bh_000: float64, float64 
[2022-12-30 15:34:44,953 ] 85 root-INFO-Hypothesis bi_000: float64, float64 
[2022-12-30 15:34:44,960 ] 85 root-INFO-Hypothesis bj_000: float64, float64 
[2022-12-30 15:34:44,968 ] 85 root-INFO-Hypothesis bs_000: float64, float64 
[2022-12-30 15:34:44,975 ] 85 root-INFO-Hypothesis bt_000: float64, float64 
[2022-12-30 15:34:44,982 ] 85 root-INFO-Hypothesis bu_000: float64, float64 
[2022-12-30 15:34:44,989 ] 85 root-INFO-Hypothesis bv_000: float64, float64 
[2022-12-30 15:34:44,996 ] 85 root-INFO-Hypothesis bx_000: float64, float64 
[2022-12-30 15:34:45,003 ] 85 root-INFO-Hypothesis by_000: float64, float64 
[2022-12-30 15:34:45,010 ] 85 root-INFO-Hypothesis bz_000: float64, float64 
[2022-12-30 15:34:45,016 ] 85 root-INFO-Hypothesis ca_000: float64, float64 
[2022-12-30 15:34:45,023 ] 85 root-INFO-Hypothesis cb_000: float64, float64 
[2022-12-30 15:34:45,030 ] 85 root-INFO-Hypothesis cc_000: float64, float64 
[2022-12-30 15:34:45,037 ] 85 root-INFO-Hypothesis cd_000: float64, float64 
[2022-12-30 15:34:45,052 ] 85 root-INFO-Hypothesis ce_000: float64, float64 
[2022-12-30 15:34:45,058 ] 85 root-INFO-Hypothesis ci_000: float64, float64 
[2022-12-30 15:34:45,065 ] 85 root-INFO-Hypothesis cj_000: float64, float64 
[2022-12-30 15:34:45,069 ] 85 root-INFO-Hypothesis ck_000: float64, float64 
[2022-12-30 15:34:45,077 ] 85 root-INFO-Hypothesis cl_000: float64, float64 
[2022-12-30 15:34:45,081 ] 85 root-INFO-Hypothesis cm_000: float64, float64 
[2022-12-30 15:34:45,086 ] 85 root-INFO-Hypothesis cn_000: float64, float64 
[2022-12-30 15:34:45,102 ] 85 root-INFO-Hypothesis cn_001: float64, float64 
[2022-12-30 15:34:45,106 ] 85 root-INFO-Hypothesis cn_002: float64, float64 
[2022-12-30 15:34:45,111 ] 85 root-INFO-Hypothesis cn_003: float64, float64 
[2022-12-30 15:34:45,118 ] 85 root-INFO-Hypothesis cn_004: float64, float64 
[2022-12-30 15:34:45,125 ] 85 root-INFO-Hypothesis cn_005: float64, float64 
[2022-12-30 15:34:45,132 ] 85 root-INFO-Hypothesis cn_006: float64, float64 
[2022-12-30 15:34:45,139 ] 85 root-INFO-Hypothesis cn_007: float64, float64 
[2022-12-30 15:34:45,146 ] 85 root-INFO-Hypothesis cn_008: float64, float64 
[2022-12-30 15:34:45,152 ] 85 root-INFO-Hypothesis cn_009: float64, float64 
[2022-12-30 15:34:45,157 ] 85 root-INFO-Hypothesis cp_000: float64, float64 
[2022-12-30 15:34:45,163 ] 85 root-INFO-Hypothesis cq_000: float64, float64 
[2022-12-30 15:34:45,170 ] 85 root-INFO-Hypothesis cs_000: float64, float64 
[2022-12-30 15:34:45,176 ] 85 root-INFO-Hypothesis cs_001: float64, float64 
[2022-12-30 15:34:45,182 ] 85 root-INFO-Hypothesis cs_002: float64, float64 
[2022-12-30 15:34:45,189 ] 85 root-INFO-Hypothesis cs_003: float64, float64 
[2022-12-30 15:34:45,196 ] 85 root-INFO-Hypothesis cs_004: float64, float64 
[2022-12-30 15:34:45,203 ] 85 root-INFO-Hypothesis cs_005: float64, float64 
[2022-12-30 15:34:45,210 ] 85 root-INFO-Hypothesis cs_006: float64, float64 
[2022-12-30 15:34:45,217 ] 85 root-INFO-Hypothesis cs_007: float64, float64 
[2022-12-30 15:34:45,224 ] 85 root-INFO-Hypothesis cs_008: float64, float64 
[2022-12-30 15:34:45,229 ] 85 root-INFO-Hypothesis cs_009: float64, float64 
[2022-12-30 15:34:45,244 ] 85 root-INFO-Hypothesis dd_000: float64, float64 
[2022-12-30 15:34:45,250 ] 85 root-INFO-Hypothesis de_000: float64, float64 
[2022-12-30 15:34:45,256 ] 85 root-INFO-Hypothesis df_000: float64, float64 
[2022-12-30 15:34:45,259 ] 85 root-INFO-Hypothesis dg_000: float64, float64 
[2022-12-30 15:34:45,262 ] 85 root-INFO-Hypothesis dh_000: float64, float64 
[2022-12-30 15:34:45,266 ] 85 root-INFO-Hypothesis di_000: float64, float64 
[2022-12-30 15:34:45,270 ] 85 root-INFO-Hypothesis dj_000: float64, float64 
[2022-12-30 15:34:45,285 ] 85 root-INFO-Hypothesis dk_000: float64, float64 
[2022-12-30 15:34:45,289 ] 85 root-INFO-Hypothesis dl_000: float64, float64 
[2022-12-30 15:34:45,304 ] 85 root-INFO-Hypothesis dm_000: float64, float64 
[2022-12-30 15:34:45,319 ] 85 root-INFO-Hypothesis dn_000: float64, float64 
[2022-12-30 15:34:45,326 ] 85 root-INFO-Hypothesis do_000: float64, float64 
[2022-12-30 15:34:45,333 ] 85 root-INFO-Hypothesis dp_000: float64, float64 
[2022-12-30 15:34:45,339 ] 85 root-INFO-Hypothesis dq_000: float64, float64 
[2022-12-30 15:34:45,344 ] 85 root-INFO-Hypothesis dr_000: float64, float64 
[2022-12-30 15:34:45,348 ] 85 root-INFO-Hypothesis ds_000: float64, float64 
[2022-12-30 15:34:45,355 ] 85 root-INFO-Hypothesis dt_000: float64, float64 
[2022-12-30 15:34:45,361 ] 85 root-INFO-Hypothesis du_000: float64, float64 
[2022-12-30 15:34:45,368 ] 85 root-INFO-Hypothesis dv_000: float64, float64 
[2022-12-30 15:34:45,375 ] 85 root-INFO-Hypothesis dx_000: float64, float64 
[2022-12-30 15:34:45,380 ] 85 root-INFO-Hypothesis dy_000: float64, float64 
[2022-12-30 15:34:45,384 ] 85 root-INFO-Hypothesis dz_000: float64, float64 
[2022-12-30 15:34:45,399 ] 85 root-INFO-Hypothesis ea_000: float64, float64 
[2022-12-30 15:34:45,415 ] 85 root-INFO-Hypothesis eb_000: float64, float64 
[2022-12-30 15:34:45,420 ] 85 root-INFO-Hypothesis ec_00: float64, float64 
[2022-12-30 15:34:45,427 ] 85 root-INFO-Hypothesis ed_000: float64, float64 
[2022-12-30 15:34:45,433 ] 85 root-INFO-Hypothesis ee_000: float64, float64 
[2022-12-30 15:34:45,440 ] 85 root-INFO-Hypothesis ee_001: float64, float64 
[2022-12-30 15:34:45,447 ] 85 root-INFO-Hypothesis ee_002: float64, float64 
[2022-12-30 15:34:45,454 ] 85 root-INFO-Hypothesis ee_003: float64, float64 
[2022-12-30 15:34:45,461 ] 85 root-INFO-Hypothesis ee_004: float64, float64 
[2022-12-30 15:34:45,468 ] 85 root-INFO-Hypothesis ee_005: float64, float64 
[2022-12-30 15:34:45,475 ] 85 root-INFO-Hypothesis ee_006: float64, float64 
[2022-12-30 15:34:45,482 ] 85 root-INFO-Hypothesis ee_007: float64, float64 
[2022-12-30 15:34:45,488 ] 85 root-INFO-Hypothesis ee_008: float64, float64 
[2022-12-30 15:34:45,494 ] 85 root-INFO-Hypothesis ee_009: float64, float64 
[2022-12-30 15:34:45,499 ] 85 root-INFO-Hypothesis ef_000: float64, float64 
[2022-12-30 15:34:45,515 ] 85 root-INFO-Hypothesis eg_000: float64, float64 
[2022-12-30 15:34:45,533 ] 144 root-INFO-Write report in yaml file
[2022-12-30 15:34:45,602 ] 149 root-INFO-Data validation artifact: DataValidationArtifact(report_file_path='/config/workspace/artifact/12302022__153410/data_validation/report.yaml')
[2022-12-30 15:34:45,605 ] 24 root-INFO->>>>>>>>>>>>>>>>>>>>>>>>>>>>>>>>>>>>>>>> Data Transformation <<<<<<<<<<<<<<<<<<<<<<<<<<<<<<<<<<<<<<<<
[2022-12-30 15:34:46,496 ] 75 root-INFO-Before resampling in training set Input: (28950, 170) Target:(28950,)
[2022-12-30 15:34:53,238 ] 77 root-INFO-After resampling in training set Input: (56152, 170) Target:(56152,)
[2022-12-30 15:34:53,239 ] 79 root-INFO-Before resampling in testing set Input: (7238, 170) Target:(7238,)
[2022-12-30 15:34:54,013 ] 81 root-INFO-After resampling in testing set Input: (14072, 170) Target:(14072,)
[2022-12-30 15:34:54,124 ] 44 root-INFO-Entered the save_object method of utils
[2022-12-30 15:34:54,126 ] 48 root-INFO-Exited the save_object method of utils
[2022-12-30 15:34:54,127 ] 44 root-INFO-Entered the save_object method of utils
[2022-12-30 15:34:54,127 ] 48 root-INFO-Exited the save_object method of utils
[2022-12-30 15:34:54,127 ] 112 root-INFO-Data transformation object DataTransformationArtifact(transform_object_path='/config/workspace/artifact/12302022__153410/data_transformation/transformer/transformer.pkl', transformed_train_path='/config/workspace/artifact/12302022__153410/data_transformation/transformed/train.npz', transformed_test_path='/config/workspace/artifact/12302022__153410/data_transformation/transformed/test.npz', target_encoder_path='/config/workspace/artifact/12302022__153410/data_transformation/target_encoder/target_encoder.pkl')
